Mono path[0] = 'S:/games/RimWorld/RimWorldWin64_Data/Managed'
Mono config path = 'S:/games/RimWorld/MonoBleedingEdge/etc'
Initialize engine version: 2019.4.30f1 (e8c891080a1f)
[Subsystems] Discovering subsystems at path S:/games/RimWorld/RimWorldWin64_Data/UnitySubsystems
GfxDevice: creating device client; threaded=1
Direct3D:
    Version:  Direct3D 11.0 [level 11.1]
    Renderer: AMD Radeon RX 6600 (ID=0x73ff)
    Vendor:   
    VRAM:     8146 MB
    Driver:   32.0.11037.4004
Begin MonoManager ReloadAssembly
- Completed reload, in  0.044 seconds
D3D11 device created for Microsoft Media Foundation video decoding.
<RI> Initializing input.
<RI> Input initialized.
<RI> Initialized touch support.
UnloadTime: 0.748900 ms
RimWorld 1.5.4241 rev599
Mod RIMMSLoadUp is missing packageId in About.xml! (example: <packageId>AuthorName.ModName.Specific</packageId>) 
(Filename: C:\buildslave\unity\build\Runtime/Export/Debug/Debug.bindings.h Line: 39)

Mod  is missing supported versions list in About.xml! (example: <supportedVersions><li>1.0</li></supportedVersions>) 
(Filename: C:\buildslave\unity\build\Runtime/Export/Debug/Debug.bindings.h Line: 39)

Mod 2779404660 is missing packageId in About.xml! (example: <packageId>AuthorName.ModName.Specific</packageId>) 
(Filename: C:\buildslave\unity\build\Runtime/Export/Debug/Debug.bindings.h Line: 39)

Mod  is missing supported versions list in About.xml! (example: <supportedVersions><li>1.0</li></supportedVersions>) 
(Filename: C:\buildslave\unity\build\Runtime/Export/Debug/Debug.bindings.h Line: 39)

Mod 2890901044 is missing packageId in About.xml! (example: <packageId>AuthorName.ModName.Specific</packageId>) 
(Filename: C:\buildslave\unity\build\Runtime/Export/Debug/Debug.bindings.h Line: 39)

Mod  is missing supported versions list in About.xml! (example: <supportedVersions><li>1.0</li></supportedVersions>) 
(Filename: C:\buildslave\unity\build\Runtime/Export/Debug/Debug.bindings.h Line: 39)

Mod 2910194921 is missing packageId in About.xml! (example: <packageId>AuthorName.ModName.Specific</packageId>) 
(Filename: C:\buildslave\unity\build\Runtime/Export/Debug/Debug.bindings.h Line: 39)

Mod  is missing supported versions list in About.xml! (example: <supportedVersions><li>1.0</li></supportedVersions>) 
(Filename: C:\buildslave\unity\build\Runtime/Export/Debug/Debug.bindings.h Line: 39)

Mod 2910546545 is missing packageId in About.xml! (example: <packageId>AuthorName.ModName.Specific</packageId>) 
(Filename: C:\buildslave\unity\build\Runtime/Export/Debug/Debug.bindings.h Line: 39)

Mod  is missing supported versions list in About.xml! (example: <supportedVersions><li>1.0</li></supportedVersions>) 
(Filename: C:\buildslave\unity\build\Runtime/Export/Debug/Debug.bindings.h Line: 39)

Mod 2932342536 is missing packageId in About.xml! (example: <packageId>AuthorName.ModName.Specific</packageId>) 
(Filename: C:\buildslave\unity\build\Runtime/Export/Debug/Debug.bindings.h Line: 39)

Mod  is missing supported versions list in About.xml! (example: <supportedVersions><li>1.0</li></supportedVersions>) 
(Filename: C:\buildslave\unity\build\Runtime/Export/Debug/Debug.bindings.h Line: 39)

Mod 2988200826 is missing packageId in About.xml! (example: <packageId>AuthorName.ModName.Specific</packageId>) 
(Filename: C:\buildslave\unity\build\Runtime/Export/Debug/Debug.bindings.h Line: 39)

Mod  is missing supported versions list in About.xml! (example: <supportedVersions><li>1.0</li></supportedVersions>) 
(Filename: C:\buildslave\unity\build\Runtime/Export/Debug/Debug.bindings.h Line: 39)

Mod 3012190497 is missing packageId in About.xml! (example: <packageId>AuthorName.ModName.Specific</packageId>) 
(Filename: C:\buildslave\unity\build\Runtime/Export/Debug/Debug.bindings.h Line: 39)

Mod  is missing supported versions list in About.xml! (example: <supportedVersions><li>1.0</li></supportedVersions>) 
(Filename: C:\buildslave\unity\build\Runtime/Export/Debug/Debug.bindings.h Line: 39)

Mod 3014915404 is missing packageId in About.xml! (example: <packageId>AuthorName.ModName.Specific</packageId>) 
(Filename: C:\buildslave\unity\build\Runtime/Export/Debug/Debug.bindings.h Line: 39)

Mod  is missing supported versions list in About.xml! (example: <supportedVersions><li>1.0</li></supportedVersions>) 
(Filename: C:\buildslave\unity\build\Runtime/Export/Debug/Debug.bindings.h Line: 39)

Mod 3015331957 is missing packageId in About.xml! (example: <packageId>AuthorName.ModName.Specific</packageId>) 
(Filename: C:\buildslave\unity\build\Runtime/Export/Debug/Debug.bindings.h Line: 39)

Mod  is missing supported versions list in About.xml! (example: <supportedVersions><li>1.0</li></supportedVersions>) 
(Filename: C:\buildslave\unity\build\Runtime/Export/Debug/Debug.bindings.h Line: 39)

Mod 3036480100 is missing packageId in About.xml! (example: <packageId>AuthorName.ModName.Specific</packageId>) 
(Filename: C:\buildslave\unity\build\Runtime/Export/Debug/Debug.bindings.h Line: 39)

Mod  is missing supported versions list in About.xml! (example: <supportedVersions><li>1.0</li></supportedVersions>) 
(Filename: C:\buildslave\unity\build\Runtime/Export/Debug/Debug.bindings.h Line: 39)

Mod 3165277659 is missing packageId in About.xml! (example: <packageId>AuthorName.ModName.Specific</packageId>) 
(Filename: C:\buildslave\unity\build\Runtime/Export/Debug/Debug.bindings.h Line: 39)

Mod  is missing supported versions list in About.xml! (example: <supportedVersions><li>1.0</li></supportedVersions>) 
(Filename: C:\buildslave\unity\build\Runtime/Export/Debug/Debug.bindings.h Line: 39)

Mod 3217489454 is missing packageId in About.xml! (example: <packageId>AuthorName.ModName.Specific</packageId>) 
(Filename: C:\buildslave\unity\build\Runtime/Export/Debug/Debug.bindings.h Line: 39)

Mod  is missing supported versions list in About.xml! (example: <supportedVersions><li>1.0</li></supportedVersions>) 
(Filename: C:\buildslave\unity\build\Runtime/Export/Debug/Debug.bindings.h Line: 39)

Mod 3268178647 is missing packageId in About.xml! (example: <packageId>AuthorName.ModName.Specific</packageId>) 
(Filename: C:\buildslave\unity\build\Runtime/Export/Debug/Debug.bindings.h Line: 39)

Mod  is missing supported versions list in About.xml! (example: <supportedVersions><li>1.0</li></supportedVersions>) 
(Filename: C:\buildslave\unity\build\Runtime/Export/Debug/Debug.bindings.h Line: 39)

Mod 3313172730 is missing packageId in About.xml! (example: <packageId>AuthorName.ModName.Specific</packageId>) 
(Filename: C:\buildslave\unity\build\Runtime/Export/Debug/Debug.bindings.h Line: 39)

Mod  is missing supported versions list in About.xml! (example: <supportedVersions><li>1.0</li></supportedVersions>) 
(Filename: C:\buildslave\unity\build\Runtime/Export/Debug/Debug.bindings.h Line: 39)

Mod 3328968709 is missing packageId in About.xml! (example: <packageId>AuthorName.ModName.Specific</packageId>) 
(Filename: C:\buildslave\unity\build\Runtime/Export/Debug/Debug.bindings.h Line: 39)

Mod  is missing supported versions list in About.xml! (example: <supportedVersions><li>1.0</li></supportedVersions>) 
(Filename: C:\buildslave\unity\build\Runtime/Export/Debug/Debug.bindings.h Line: 39)

Mod 708455313 is missing packageId in About.xml! (example: <packageId>AuthorName.ModName.Specific</packageId>) 
(Filename: C:\buildslave\unity\build\Runtime/Export/Debug/Debug.bindings.h Line: 39)

Fallback handler could not load library S:/games/RimWorld/RimWorldWin64_Data/Mono/data-00000283C1A61290.dll
Fallback handler could not load library S:/games/RimWorld/RimWorldWin64_Data/Mono/data-00000285A019D0B0.dll
[10/23/2024 11:51:34 PM] [BetterLoading] Verifying all mods loaded properly...
[BetterLoading] Read tip cache of 184 tips from config.
[BetterLoading] Injecting into main UI.
[BetterLoading] Injected into main UI.
[HugsLib] version 11.0.4
[HugsLib] early-initializing AllowTool
Fallback handler could not load library S:/games/RimWorld/RimWorldWin64_Data/Mono/data-00000283D7F6BAD0.dll
[Interaction Bubbles v3.1] Initialized
[Dark.JobInBar] loaded
MousekinRace :: LWM's Deep Storage detected!
<color=#34e2eb>AutoTranslation</color>: Harmony patches are applied!
<color=#34e2eb>AutoTranslation</color>: List of translators: Claude, DeepL (Pro), DeepL, Gemini 1.5 Flash, Gemini 1.5 pro, Google, Current translator: Google
Failed to find Verse.ResearchProjectDef named HospitalBed. There are 0 defs of this type loaded. 
(Filename: C:\buildslave\unity\build\Runtime/Export/Debug/Debug.bindings.h Line: 39)

Failed to find Verse.ResearchProjectDef named HospitalBed. There are 0 defs of this type loaded. 
(Filename: C:\buildslave\unity\build\Runtime/Export/Debug/Debug.bindings.h Line: 39)

Failed to find Verse.ResearchProjectDef named HospitalBed. There are 0 defs of this type loaded. 
(Filename: C:\buildslave\unity\build\Runtime/Export/Debug/Debug.bindings.h Line: 39)

[WhatsMissing] Patched Dialog_BillConfig
RimSaves NX
[RimHUD v1.15.3] Initialized
DubsMintMenus v1.3.1086
[Analyzer] ==========================================================================
[Analyzer]                          Analyzer Running In Debug Mode                  
[Analyzer] ==========================================================================
[MadSkills]: settings initialized, multiplier is 0, not tiered, daily XP threshold is 4000, saturated XP multiplier is 0.2, Great Memory trait is altered.
[MadSkills]: settings initialized, multiplier is 0, not tiered, daily XP threshold is 4000, saturated XP multiplier is 0.2, Great Memory trait is altered.
[MadSkills]: settings initialized, multiplier is 0, not tiered, daily XP threshold is 4000, saturated XP multiplier is 0.2, Great Memory trait is altered.
Fallback handler could not load library S:/games/RimWorld/RimWorldWin64_Data/Mono/data-00000285A5EDD010.dll
Compat patch with Toggleable Readouts
[BetterLoading] Finished stage Initializing Mods at 11:51:39 PM.
[BetterLoading] HugsLib detected, adding HugsLib support.
[BetterLoading:HugsLib Compat] Resolved required HugsLib types as follows: Controller: HugsLib.HugsLibController / Mod Identifier (Property): ModIdentifier
[BetterLoading:HugsLib Compat] Successfully blind-patched HugsLib.
[BetterLoading] Starting stage Reading Mod Content Files.
Fallback handler could not load library S:/games/RimWorld/RimWorldWin64_Data/Mono/data-00000285A492D320.dll
Fallback handler could not load library S:/games/RimWorld/RimWorldWin64_Data/Mono/data-00000285A6405020.dll
Fallback handler could not load library S:/games/RimWorld/RimWorldWin64_Data/Mono/data-00000285A6410030.dll
Fallback handler could not load library S:/games/RimWorld/RimWorldWin64_Data/Mono/data-00000285A641D040.dll
Fallback handler could not load library S:/games/RimWorld/RimWorldWin64_Data/Mono/data-00000285A6424850.dll
GAGARIN: <color=green>StartUpStarted called!</color>
GAGARIN: <color=green>Cache found</color> 
(Filename: C:\buildslave\unity\build\Runtime/Export/Debug/Debug.bindings.h Line: 39)

b.4241:10/7/2024 12:00:00 AM:1.5.4241 rev599
b.4241:10/7/2024 12:00:00 AM:1.5.4241 rev599
b.4241:10/7/2024 12:00:00 AM:1.5.4241 rev599
b.4241:10/7/2024 12:00:00 AM:1.5.4241 rev599
ROCKETMAN:No more RocketMan <color=gray>"Log spam"</color>...
I hope you're fucking satisfied.
ReBuild: Doors and Corners 1.2-Miller-rev3
GAGARIN: Patches changed!<color=red>Apparel_MaidProject.xml</color>:<color=red>seioch.kurin.har</color> in S:\games\RimWorld\Mods\lilly\1.5\Defs\ThingDefs 
(Filename: C:\buildslave\unity\build\Runtime/Export/Debug/Debug.bindings.h Line: 39)

GAGARIN: <color=yello>Cache disabled from</color>
Gagarin.LoadableXmlAsset_Constructor_Patch:Postfix():0
MonoMod.Utils.DynamicMethodDefinition:Verse.LoadableXmlAsset..ctor_Patch1():0
Verse.DirectXmlLoader+<>c__DisplayClass1_0:<XmlAssetsInModFolder>b__0():0
Verse.GenThreading+<>c__DisplayClass8_1:<ParallelFor>b__0():0
System.Threading.QueueUserWorkItemCallback:WaitCallback_Context():0
System.Threading.ExecutionContext:RunInternal():0
System.Threading.ExecutionContext:Run():0
System.Threading.QueueUserWorkItemCallback:System.Threading.IThreadPoolWorkItem.ExecuteWorkItem():0
System.Threading.ThreadPoolWorkQueue:Dispatch():0
System.Threading._ThreadPoolWaitCallback:PerformWaitCallback():0 
(Filename: C:\buildslave\unity\build\Runtime/Export/Debug/Debug.bindings.h Line: 39)

[BetterLoading] [Enhanced XML Load] Loaded 2823 loadable assets.
[BetterLoading] Finished stage Reading Mod Content Files at 11:51:42 PM.
[BetterLoading] Starting stage Injecting Mod XML.
GAGARIN: <color=white>LoadModXML_Profiler</color> took <color=red>1.348</color> seconds 
(Filename: C:\buildslave\unity\build\Runtime/Export/Debug/Debug.bindings.h Line: 39)

GAGARIN: CombineIntoUnifiedXML has <color=red>Context.IsUsingCache=False</color> 
(Filename: C:\buildslave\unity\build\Runtime/Export/Debug/Debug.bindings.h Line: 39)

[BetterLoading] Finished stage Injecting Mod XML at 11:51:42 PM.
[BetterLoading] Starting stage Applying Patches.
GAGARIN: <color=white>CombineIntoUnifiedXML_Profiler</color> took <color=red>0.913</color> seconds 
(Filename: C:\buildslave\unity\build\Runtime/Export/Debug/Debug.bindings.h Line: 39)

GAGARIN: <color=white>TKeySystem.Parse</color> took <color=red>0.002</color> seconds 
(Filename: C:\buildslave\unity\build\Runtime/Export/Debug/Debug.bindings.h Line: 39)

Now Loading Integrated Deep Storage version 3.2.42
Vanilla Expanded Framework Found, adding filters
LWM's Deep Storage Found! Integrating it into the one and true balance.
Removed IS_WasteStorage. 1
Removed IS_TechnologicalStorage. 1
Removed IS_CardboardStorage. 1
Removed IS_IndustrialStorage. 1
Removed IS_BoxesStorage. 1
[BetterLoading] Finished stage Applying Patches at 11:51:45 PM.
[BetterLoading] Starting stage Registering Defs.
GAGARIN: <color=white>ApplyPatches_Profiler</color> took <color=red>2.551</color> seconds 
(Filename: C:\buildslave\unity\build\Runtime/Export/Debug/Debug.bindings.h Line: 39)

[BetterLoading] Finished stage Registering Defs at 11:51:45 PM.
[BetterLoading] Starting stage Constructing Defs.
GAGARIN: <color=white>XmlInheritance.Resolve</color> took <color=red>0.273</color> seconds 
(Filename: C:\buildslave\unity\build\Runtime/Export/Debug/Debug.bindings.h Line: 39)

[DSFI] Initialized
Parsed 1.5 as int. 
(Filename: C:\buildslave\unity\build\Runtime/Export/Debug/Debug.bindings.h Line: 39)

Parsed 1.5 as int. 
(Filename: C:\buildslave\unity\build\Runtime/Export/Debug/Debug.bindings.h Line: 39)

Parsed 7.2 as int. 
(Filename: C:\buildslave\unity\build\Runtime/Export/Debug/Debug.bindings.h Line: 39)

Parsed 7.2 as int. 
(Filename: C:\buildslave\unity\build\Runtime/Export/Debug/Debug.bindings.h Line: 39)

Parsed 5.5 as int. 
(Filename: C:\buildslave\unity\build\Runtime/Export/Debug/Debug.bindings.h Line: 39)

Parsed 7.2 as int. 
(Filename: C:\buildslave\unity\build\Runtime/Export/Debug/Debug.bindings.h Line: 39)

Parsed 7.2 as int. 
(Filename: C:\buildslave\unity\build\Runtime/Export/Debug/Debug.bindings.h Line: 39)

Parsed 1.2 as int. 
(Filename: C:\buildslave\unity\build\Runtime/Export/Debug/Debug.bindings.h Line: 39)

Parsed 1.2 as int. 
(Filename: C:\buildslave\unity\build\Runtime/Export/Debug/Debug.bindings.h Line: 39)

b.4241:10/7/2024 12:00:00 AM:1.5.4241 rev599
[BetterLoading] Finished stage Constructing Defs at 11:51:54 PM.
[BetterLoading] Starting stage Reloading Def Databases.
GAGARIN: <color=white>Cache created!</color> creating cache took <color=green>0 seconds</color> 
(Filename: C:\buildslave\unity\build\Runtime/Export/Debug/Debug.bindings.h Line: 39)

GAGARIN: <color=white>ParseAndProcessXML_Profiler</color> took <color=red>9.227</color> seconds 
(Filename: C:\buildslave\unity\build\Runtime/Export/Debug/Debug.bindings.h Line: 39)

GAGARIN: <color=white>ClearCachedPatches_Profiler</color> took <color=red>0</color> seconds 
(Filename: C:\buildslave\unity\build\Runtime/Export/Debug/Debug.bindings.h Line: 39)

Mod PuPa.InsectGirls has multiple KCSG.StructureLayoutDefs named IG_StructureLayoutDef_InsectGirlsHouse. Skipping. 
(Filename: C:\buildslave\unity\build\Runtime/Export/Debug/Debug.bindings.h Line: 39)

Could not resolve cross-reference: No Verse.SoundDef named Pawn_Melee_Punch_HitBuilding found to give to Verse.RaceProperties Verse.RaceProperties (using undefined sound instead) 
(Filename: C:\buildslave\unity\build\Runtime/Export/Debug/Debug.bindings.h Line: 39)

Could not resolve cross-reference: No Verse.SoundDef named Pawn_Melee_Punch_HitBuilding found to give to Verse.RaceProperties Verse.RaceProperties (using undefined sound instead) 
(Filename: C:\buildslave\unity\build\Runtime/Export/Debug/Debug.bindings.h Line: 39)

Could not resolve cross-reference: No Verse.SoundDef named Pawn_Melee_Punch_HitBuilding found to give to Verse.RaceProperties Verse.RaceProperties (using undefined sound instead) 
(Filename: C:\buildslave\unity\build\Runtime/Export/Debug/Debug.bindings.h Line: 39)

Could not resolve cross-reference: No Verse.SoundDef named Pawn_Melee_Punch_HitBuilding found to give to Verse.RaceProperties Verse.RaceProperties (using undefined sound instead) 
(Filename: C:\buildslave\unity\build\Runtime/Export/Debug/Debug.bindings.h Line: 39)

Could not resolve cross-reference: No Verse.SoundDef named Pawn_Melee_Punch_HitBuilding found to give to Verse.RaceProperties Verse.RaceProperties (using undefined sound instead) 
(Filename: C:\buildslave\unity\build\Runtime/Export/Debug/Debug.bindings.h Line: 39)

Could not resolve cross-reference: No Verse.SoundDef named Pawn_Melee_Punch_HitBuilding found to give to Verse.RaceProperties Verse.RaceProperties (using undefined sound instead) 
(Filename: C:\buildslave\unity\build\Runtime/Export/Debug/Debug.bindings.h Line: 39)

Could not resolve cross-reference: No Verse.SoundDef named Pawn_Melee_Punch_HitBuilding found to give to Verse.RaceProperties Verse.RaceProperties (using undefined sound instead) 
(Filename: C:\buildslave\unity\build\Runtime/Export/Debug/Debug.bindings.h Line: 39)

Could not resolve cross-reference: No Verse.SoundDef named Pawn_Melee_Punch_HitBuilding found to give to Verse.RaceProperties Verse.RaceProperties (using undefined sound instead) 
(Filename: C:\buildslave\unity\build\Runtime/Export/Debug/Debug.bindings.h Line: 39)

Could not resolve cross-reference: No Verse.SoundDef named Pawn_Melee_Punch_HitBuilding found to give to Verse.RaceProperties Verse.RaceProperties (using undefined sound instead) 
(Filename: C:\buildslave\unity\build\Runtime/Export/Debug/Debug.bindings.h Line: 39)

Could not resolve cross-reference: No Verse.SoundDef named Pawn_Melee_Punch_HitBuilding found to give to Verse.RaceProperties Verse.RaceProperties (using undefined sound instead) 
(Filename: C:\buildslave\unity\build\Runtime/Export/Debug/Debug.bindings.h Line: 39)

Could not resolve cross-reference: No Verse.SoundDef named Pawn_Melee_Punch_HitBuilding found to give to Verse.RaceProperties Verse.RaceProperties (using undefined sound instead) 
(Filename: C:\buildslave\unity\build\Runtime/Export/Debug/Debug.bindings.h Line: 39)

Could not resolve cross-reference: No Verse.SoundDef named Pawn_Melee_Punch_HitBuilding found to give to Verse.RaceProperties Verse.RaceProperties (using undefined sound instead) 
(Filename: C:\buildslave\unity\build\Runtime/Export/Debug/Debug.bindings.h Line: 39)

Could not resolve cross-reference: No Verse.SoundDef named Pawn_Melee_Punch_HitBuilding found to give to Verse.RaceProperties Verse.RaceProperties (using undefined sound instead) 
(Filename: C:\buildslave\unity\build\Runtime/Export/Debug/Debug.bindings.h Line: 39)

Could not resolve cross-reference: No Verse.SoundDef named Pawn_Melee_Punch_HitBuilding found to give to Verse.RaceProperties Verse.RaceProperties (using undefined sound instead) 
(Filename: C:\buildslave\unity\build\Runtime/Export/Debug/Debug.bindings.h Line: 39)

Could not resolve cross-reference: No Verse.SoundDef named Pawn_Melee_Punch_HitBuilding found to give to Verse.RaceProperties Verse.RaceProperties (using undefined sound instead) 
(Filename: C:\buildslave\unity\build\Runtime/Export/Debug/Debug.bindings.h Line: 39)

Could not resolve cross-reference: No Verse.SoundDef named Pawn_Melee_Punch_HitBuilding found to give to Verse.RaceProperties Verse.RaceProperties (using undefined sound instead) 
(Filename: C:\buildslave\unity\build\Runtime/Export/Debug/Debug.bindings.h Line: 39)

Could not resolve cross-reference: No Verse.SoundDef named Pawn_Melee_Punch_HitBuilding found to give to Verse.RaceProperties Verse.RaceProperties (using undefined sound instead) 
(Filename: C:\buildslave\unity\build\Runtime/Export/Debug/Debug.bindings.h Line: 39)

Could not resolve cross-reference: No Verse.SoundDef named Pawn_Melee_Punch_HitBuilding found to give to Verse.RaceProperties Verse.RaceProperties (using undefined sound instead) 
(Filename: C:\buildslave\unity\build\Runtime/Export/Debug/Debug.bindings.h Line: 39)

Could not resolve cross-reference: No Verse.SoundDef named Pawn_Melee_Punch_HitBuilding found to give to Verse.RaceProperties Verse.RaceProperties (using undefined sound instead) 
(Filename: C:\buildslave\unity\build\Runtime/Export/Debug/Debug.bindings.h Line: 39)

Could not resolve cross-reference: No Verse.SoundDef named Pawn_Melee_Punch_HitBuilding found to give to Verse.RaceProperties Verse.RaceProperties (using undefined sound instead) 
(Filename: C:\buildslave\unity\build\Runtime/Export/Debug/Debug.bindings.h Line: 39)

Could not resolve cross-reference: No Verse.SoundDef named Pawn_Melee_Punch_HitBuilding found to give to Verse.RaceProperties Verse.RaceProperties (using undefined sound instead) 
(Filename: C:\buildslave\unity\build\Runtime/Export/Debug/Debug.bindings.h Line: 39)

Could not resolve cross-reference: No Verse.SoundDef named Pawn_Melee_Punch_HitBuilding found to give to Verse.RaceProperties Verse.RaceProperties (using undefined sound instead) 
(Filename: C:\buildslave\unity\build\Runtime/Export/Debug/Debug.bindings.h Line: 39)

Could not resolve cross-reference: No Verse.SoundDef named Pawn_Melee_Punch_HitBuilding found to give to Verse.RaceProperties Verse.RaceProperties (using undefined sound instead) 
(Filename: C:\buildslave\unity\build\Runtime/Export/Debug/Debug.bindings.h Line: 39)

Could not resolve cross-reference: No Verse.SoundDef named Pawn_Melee_Punch_HitBuilding found to give to Verse.RaceProperties Verse.RaceProperties (using undefined sound instead) 
(Filename: C:\buildslave\unity\build\Runtime/Export/Debug/Debug.bindings.h Line: 39)

Could not resolve cross-reference: No Verse.SoundDef named Pawn_Melee_Punch_HitBuilding found to give to Verse.RaceProperties Verse.RaceProperties (using undefined sound instead) 
(Filename: C:\buildslave\unity\build\Runtime/Export/Debug/Debug.bindings.h Line: 39)

Could not resolve cross-reference: No Verse.SoundDef named Pawn_Melee_Punch_HitBuilding found to give to Verse.RaceProperties Verse.RaceProperties (using undefined sound instead) 
(Filename: C:\buildslave\unity\build\Runtime/Export/Debug/Debug.bindings.h Line: 39)

Could not resolve cross-reference: No Verse.SoundDef named Pawn_Melee_Punch_HitBuilding found to give to Verse.RaceProperties Verse.RaceProperties (using undefined sound instead) 
(Filename: C:\buildslave\unity\build\Runtime/Export/Debug/Debug.bindings.h Line: 39)

<color=#34e2eb>AutoTranslation</color>: finding untranslated Keyed...
<color=#34e2eb>AutoTranslation</color>: finding untranslated Keyed done!
Could not resolve cross-reference: No RimWorld.StatDef named PainShockThreshold.01 found to give to RimWorld.StatModifier (null stat) 
(Filename: C:\buildslave\unity\build\Runtime/Export/Debug/Debug.bindings.h Line: 39)

Could not resolve cross-reference: No RimWorld.StatDef named ResearchProject found to give to RimWorld.StatModifier (null stat) 
(Filename: C:\buildslave\unity\build\Runtime/Export/Debug/Debug.bindings.h Line: 39)

[MadSkills]: changed behavior of Great Memory trait.
[BetterLoading] Finished stage Reloading Def Databases at 11:52:10 PM.
[BetterLoading] Tips should now be available. Showing...
[BetterLoading] Starting stage Running Pre-Static-Constructor Long Events.
Config error in AP_Prefab_Bedroom_CircleOfBedrooms: description has trailing whitespace 
(Filename: C:\buildslave\unity\build\Runtime/Export/Debug/Debug.bindings.h Line: 39)

Config error in Incident_AboutMirukoAndMirukuBC: label contains illegal character(s): "[]{}". This can cause issues during grammar resolution. If this was intended, you can use the "ignoreIllegalLabelCharacterConfigError" flag. 
(Filename: C:\buildslave\unity\build\Runtime/Export/Debug/Debug.bindings.h Line: 39)

Config error in Axolotl_SwordAura_Flower: description has trailing whitespace 
(Filename: C:\buildslave\unity\build\Runtime/Export/Debug/Debug.bindings.h Line: 39)

Config error in Mousekin_WallCottage: flammable but has no hitpoints (will burn indefinitely) 
(Filename: C:\buildslave\unity\build\Runtime/Export/Debug/Debug.bindings.h Line: 39)

Config error in Mousekin_WallCottage: flammable but has no hitpoints (will burn indefinitely) 
(Filename: C:\buildslave\unity\build\Runtime/Export/Debug/Debug.bindings.h Line: 39)

Config error in Axolotl_ElectromagneticLauncher: description has leading whitespace 
(Filename: C:\buildslave\unity\build\Runtime/Export/Debug/Debug.bindings.h Line: 39)

Config error in Axolotl_ElectromagneticLauncher: description has leading whitespace 
(Filename: C:\buildslave\unity\build\Runtime/Export/Debug/Debug.bindings.h Line: 39)

Key binding conflict: MainTab_MedicalTab and Misc7 are both bound to M. 
(Filename: C:\buildslave\unity\build\Runtime/Export/Debug/Debug.bindings.h Line: 39)

Key binding conflict: Misc7 and MainTab_MedicalTab are both bound to M. 
(Filename: C:\buildslave\unity\build\Runtime/Export/Debug/Debug.bindings.h Line: 39)

[BetterLoading] Processing 15872 post-load tasks.
Tried to load duplicate UnityEngine.Texture2D with path: FilesystemFile [S:\games\RimWorld\Mods\3240011376\Textures\KurinMeowEdition\Bodies\wip.psd], Length 2374456 and internal path: KurinMeowEdition/Bodies/wip 
(Filename: C:\buildslave\unity\build\Runtime/Export/Debug/Debug.bindings.h Line: 39)

Tried to load duplicate UnityEngine.Texture2D with path: FilesystemFile [S:\games\RimWorld\Mods\3240011376\Textures\KurinMeowEdition\Item_Apperal\Spacer\bak\SpaceConstructionSuit_Child_east.psd], Length 230227 and internal path: KurinMeowEdition/Item_Apperal/Spacer/bak/SpaceConstructionSuit_Child_east 
(Filename: C:\buildslave\unity\build\Runtime/Export/Debug/Debug.bindings.h Line: 39)

Tried to load duplicate UnityEngine.Texture2D with path: FilesystemFile [S:\games\RimWorld\Mods\3240011376\Textures\KurinMeowEdition\Item_Apperal\Spacer\bak\SpaceConstructionSuit_Child_north.psd], Length 266036 and internal path: KurinMeowEdition/Item_Apperal/Spacer/bak/SpaceConstructionSuit_Child_north 
(Filename: C:\buildslave\unity\build\Runtime/Export/Debug/Debug.bindings.h Line: 39)

Tried to load duplicate UnityEngine.Texture2D with path: FilesystemFile [S:\games\RimWorld\Mods\3240011376\Textures\KurinMeowEdition\Item_Apperal\Spacer\bak\SpaceConstructionSuit_Child_south.psd], Length 259556 and internal path: KurinMeowEdition/Item_Apperal/Spacer/bak/SpaceConstructionSuit_Child_south 
(Filename: C:\buildslave\unity\build\Runtime/Export/Debug/Debug.bindings.h Line: 39)

Tried to load duplicate UnityEngine.Texture2D with path: FilesystemFile [S:\games\RimWorld\Mods\3240011376\Textures\KurinMeowEdition\Item_Apperal\Spacer\bak\SpaceConstructionSuit_Child_west.psd], Length 227900 and internal path: KurinMeowEdition/Item_Apperal/Spacer/bak/SpaceConstructionSuit_Child_west 
(Filename: C:\buildslave\unity\build\Runtime/Export/Debug/Debug.bindings.h Line: 39)

Mod Ayameduki Boss 통합 한국어 번역 did not load any content. Following load folders were used:
 
(Filename: C:\buildslave\unity\build\Runtime/Export/Debug/Debug.bindings.h Line: 39)

Mod [MIS] - 명일방주 통합 한국어 번역모드 did not load any content. Following load folders were used:
 
(Filename: C:\buildslave\unity\build\Runtime/Export/Debug/Debug.bindings.h Line: 39)

Mod Ayameduki Race 통합 한국어 번역 did not load any content. Following load folders were used:
 
(Filename: C:\buildslave\unity\build\Runtime/Export/Debug/Debug.bindings.h Line: 39)

GAGARIN: <color=white>XmlInheritance.Resolve</color> took <color=red>0.273</color> seconds 
(Filename: C:\buildslave\unity\build\Runtime/Export/Debug/Debug.bindings.h Line: 39)

Quarry:: Total 5 quarryable terrain found, processed: 사암, 화강암, 석회암, 점판암, 대리석
Texture ShoeChild has dimensions of 320 x 320, but its mask has 256 x 256. This is not supported, texture will be excluded from atlas 
(Filename: C:\buildslave\unity\build\Runtime/Export/Debug/Debug.bindings.h Line: 39)

Texture RainBoots has dimensions of 320 x 320, but its mask has 256 x 256. This is not supported, texture will be excluded from atlas 
(Filename: C:\buildslave\unity\build\Runtime/Export/Debug/Debug.bindings.h Line: 39)

Texture AttackBoots has dimensions of 320 x 320, but its mask has 256 x 256. This is not supported, texture will be excluded from atlas 
(Filename: C:\buildslave\unity\build\Runtime/Export/Debug/Debug.bindings.h Line: 39)

GAGARIN: <color=white>XmlInheritance.Resolve</color> took <color=red>0.274</color> seconds 
(Filename: C:\buildslave\unity\build\Runtime/Export/Debug/Debug.bindings.h Line: 39)

Translation data for language Korean has 45591 errors. Generate translation report for more info. 
(Filename: C:\buildslave\unity\build\Runtime/Export/Debug/Debug.bindings.h Line: 39)

<color=#34e2eb>AutoTranslation</color>: finding untranslated DefInjected...
<color=#34e2eb>AutoTranslation</color>: finding untranslated DefInjected done!
CharacterEditor v1.5.10 initializing...
updating labels for korean...
loading pawn slot content from file...
character editor instance created
checking editor settings...
restoring bodysize genes done
CharacterEditor v1.5.10 ...done
MVCF successfully applied 38 patches
[AllowTool] Applied compatibility patch for "Pick Up And Haul"
[RMK.NamesInYourLanguage] 번역된 이름: 21421 | 번역되지 않은 이름: 0 | 소요 시간: 171ms
[BetterLoading] Obtained synclock, assuming post-load actions are complete and starting static constructors.
[BetterLoading] Starting StaticConstructAll() to run class constructors without freezing the game...
[BetterLoading] Finished stage Running Pre-Static-Constructor Long Events at 11:53:43 PM.
[BetterLoading] Starting stage Executing Static Constructors.
[XML Extensions] Initialized 1 SettingsMenuDef(s) and found 0 unused key(s) from 0 mod(s)
[XML Extensions] 2549 total patches run in 2388ms, 0 failed
Alien race successfully completed 258 patches with harmony.
JP_PP: v.1.4.0 Loading..
JP_PP: Environment Patch Enabled
LWM Update: stable(ish) 1.5.0.4
LWM.DeepStorage: Making Shelf, ShelfSmall, Hopper, Mousekin_CellarOutdoor, QRY_Platform, CCPSS_NestingBox, CCPSS_MedicineCabinet, CCPSS_Crate, CCPSS_Shelf, CCPSS_LongShelf, CCPSS_Rack, CCPSS_LongRack, CCPSS_ResourceRack, CCPSS_LongResourceRack, CCPSS_Strongbox, CCPSS_LargeStrongbox, CCPSS_HDShelf, CCPSS_HDLongShelf, CCPSS_CorpseLocker, CCPSS_ChunkBin into Deep Storage
[PerishableSpoilTimeFilter] Initializing.
[KCSG] Alpha Prefabs contains 117 missing symbols. 
(Filename: C:\buildslave\unity\build\Runtime/Export/Debug/Debug.bindings.h Line: 39)

[KCSG] Vanilla Outposts Expanded: Additional Outposts contains 1 missing symbols. 
(Filename: C:\buildslave\unity\build\Runtime/Export/Debug/Debug.bindings.h Line: 39)

[KCSG] 虫娘 Insect Girls contains 1 missing symbols. 
(Filename: C:\buildslave\unity\build\Runtime/Export/Debug/Debug.bindings.h Line: 39)

[KCSG] [SS]Maid Project - lilly contains 2 missing symbols. 
(Filename: C:\buildslave\unity\build\Runtime/Export/Debug/Debug.bindings.h Line: 39)

[MarkThatPawn]: Found 20 icons for GDI
[MarkThatPawn]: Found 20 icons for Nod
[MarkThatPawn]: Found 8 icons for WOW 스타일
[MarkThatPawn]: Found 18 icons for XCOM
[MarkThatPawn]: Found 13 icons for XCOM 2
[MarkThatPawn]: Found 9 icons for XCOM 중세
[MarkThatPawn]: Found 8 icons for 군대
[MarkThatPawn]: Found 17 icons for 기술
[MarkThatPawn]: Found 13 icons for 무기
[MarkThatPawn]: Found 8 icons for 숫자
[MarkThatPawn]: Found 16 icons for 심볼
[MarkThatPawn]: Found 8 icons for 이데올로기
[MarkThatPawn]: Found 19 icons for 직업
[MarkThatPawn]: Found 370 loaded weapons, 39 explosive weapons and 27 thrown projectiles
[MarkThatPawn]: Found 977 loaded apparel, 509 armored apparel, 322 royal apparel, 34 psycast apparel, 20 enviromental protection apparel, 14 mechanator apparel and 251 basic apparel 
[MarkThatPawn]: Found 0 automatic rules defined
Mousekin Race :: Removed LWM.DeepStorage.ITab_DeepStorage_Inventory from Mousekin_CellarOutdoor
[BetterLoading] Exception occurred processing mod finalize events! Details: System.TypeInitializationException: The type initializer for 'MetallicBatteries.HarmonyPatches' threw an exception. ---> HarmonyLib.HarmonyException: Patching exception in method null ---> System.ArgumentException: Undefined target method for patch method static System.Collections.Generic.IEnumerable`1<HarmonyLib.CodeInstruction> MetallicBatteries.Building_BatteryPatch::Transpiler(System.Collections.Generic.IEnumerable`1<HarmonyLib.CodeInstruction> instructions)
[Ref 863C5FC]
 at HarmonyLib.PatchClassProcessor.PatchWithAttributes (System.Reflection.MethodBase& lastOriginal, System.Boolean unpatch) [0x00047] in <abec11463bc04855a5322a0a868aeb22>:0 
 at HarmonyLib.PatchClassProcessor.Patch () [0x0006e] in <abec11463bc04855a5322a0a868aeb22>:0 
   --- End of inner exception stack trace ---
[Ref 88AD62BA]
 at HarmonyLib.PatchClassProcessor.ReportException (System.Exception exception, System.Reflection.MethodBase original) [0x00154] in <abec11463bc04855a5322a0a868aeb22>:0 
 at HarmonyLib.PatchClassProcessor.Patch () [0x000a0] in <abec11463bc04855a5322a0a868aeb22>:0 
 at HarmonyLib.Harmony.<PatchAll>b__10_0 (System.Type type) [0x00007] in <abec11463bc04855a5322a0a868aeb22>:0 
 at HarmonyLib.CollectionExtensions.Do[T] (System.Collections.Generic.IEnumerable`1[T] sequence, System.Action`1[T] action) [0x00014] in <abec11463bc04855a5322a0a868aeb22>:0 
 at HarmonyLib.Harmony.PatchAll (System.Reflection.Assembly assembly) [0x00006] in <abec11463bc04855a5322a0a868aeb22>:0 
 at <0x28921bfe760 + 0x00072> <unknown method>
   --- End of inner exception stack trace ---
[Ref 471D2E20]
 at (wrapper managed-to-native) System.Runtime.CompilerServices.RuntimeHelpers.RunClassConstructor(intptr)
 at System.Runtime.CompilerServices.RuntimeHelpers.RunClassConstructor (System.RuntimeTypeHandle type) [0x0002a] in <eae584ce26bc40229c1b1aa476bfa589>:0 
 at BetterLoading.Stage.InitialLoad.StageRunStaticCctors+<StaticConstructAll>d__16.MoveNext () [0x000b5] in <03b09c49f623401a8692066713336a12>:0  
(Filename: C:\buildslave\unity\build\Runtime/Export/Debug/Debug.bindings.h Line: 39)

NepSmallerTurbines Loaded
NepSmallerTurbines Setting Value of Tweakable RimWorld.CompPowerPlantWind BladeWidth to 4
[TradeHelper] Loaded.
[Map Designer for 1.4] Initializing.... 
[Map Designer] Finding biomes...
[Map Designer] Applying settings
[Map Designer] Terrain settings: fertility: 20 | Water 20
NepYeetIt Loaded
checking WorkGiver_DoBill.StartOrResumeBillJob for other harmony patches
could not find original method through ReflectedType or TypeByName(WorkGiver_DoBill), continuing
checking Pawn_JobTracker.TryFindAndStartJob for other harmony patches
could not find original method through ReflectedType or TypeByName(Pawn_JobTracker), continuing
checking Pawn.TickRare for other harmony patches
TKS_PriorityTreatment: Patching finished
[Assign Animal Food v1.5.1] Initialized
<color=#34e2eb>AutoTranslation</color>: Translator test: Hello, World! => 안녕하세요, 월드!
<color=#34e2eb>AutoTranslation</color>: Elapsed time during loading: 7739ms, untranslated defInjections: 6194, untranslated keyeds: 989
Table Diner did not find Common Sense.
[Utility Columns] - Patching...
Wall Light: v1.5.8874.26767
PickUpAndHaul v1.1.2¼ welcomes you to RimWorld with pointless logspam.
Medical Tab :: Tag Mirrored is not associated with any pawnCapacity. This may be intentional. For modders; if the tag defName contains the capacity defName the two will be linked. 
(Filename: C:\buildslave\unity\build\Runtime/Export/Debug/Debug.bindings.h Line: 39)

Medical Tab :: Tag SurivalUse is not associated with any pawnCapacity. This may be intentional. For modders; if the tag defName contains the capacity defName the two will be linked. 
(Filename: C:\buildslave\unity\build\Runtime/Export/Debug/Debug.bindings.h Line: 39)

[GiverTheColonyHelper] Ver 1606
[DeviceStandby] 55 buildings are standbyable
[DeviceStandby] 36 buildings changed from tick Never to Rare
[TrueTerrainColors v1.12.17] Loaded cached true colors for 390 terrain defs from file.
[FieldMedic] patched get_BleedRate for Verse.Hediff_Injury
[FieldMedic] patched get_BleedRate for Verse.Hediff_MissingPart
[FieldMedic] inited
[PawnsChooseResearch]: Generated research-category for 226 research projects
[PrepareLanding] MonoController Initialization
[PrepareLanding] MonoController Start
[PrepareLanding] OnDefsLoaded
[PrepareLanding] Manual Patching: Page_CreateWorldParams_CanDoNext
[PrepareLanding] PatchCreateWorldParams.Page_CreateWorldParams_CanDoNext - patch done: True
[PrepareLanding] Preset folder is at: C:/Users/<redacted>/AppData/LocalLow/Ludeon Studios/RimWorld by Ludeon Studios\PrepareLanding
[PrepareLanding] Preset template folder is at: S:\games\RimWorld\Mods\3221125358\Presets
[PrepareLanding] WorldLayerBehaviour Static Initialization
[PrepareLanding] WorldLayerBehaviour Start
[katana.scenarioamender] Loaded
<color=#297de3>[Stuff on Tables Forked]</color> v2.6.1
GAGARIN: <color=green>StartUpFinished called!</color>
[BetterLoading] Finished calling static constructors at 11:54:06 PM.
[BetterLoading] Finished stage Executing Static Constructors at 11:54:17 PM.
[BetterLoading] Starting stage Running Post-Static-Constructor Long Events.
[BetterLoading] Processing 612 post-finalize tasks.
[Geological Landforms v1.7] Found landform data in the following mods: Geological Landforms
[Geological Landforms v1.7] Loaded 44 landforms of which 0 are edited and 0 are custom.
[BetterLoading] Finished stage Running Post-Static-Constructor Long Events at 11:54:23 PM.
[BetterLoading] Starting stage Initializing HugsLib.
[HugsLib][ERR] Quickstart aborted: errors detected in log 
(Filename: C:\buildslave\unity\build\Runtime/Export/Debug/Debug.bindings.h Line: 39)

[HugsLib] initializing me.lubar.BlueprintMaterialDebt, BlueprintTotalsTooltip, StackXXL, StackableChunks, RoomSense, ChangeMapEdge
[BetterLoading:HugsLib Compat] HugsLib has enumerated child mods, it has found 7 of them.
[StackXXL] Loaded
[StackableChunks] Chunk Stacks set too: 400
[StackableChunks] Slag Stacks set too: 400
[BetterLoading:HugsLib Compat] HugsLib has Loaded, Reloaded, and Initialized. Marking as done.
[BetterLoading] Finished processing load list, hiding.
[BetterLoading] Game load has finished. Timing data follows:
Spent 10840.4793ms reading, building, and patching XML tree.
Spent 8725.159ms turning XML into def instances.
Spent 109517.8605ms resolving cross-references and running post-load, pre-finalize callbacks.
Spent 35062.6216ms running static constructors (initializing mods).
Spent 4856.8502ms running post-finalize callbacks.
In total, spent 169264.0322ms launching the game.
[BetterLoading] Obtained lock, assuming we're done with post-finalize.
CE is trying to create default parameter lists ...
creating default parameter list for genes...
267 default entities for genes created
creating default parameter list for objects...
3367 default entities for objects created
creating default parameter list for turrets...
42 default entities for turrets created
...lists created
CE is trying to apply modified parameters...
no modifications for genes
no modifications for objects
no modifications for lifestages
...done
Starting patches: 2283 - 10/23/2024 11:54:36 PM
<color=#34e2eb>AutoTranslation</color>: Translation cache saved to your disk. translated: 7888
Finished transpiling 2283 methods - 10/23/2024 11:55:07 PM
Could not load reference to Verse.ResearchProjectDef named Axolotl_BaseResearch 
(Filename: C:\buildslave\unity\build\Runtime/Export/Debug/Debug.bindings.h Line: 39)

Could not load reference to Verse.ResearchProjectDef named Axolotl_BaseSmith 
(Filename: C:\buildslave\unity\build\Runtime/Export/Debug/Debug.bindings.h Line: 39)

Could not load reference to Verse.ResearchProjectDef named Axolotl_AdvancedSmith 
(Filename: C:\buildslave\unity\build\Runtime/Export/Debug/Debug.bindings.h Line: 39)

Could not load reference to Verse.ResearchProjectDef named Axolotl_HeavenlyTopArmor 
(Filename: C:\buildslave\unity\build\Runtime/Export/Debug/Debug.bindings.h Line: 39)

Could not load reference to Verse.ResearchProjectDef named Axolotl_Alchemy 
(Filename: C:\buildslave\unity\build\Runtime/Export/Debug/Debug.bindings.h Line: 39)

Could not load reference to Verse.ResearchProjectDef named Axolotl_Plant 
(Filename: C:\buildslave\unity\build\Runtime/Export/Debug/Debug.bindings.h Line: 39)

Could not load reference to Verse.ResearchProjectDef named Axolotl_Textile 
(Filename: C:\buildslave\unity\build\Runtime/Export/Debug/Debug.bindings.h Line: 39)

Could not load reference to Verse.ResearchProjectDef named Axolotl_AdvancedTextile 
(Filename: C:\buildslave\unity\build\Runtime/Export/Debug/Debug.bindings.h Line: 39)

Some ScenParts had null defs. 
(Filename: C:\buildslave\unity\build\Runtime/Export/Debug/Debug.bindings.h Line: 39)

Could not load reference to Verse.ResearchProjectDef named Axolotl_BaseResearch 
(Filename: C:\buildslave\unity\build\Runtime/Export/Debug/Debug.bindings.h Line: 39)

Could not load reference to Verse.ResearchProjectDef named Axolotl_BaseSmith 
(Filename: C:\buildslave\unity\build\Runtime/Export/Debug/Debug.bindings.h Line: 39)

Could not load reference to Verse.ResearchProjectDef named Axolotl_AdvancedSmith 
(Filename: C:\buildslave\unity\build\Runtime/Export/Debug/Debug.bindings.h Line: 39)

Could not load reference to Verse.ResearchProjectDef named Axolotl_HeavenlyTopArmor 
(Filename: C:\buildslave\unity\build\Runtime/Export/Debug/Debug.bindings.h Line: 39)

Could not load reference to Verse.ResearchProjectDef named Axolotl_Alchemy 
(Filename: C:\buildslave\unity\build\Runtime/Export/Debug/Debug.bindings.h Line: 39)

Could not load reference to Verse.ResearchProjectDef named Axolotl_Plant 
(Filename: C:\buildslave\unity\build\Runtime/Export/Debug/Debug.bindings.h Line: 39)

Could not load reference to Verse.ResearchProjectDef named Axolotl_Textile 
(Filename: C:\buildslave\unity\build\Runtime/Export/Debug/Debug.bindings.h Line: 39)

Could not load reference to Verse.ResearchProjectDef named Axolotl_AdvancedTextile 
(Filename: C:\buildslave\unity\build\Runtime/Export/Debug/Debug.bindings.h Line: 39)

Some ScenParts had null defs. 
(Filename: C:\buildslave\unity\build\Runtime/Export/Debug/Debug.bindings.h Line: 39)

Could not load reference to Verse.ResearchProjectDef named Axolotl_BaseResearch 
(Filename: C:\buildslave\unity\build\Runtime/Export/Debug/Debug.bindings.h Line: 39)

Could not load reference to Verse.ResearchProjectDef named Axolotl_BaseSmith 
(Filename: C:\buildslave\unity\build\Runtime/Export/Debug/Debug.bindings.h Line: 39)

Could not load reference to Verse.ResearchProjectDef named Axolotl_AdvancedSmith 
(Filename: C:\buildslave\unity\build\Runtime/Export/Debug/Debug.bindings.h Line: 39)

Could not load reference to Verse.ResearchProjectDef named Axolotl_HeavenlyTopArmor 
(Filename: C:\buildslave\unity\build\Runtime/Export/Debug/Debug.bindings.h Line: 39)

Could not load reference to Verse.ResearchProjectDef named Axolotl_Alchemy 
(Filename: C:\buildslave\unity\build\Runtime/Export/Debug/Debug.bindings.h Line: 39)

Could not load reference to Verse.ResearchProjectDef named Axolotl_Plant 
(Filename: C:\buildslave\unity\build\Runtime/Export/Debug/Debug.bindings.h Line: 39)

Could not load reference to Verse.ResearchProjectDef named Axolotl_Textile 
(Filename: C:\buildslave\unity\build\Runtime/Export/Debug/Debug.bindings.h Line: 39)

Could not load reference to Verse.ResearchProjectDef named Axolotl_AdvancedTextile 
(Filename: C:\buildslave\unity\build\Runtime/Export/Debug/Debug.bindings.h Line: 39)

Some ScenParts had null defs. 
(Filename: C:\buildslave\unity\build\Runtime/Export/Debug/Debug.bindings.h Line: 39)

Could not load reference to Verse.ResearchProjectDef named Axolotl_HeavenlyTopArmor 
(Filename: C:\buildslave\unity\build\Runtime/Export/Debug/Debug.bindings.h Line: 39)

Some ScenParts had null defs. 
(Filename: C:\buildslave\unity\build\Runtime/Export/Debug/Debug.bindings.h Line: 39)

Could not load reference to Verse.ResearchProjectDef named Axolotl_HeavenlyTopArmor 
(Filename: C:\buildslave\unity\build\Runtime/Export/Debug/Debug.bindings.h Line: 39)

Some ScenParts had null defs. 
(Filename: C:\buildslave\unity\build\Runtime/Export/Debug/Debug.bindings.h Line: 39)

BA_Athletic found no data at degree 1, returning first defined. 
(Filename: C:\buildslave\unity\build\Runtime/Export/Debug/Debug.bindings.h Line: 39)

BA_Bookworm found no data at degree 1, returning first defined. 
(Filename: C:\buildslave\unity\build\Runtime/Export/Debug/Debug.bindings.h Line: 39)

BA_Contradictory found no data at degree 1, returning first defined. 
(Filename: C:\buildslave\unity\build\Runtime/Export/Debug/Debug.bindings.h Line: 39)

BA_CultureEnthusiast found no data at degree 1, returning first defined. 
(Filename: C:\buildslave\unity\build\Runtime/Export/Debug/Debug.bindings.h Line: 39)

BA_GameManiac found no data at degree 1, returning first defined. 
(Filename: C:\buildslave\unity\build\Runtime/Export/Debug/Debug.bindings.h Line: 39)

BA_Generous found no data at degree 1, returning first defined. 
(Filename: C:\buildslave\unity\build\Runtime/Export/Debug/Debug.bindings.h Line: 39)

BA_Gourmet found no data at degree 1, returning first defined. 
(Filename: C:\buildslave\unity\build\Runtime/Export/Debug/Debug.bindings.h Line: 39)

BA_HealthConscious found no data at degree 1, returning first defined. 
(Filename: C:\buildslave\unity\build\Runtime/Export/Debug/Debug.bindings.h Line: 39)

BA_Mascot found no data at degree 1, returning first defined. 
(Filename: C:\buildslave\unity\build\Runtime/Export/Debug/Debug.bindings.h Line: 39)

BA_MathGenius found no data at degree 1, returning first defined. 
(Filename: C:\buildslave\unity\build\Runtime/Export/Debug/Debug.bindings.h Line: 39)

BA_Prodigy found no data at degree 1, returning first defined. 
(Filename: C:\buildslave\unity\build\Runtime/Export/Debug/Debug.bindings.h Line: 39)

BA_Scholar found no data at degree 1, returning first defined. 
(Filename: C:\buildslave\unity\build\Runtime/Export/Debug/Debug.bindings.h Line: 39)

BA_Serious found no data at degree 1, returning first defined. 
(Filename: C:\buildslave\unity\build\Runtime/Export/Debug/Debug.bindings.h Line: 39)

BA_TeamPlayer found no data at degree 1, returning first defined. 
(Filename: C:\buildslave\unity\build\Runtime/Export/Debug/Debug.bindings.h Line: 39)

BodyMastery found no data at degree 2, returning first defined. 
(Filename: C:\buildslave\unity\build\Runtime/Export/Debug/Debug.bindings.h Line: 39)

FastLearner found no data at degree 2, returning first defined. 
(Filename: C:\buildslave\unity\build\Runtime/Export/Debug/Debug.bindings.h Line: 39)

GreatMemory found no data at degree 2, returning first defined. 
(Filename: C:\buildslave\unity\build\Runtime/Export/Debug/Debug.bindings.h Line: 39)

Immunity found no data at degree 2, returning first defined. 
(Filename: C:\buildslave\unity\build\Runtime/Export/Debug/Debug.bindings.h Line: 39)

Joyous found no data at degree 2, returning first defined. 
(Filename: C:\buildslave\unity\build\Runtime/Export/Debug/Debug.bindings.h Line: 39)

KittyValor found no data at degree 2, returning first defined. 
(Filename: C:\buildslave\unity\build\Runtime/Export/Debug/Debug.bindings.h Line: 39)

Nimble found no data at degree 2, returning first defined. 
(Filename: C:\buildslave\unity\build\Runtime/Export/Debug/Debug.bindings.h Line: 39)

Occultist found no data at degree 2, returning first defined. 
(Filename: C:\buildslave\unity\build\Runtime/Export/Debug/Debug.bindings.h Line: 39)

PerfectMemory found no data at degree 2, returning first defined. 
(Filename: C:\buildslave\unity\build\Runtime/Export/Debug/Debug.bindings.h Line: 39)

QuickSleeper found no data at degree 2, returning first defined. 
(Filename: C:\buildslave\unity\build\Runtime/Export/Debug/Debug.bindings.h Line: 39)

SharpEye found no data at degree 2, returning first defined. 
(Filename: C:\buildslave\unity\build\Runtime/Export/Debug/Debug.bindings.h Line: 39)

SingleTailFox found no data at degree 2, returning first defined. 
(Filename: C:\buildslave\unity\build\Runtime/Export/Debug/Debug.bindings.h Line: 39)

Tough found no data at degree 2, returning first defined. 
(Filename: C:\buildslave\unity\build\Runtime/Export/Debug/Debug.bindings.h Line: 39)

ToxicResistance found no data at degree 2, returning first defined. 
(Filename: C:\buildslave\unity\build\Runtime/Export/Debug/Debug.bindings.h Line: 39)

YR_BeautifulVoice found no data at degree 2, returning first defined. 
(Filename: C:\buildslave\unity\build\Runtime/Export/Debug/Debug.bindings.h Line: 39)

BA_Athletic found no data at degree 1, returning first defined. 
(Filename: C:\buildslave\unity\build\Runtime/Export/Debug/Debug.bindings.h Line: 39)

BA_Bookworm found no data at degree 1, returning first defined. 
(Filename: C:\buildslave\unity\build\Runtime/Export/Debug/Debug.bindings.h Line: 39)

BA_Contradictory found no data at degree 1, returning first defined. 
(Filename: C:\buildslave\unity\build\Runtime/Export/Debug/Debug.bindings.h Line: 39)

BA_CultureEnthusiast found no data at degree 1, returning first defined. 
(Filename: C:\buildslave\unity\build\Runtime/Export/Debug/Debug.bindings.h Line: 39)

BA_GameManiac found no data at degree 1, returning first defined. 
(Filename: C:\buildslave\unity\build\Runtime/Export/Debug/Debug.bindings.h Line: 39)

BA_Generous found no data at degree 1, returning first defined. 
(Filename: C:\buildslave\unity\build\Runtime/Export/Debug/Debug.bindings.h Line: 39)

BA_Gourmet found no data at degree 1, returning first defined. 
(Filename: C:\buildslave\unity\build\Runtime/Export/Debug/Debug.bindings.h Line: 39)

BA_HealthConscious found no data at degree 1, returning first defined. 
(Filename: C:\buildslave\unity\build\Runtime/Export/Debug/Debug.bindings.h Line: 39)

BA_Mascot found no data at degree 1, returning first defined. 
(Filename: C:\buildslave\unity\build\Runtime/Export/Debug/Debug.bindings.h Line: 39)

BA_MathGenius found no data at degree 1, returning first defined. 
(Filename: C:\buildslave\unity\build\Runtime/Export/Debug/Debug.bindings.h Line: 39)

BA_Prodigy found no data at degree 1, returning first defined. 
(Filename: C:\buildslave\unity\build\Runtime/Export/Debug/Debug.bindings.h Line: 39)

BA_Scholar found no data at degree 1, returning first defined. 
(Filename: C:\buildslave\unity\build\Runtime/Export/Debug/Debug.bindings.h Line: 39)

BA_Serious found no data at degree 1, returning first defined. 
(Filename: C:\buildslave\unity\build\Runtime/Export/Debug/Debug.bindings.h Line: 39)

BA_TeamPlayer found no data at degree 1, returning first defined. 
(Filename: C:\buildslave\unity\build\Runtime/Export/Debug/Debug.bindings.h Line: 39)

BodyMastery found no data at degree 2, returning first defined. 
(Filename: C:\buildslave\unity\build\Runtime/Export/Debug/Debug.bindings.h Line: 39)

FastLearner found no data at degree 2, returning first defined. 
(Filename: C:\buildslave\unity\build\Runtime/Export/Debug/Debug.bindings.h Line: 39)

GreatMemory found no data at degree 2, returning first defined. 
(Filename: C:\buildslave\unity\build\Runtime/Export/Debug/Debug.bindings.h Line: 39)

Immunity found no data at degree 2, returning first defined. 
(Filename: C:\buildslave\unity\build\Runtime/Export/Debug/Debug.bindings.h Line: 39)

Joyous found no data at degree 2, returning first defined. 
(Filename: C:\buildslave\unity\build\Runtime/Export/Debug/Debug.bindings.h Line: 39)

KittyValor found no data at degree 2, returning first defined. 
(Filename: C:\buildslave\unity\build\Runtime/Export/Debug/Debug.bindings.h Line: 39)

Nimble found no data at degree 2, returning first defined. 
(Filename: C:\buildslave\unity\build\Runtime/Export/Debug/Debug.bindings.h Line: 39)

Occultist found no data at degree 2, returning first defined. 
(Filename: C:\buildslave\unity\build\Runtime/Export/Debug/Debug.bindings.h Line: 39)

PerfectMemory found no data at degree 2, returning first defined. 
(Filename: C:\buildslave\unity\build\Runtime/Export/Debug/Debug.bindings.h Line: 39)

QuickSleeper found no data at degree 2, returning first defined. 
(Filename: C:\buildslave\unity\build\Runtime/Export/Debug/Debug.bindings.h Line: 39)

SharpEye found no data at degree 2, returning first defined. 
(Filename: C:\buildslave\unity\build\Runtime/Export/Debug/Debug.bindings.h Line: 39)

SingleTailFox found no data at degree 2, returning first defined. 
(Filename: C:\buildslave\unity\build\Runtime/Export/Debug/Debug.bindings.h Line: 39)

Tough found no data at degree 2, returning first defined. 
(Filename: C:\buildslave\unity\build\Runtime/Export/Debug/Debug.bindings.h Line: 39)

ToxicResistance found no data at degree 2, returning first defined. 
(Filename: C:\buildslave\unity\build\Runtime/Export/Debug/Debug.bindings.h Line: 39)

YR_BeautifulVoice found no data at degree 2, returning first defined. 
(Filename: C:\buildslave\unity\build\Runtime/Export/Debug/Debug.bindings.h Line: 39)

BA_Athletic found no data at degree 1, returning first defined. 
(Filename: C:\buildslave\unity\build\Runtime/Export/Debug/Debug.bindings.h Line: 39)

BA_Bookworm found no data at degree 1, returning first defined. 
(Filename: C:\buildslave\unity\build\Runtime/Export/Debug/Debug.bindings.h Line: 39)

BA_Contradictory found no data at degree 1, returning first defined. 
(Filename: C:\buildslave\unity\build\Runtime/Export/Debug/Debug.bindings.h Line: 39)

BA_CultureEnthusiast found no data at degree 1, returning first defined. 
(Filename: C:\buildslave\unity\build\Runtime/Export/Debug/Debug.bindings.h Line: 39)

BA_GameManiac found no data at degree 1, returning first defined. 
(Filename: C:\buildslave\unity\build\Runtime/Export/Debug/Debug.bindings.h Line: 39)

BA_Generous found no data at degree 1, returning first defined. 
(Filename: C:\buildslave\unity\build\Runtime/Export/Debug/Debug.bindings.h Line: 39)

BA_Gourmet found no data at degree 1, returning first defined. 
(Filename: C:\buildslave\unity\build\Runtime/Export/Debug/Debug.bindings.h Line: 39)

BA_HealthConscious found no data at degree 1, returning first defined. 
(Filename: C:\buildslave\unity\build\Runtime/Export/Debug/Debug.bindings.h Line: 39)

BA_Mascot found no data at degree 1, returning first defined. 
(Filename: C:\buildslave\unity\build\Runtime/Export/Debug/Debug.bindings.h Line: 39)

BA_MathGenius found no data at degree 1, returning first defined. 
(Filename: C:\buildslave\unity\build\Runtime/Export/Debug/Debug.bindings.h Line: 39)

BA_Prodigy found no data at degree 1, returning first defined. 
(Filename: C:\buildslave\unity\build\Runtime/Export/Debug/Debug.bindings.h Line: 39)

BA_Scholar found no data at degree 1, returning first defined. 
(Filename: C:\buildslave\unity\build\Runtime/Export/Debug/Debug.bindings.h Line: 39)

BA_Serious found no data at degree 1, returning first defined. 
(Filename: C:\buildslave\unity\build\Runtime/Export/Debug/Debug.bindings.h Line: 39)

BA_TeamPlayer found no data at degree 1, returning first defined. 
(Filename: C:\buildslave\unity\build\Runtime/Export/Debug/Debug.bindings.h Line: 39)

BodyMastery found no data at degree 2, returning first defined. 
(Filename: C:\buildslave\unity\build\Runtime/Export/Debug/Debug.bindings.h Line: 39)

FastLearner found no data at degree 2, returning first defined. 
(Filename: C:\buildslave\unity\build\Runtime/Export/Debug/Debug.bindings.h Line: 39)

GreatMemory found no data at degree 2, returning first defined. 
(Filename: C:\buildslave\unity\build\Runtime/Export/Debug/Debug.bindings.h Line: 39)

Immunity found no data at degree 2, returning first defined. 
(Filename: C:\buildslave\unity\build\Runtime/Export/Debug/Debug.bindings.h Line: 39)

Joyous found no data at degree 2, returning first defined. 
(Filename: C:\buildslave\unity\build\Runtime/Export/Debug/Debug.bindings.h Line: 39)

KittyValor found no data at degree 2, returning first defined. 
(Filename: C:\buildslave\unity\build\Runtime/Export/Debug/Debug.bindings.h Line: 39)

Nimble found no data at degree 2, returning first defined. 
(Filename: C:\buildslave\unity\build\Runtime/Export/Debug/Debug.bindings.h Line: 39)

Occultist found no data at degree 2, returning first defined. 
(Filename: C:\buildslave\unity\build\Runtime/Export/Debug/Debug.bindings.h Line: 39)

PerfectMemory found no data at degree 2, returning first defined. 
(Filename: C:\buildslave\unity\build\Runtime/Export/Debug/Debug.bindings.h Line: 39)

QuickSleeper found no data at degree 2, returning first defined. 
(Filename: C:\buildslave\unity\build\Runtime/Export/Debug/Debug.bindings.h Line: 39)

SharpEye found no data at degree 2, returning first defined. 
(Filename: C:\buildslave\unity\build\Runtime/Export/Debug/Debug.bindings.h Line: 39)

SingleTailFox found no data at degree 2, returning first defined. 
(Filename: C:\buildslave\unity\build\Runtime/Export/Debug/Debug.bindings.h Line: 39)

Tough found no data at degree 2, returning first defined. 
(Filename: C:\buildslave\unity\build\Runtime/Export/Debug/Debug.bindings.h Line: 39)

ToxicResistance found no data at degree 2, returning first defined. 
(Filename: C:\buildslave\unity\build\Runtime/Export/Debug/Debug.bindings.h Line: 39)

YR_BeautifulVoice found no data at degree 2, returning first defined. 
(Filename: C:\buildslave\unity\build\Runtime/Export/Debug/Debug.bindings.h Line: 39)

BA_Athletic found no data at degree 1, returning first defined. 
(Filename: C:\buildslave\unity\build\Runtime/Export/Debug/Debug.bindings.h Line: 39)

BA_Bookworm found no data at degree 1, returning first defined. 
(Filename: C:\buildslave\unity\build\Runtime/Export/Debug/Debug.bindings.h Line: 39)

BA_Contradictory found no data at degree 1, returning first defined. 
(Filename: C:\buildslave\unity\build\Runtime/Export/Debug/Debug.bindings.h Line: 39)

BA_CultureEnthusiast found no data at degree 1, returning first defined. 
(Filename: C:\buildslave\unity\build\Runtime/Export/Debug/Debug.bindings.h Line: 39)

BA_GameManiac found no data at degree 1, returning first defined. 
(Filename: C:\buildslave\unity\build\Runtime/Export/Debug/Debug.bindings.h Line: 39)

BA_Generous found no data at degree 1, returning first defined. 
(Filename: C:\buildslave\unity\build\Runtime/Export/Debug/Debug.bindings.h Line: 39)

BA_Gourmet found no data at degree 1, returning first defined. 
(Filename: C:\buildslave\unity\build\Runtime/Export/Debug/Debug.bindings.h Line: 39)

BA_HealthConscious found no data at degree 1, returning first defined. 
(Filename: C:\buildslave\unity\build\Runtime/Export/Debug/Debug.bindings.h Line: 39)

BA_Mascot found no data at degree 1, returning first defined. 
(Filename: C:\buildslave\unity\build\Runtime/Export/Debug/Debug.bindings.h Line: 39)

BA_MathGenius found no data at degree 1, returning first defined. 
(Filename: C:\buildslave\unity\build\Runtime/Export/Debug/Debug.bindings.h Line: 39)

BA_Prodigy found no data at degree 1, returning first defined. 
(Filename: C:\buildslave\unity\build\Runtime/Export/Debug/Debug.bindings.h Line: 39)

BA_Scholar found no data at degree 1, returning first defined. 
(Filename: C:\buildslave\unity\build\Runtime/Export/Debug/Debug.bindings.h Line: 39)

BA_Serious found no data at degree 1, returning first defined. 
(Filename: C:\buildslave\unity\build\Runtime/Export/Debug/Debug.bindings.h Line: 39)

BA_TeamPlayer found no data at degree 1, returning first defined. 
(Filename: C:\buildslave\unity\build\Runtime/Export/Debug/Debug.bindings.h Line: 39)

BodyMastery found no data at degree 2, returning first defined. 
(Filename: C:\buildslave\unity\build\Runtime/Export/Debug/Debug.bindings.h Line: 39)

FastLearner found no data at degree 2, returning first defined. 
(Filename: C:\buildslave\unity\build\Runtime/Export/Debug/Debug.bindings.h Line: 39)

GreatMemory found no data at degree 2, returning first defined. 
(Filename: C:\buildslave\unity\build\Runtime/Export/Debug/Debug.bindings.h Line: 39)

Immunity found no data at degree 2, returning first defined. 
(Filename: C:\buildslave\unity\build\Runtime/Export/Debug/Debug.bindings.h Line: 39)

Joyous found no data at degree 2, returning first defined. 
(Filename: C:\buildslave\unity\build\Runtime/Export/Debug/Debug.bindings.h Line: 39)

KittyValor found no data at degree 2, returning first defined. 
(Filename: C:\buildslave\unity\build\Runtime/Export/Debug/Debug.bindings.h Line: 39)

Nimble found no data at degree 2, returning first defined. 
(Filename: C:\buildslave\unity\build\Runtime/Export/Debug/Debug.bindings.h Line: 39)

Occultist found no data at degree 2, returning first defined. 
(Filename: C:\buildslave\unity\build\Runtime/Export/Debug/Debug.bindings.h Line: 39)

PerfectMemory found no data at degree 2, returning first defined. 
(Filename: C:\buildslave\unity\build\Runtime/Export/Debug/Debug.bindings.h Line: 39)

QuickSleeper found no data at degree 2, returning first defined. 
(Filename: C:\buildslave\unity\build\Runtime/Export/Debug/Debug.bindings.h Line: 39)

SharpEye found no data at degree 2, returning first defined. 
(Filename: C:\buildslave\unity\build\Runtime/Export/Debug/Debug.bindings.h Line: 39)

SingleTailFox found no data at degree 2, returning first defined. 
(Filename: C:\buildslave\unity\build\Runtime/Export/Debug/Debug.bindings.h Line: 39)

Tough found no data at degree 2, returning first defined. 
(Filename: C:\buildslave\unity\build\Runtime/Export/Debug/Debug.bindings.h Line: 39)

ToxicResistance found no data at degree 2, returning first defined. 
(Filename: C:\buildslave\unity\build\Runtime/Export/Debug/Debug.bindings.h Line: 39)

YR_BeautifulVoice found no data at degree 2, returning first defined. 
(Filename: C:\buildslave\unity\build\Runtime/Export/Debug/Debug.bindings.h Line: 39)

BA_Athletic found no data at degree 1, returning first defined. 
(Filename: C:\buildslave\unity\build\Runtime/Export/Debug/Debug.bindings.h Line: 39)

BA_Bookworm found no data at degree 1, returning first defined. 
(Filename: C:\buildslave\unity\build\Runtime/Export/Debug/Debug.bindings.h Line: 39)

BA_Contradictory found no data at degree 1, returning first defined. 
(Filename: C:\buildslave\unity\build\Runtime/Export/Debug/Debug.bindings.h Line: 39)

BA_CultureEnthusiast found no data at degree 1, returning first defined. 
(Filename: C:\buildslave\unity\build\Runtime/Export/Debug/Debug.bindings.h Line: 39)

BA_GameManiac found no data at degree 1, returning first defined. 
(Filename: C:\buildslave\unity\build\Runtime/Export/Debug/Debug.bindings.h Line: 39)

BA_Generous found no data at degree 1, returning first defined. 
(Filename: C:\buildslave\unity\build\Runtime/Export/Debug/Debug.bindings.h Line: 39)

BA_Gourmet found no data at degree 1, returning first defined. 
(Filename: C:\buildslave\unity\build\Runtime/Export/Debug/Debug.bindings.h Line: 39)

BA_HealthConscious found no data at degree 1, returning first defined. 
(Filename: C:\buildslave\unity\build\Runtime/Export/Debug/Debug.bindings.h Line: 39)

BA_Mascot found no data at degree 1, returning first defined. 
(Filename: C:\buildslave\unity\build\Runtime/Export/Debug/Debug.bindings.h Line: 39)

BA_MathGenius found no data at degree 1, returning first defined. 
(Filename: C:\buildslave\unity\build\Runtime/Export/Debug/Debug.bindings.h Line: 39)

BA_Prodigy found no data at degree 1, returning first defined. 
(Filename: C:\buildslave\unity\build\Runtime/Export/Debug/Debug.bindings.h Line: 39)

BA_Scholar found no data at degree 1, returning first defined. 
(Filename: C:\buildslave\unity\build\Runtime/Export/Debug/Debug.bindings.h Line: 39)

BA_Serious found no data at degree 1, returning first defined. 
(Filename: C:\buildslave\unity\build\Runtime/Export/Debug/Debug.bindings.h Line: 39)

BA_TeamPlayer found no data at degree 1, returning first defined. 
(Filename: C:\buildslave\unity\build\Runtime/Export/Debug/Debug.bindings.h Line: 39)

BodyMastery found no data at degree 2, returning first defined. 
(Filename: C:\buildslave\unity\build\Runtime/Export/Debug/Debug.bindings.h Line: 39)

FastLearner found no data at degree 2, returning first defined. 
(Filename: C:\buildslave\unity\build\Runtime/Export/Debug/Debug.bindings.h Line: 39)

GreatMemory found no data at degree 2, returning first defined. 
(Filename: C:\buildslave\unity\build\Runtime/Export/Debug/Debug.bindings.h Line: 39)

Immunity found no data at degree 2, returning first defined. 
(Filename: C:\buildslave\unity\build\Runtime/Export/Debug/Debug.bindings.h Line: 39)

Joyous found no data at degree 2, returning first defined. 
(Filename: C:\buildslave\unity\build\Runtime/Export/Debug/Debug.bindings.h Line: 39)

KittyValor found no data at degree 2, returning first defined. 
(Filename: C:\buildslave\unity\build\Runtime/Export/Debug/Debug.bindings.h Line: 39)

Nimble found no data at degree 2, returning first defined. 
(Filename: C:\buildslave\unity\build\Runtime/Export/Debug/Debug.bindings.h Line: 39)

Occultist found no data at degree 2, returning first defined. 
(Filename: C:\buildslave\unity\build\Runtime/Export/Debug/Debug.bindings.h Line: 39)

PerfectMemory found no data at degree 2, returning first defined. 
(Filename: C:\buildslave\unity\build\Runtime/Export/Debug/Debug.bindings.h Line: 39)

QuickSleeper found no data at degree 2, returning first defined. 
(Filename: C:\buildslave\unity\build\Runtime/Export/Debug/Debug.bindings.h Line: 39)

SharpEye found no data at degree 2, returning first defined. 
(Filename: C:\buildslave\unity\build\Runtime/Export/Debug/Debug.bindings.h Line: 39)

SingleTailFox found no data at degree 2, returning first defined. 
(Filename: C:\buildslave\unity\build\Runtime/Export/Debug/Debug.bindings.h Line: 39)

Tough found no data at degree 2, returning first defined. 
(Filename: C:\buildslave\unity\build\Runtime/Export/Debug/Debug.bindings.h Line: 39)

ToxicResistance found no data at degree 2, returning first defined. 
(Filename: C:\buildslave\unity\build\Runtime/Export/Debug/Debug.bindings.h Line: 39)

YR_BeautifulVoice found no data at degree 2, returning first defined. 
(Filename: C:\buildslave\unity\build\Runtime/Export/Debug/Debug.bindings.h Line: 39)

BA_Athletic found no data at degree 1, returning first defined. 
(Filename: C:\buildslave\unity\build\Runtime/Export/Debug/Debug.bindings.h Line: 39)

BA_Bookworm found no data at degree 1, returning first defined. 
(Filename: C:\buildslave\unity\build\Runtime/Export/Debug/Debug.bindings.h Line: 39)

BA_Contradictory found no data at degree 1, returning first defined. 
(Filename: C:\buildslave\unity\build\Runtime/Export/Debug/Debug.bindings.h Line: 39)

BA_CultureEnthusiast found no data at degree 1, returning first defined. 
(Filename: C:\buildslave\unity\build\Runtime/Export/Debug/Debug.bindings.h Line: 39)

BA_GameManiac found no data at degree 1, returning first defined. 
(Filename: C:\buildslave\unity\build\Runtime/Export/Debug/Debug.bindings.h Line: 39)

BA_Generous found no data at degree 1, returning first defined. 
(Filename: C:\buildslave\unity\build\Runtime/Export/Debug/Debug.bindings.h Line: 39)

BA_Gourmet found no data at degree 1, returning first defined. 
(Filename: C:\buildslave\unity\build\Runtime/Export/Debug/Debug.bindings.h Line: 39)

BA_HealthConscious found no data at degree 1, returning first defined. 
(Filename: C:\buildslave\unity\build\Runtime/Export/Debug/Debug.bindings.h Line: 39)

BA_Mascot found no data at degree 1, returning first defined. 
(Filename: C:\buildslave\unity\build\Runtime/Export/Debug/Debug.bindings.h Line: 39)

BA_MathGenius found no data at degree 1, returning first defined. 
(Filename: C:\buildslave\unity\build\Runtime/Export/Debug/Debug.bindings.h Line: 39)

BA_Prodigy found no data at degree 1, returning first defined. 
(Filename: C:\buildslave\unity\build\Runtime/Export/Debug/Debug.bindings.h Line: 39)

BA_Scholar found no data at degree 1, returning first defined. 
(Filename: C:\buildslave\unity\build\Runtime/Export/Debug/Debug.bindings.h Line: 39)

BA_Serious found no data at degree 1, returning first defined. 
(Filename: C:\buildslave\unity\build\Runtime/Export/Debug/Debug.bindings.h Line: 39)

BA_TeamPlayer found no data at degree 1, returning first defined. 
(Filename: C:\buildslave\unity\build\Runtime/Export/Debug/Debug.bindings.h Line: 39)

BodyMastery found no data at degree 2, returning first defined. 
(Filename: C:\buildslave\unity\build\Runtime/Export/Debug/Debug.bindings.h Line: 39)

FastLearner found no data at degree 2, returning first defined. 
(Filename: C:\buildslave\unity\build\Runtime/Export/Debug/Debug.bindings.h Line: 39)

GreatMemory found no data at degree 2, returning first defined. 
(Filename: C:\buildslave\unity\build\Runtime/Export/Debug/Debug.bindings.h Line: 39)

Immunity found no data at degree 2, returning first defined. 
(Filename: C:\buildslave\unity\build\Runtime/Export/Debug/Debug.bindings.h Line: 39)

Joyous found no data at degree 2, returning first defined. 
(Filename: C:\buildslave\unity\build\Runtime/Export/Debug/Debug.bindings.h Line: 39)

KittyValor found no data at degree 2, returning first defined. 
(Filename: C:\buildslave\unity\build\Runtime/Export/Debug/Debug.bindings.h Line: 39)

Nimble found no data at degree 2, returning first defined. 
(Filename: C:\buildslave\unity\build\Runtime/Export/Debug/Debug.bindings.h Line: 39)

Occultist found no data at degree 2, returning first defined. 
(Filename: C:\buildslave\unity\build\Runtime/Export/Debug/Debug.bindings.h Line: 39)

PerfectMemory found no data at degree 2, returning first defined. 
(Filename: C:\buildslave\unity\build\Runtime/Export/Debug/Debug.bindings.h Line: 39)

QuickSleeper found no data at degree 2, returning first defined. 
(Filename: C:\buildslave\unity\build\Runtime/Export/Debug/Debug.bindings.h Line: 39)

SharpEye found no data at degree 2, returning first defined. 
(Filename: C:\buildslave\unity\build\Runtime/Export/Debug/Debug.bindings.h Line: 39)

SingleTailFox found no data at degree 2, returning first defined. 
(Filename: C:\buildslave\unity\build\Runtime/Export/Debug/Debug.bindings.h Line: 39)

Tough found no data at degree 2, returning first defined. 
(Filename: C:\buildslave\unity\build\Runtime/Export/Debug/Debug.bindings.h Line: 39)

ToxicResistance found no data at degree 2, returning first defined. 
(Filename: C:\buildslave\unity\build\Runtime/Export/Debug/Debug.bindings.h Line: 39)

YR_BeautifulVoice found no data at degree 2, returning first defined. 
(Filename: C:\buildslave\unity\build\Runtime/Export/Debug/Debug.bindings.h Line: 39)

BA_Athletic found no data at degree 1, returning first defined. 
(Filename: C:\buildslave\unity\build\Runtime/Export/Debug/Debug.bindings.h Line: 39)

BA_Bookworm found no data at degree 1, returning first defined. 
(Filename: C:\buildslave\unity\build\Runtime/Export/Debug/Debug.bindings.h Line: 39)

BA_Contradictory found no data at degree 1, returning first defined. 
(Filename: C:\buildslave\unity\build\Runtime/Export/Debug/Debug.bindings.h Line: 39)

BA_CultureEnthusiast found no data at degree 1, returning first defined. 
(Filename: C:\buildslave\unity\build\Runtime/Export/Debug/Debug.bindings.h Line: 39)

BA_GameManiac found no data at degree 1, returning first defined. 
(Filename: C:\buildslave\unity\build\Runtime/Export/Debug/Debug.bindings.h Line: 39)

BA_Generous found no data at degree 1, returning first defined. 
(Filename: C:\buildslave\unity\build\Runtime/Export/Debug/Debug.bindings.h Line: 39)

BA_Gourmet found no data at degree 1, returning first defined. 
(Filename: C:\buildslave\unity\build\Runtime/Export/Debug/Debug.bindings.h Line: 39)

BA_HealthConscious found no data at degree 1, returning first defined. 
(Filename: C:\buildslave\unity\build\Runtime/Export/Debug/Debug.bindings.h Line: 39)

BA_Mascot found no data at degree 1, returning first defined. 
(Filename: C:\buildslave\unity\build\Runtime/Export/Debug/Debug.bindings.h Line: 39)

BA_MathGenius found no data at degree 1, returning first defined. 
(Filename: C:\buildslave\unity\build\Runtime/Export/Debug/Debug.bindings.h Line: 39)

BA_Prodigy found no data at degree 1, returning first defined. 
(Filename: C:\buildslave\unity\build\Runtime/Export/Debug/Debug.bindings.h Line: 39)

BA_Scholar found no data at degree 1, returning first defined. 
(Filename: C:\buildslave\unity\build\Runtime/Export/Debug/Debug.bindings.h Line: 39)

BA_Serious found no data at degree 1, returning first defined. 
(Filename: C:\buildslave\unity\build\Runtime/Export/Debug/Debug.bindings.h Line: 39)

BA_TeamPlayer found no data at degree 1, returning first defined. 
(Filename: C:\buildslave\unity\build\Runtime/Export/Debug/Debug.bindings.h Line: 39)

BodyMastery found no data at degree 2, returning first defined. 
(Filename: C:\buildslave\unity\build\Runtime/Export/Debug/Debug.bindings.h Line: 39)

FastLearner found no data at degree 2, returning first defined. 
(Filename: C:\buildslave\unity\build\Runtime/Export/Debug/Debug.bindings.h Line: 39)

GreatMemory found no data at degree 2, returning first defined. 
(Filename: C:\buildslave\unity\build\Runtime/Export/Debug/Debug.bindings.h Line: 39)

Immunity found no data at degree 2, returning first defined. 
(Filename: C:\buildslave\unity\build\Runtime/Export/Debug/Debug.bindings.h Line: 39)

Joyous found no data at degree 2, returning first defined. 
(Filename: C:\buildslave\unity\build\Runtime/Export/Debug/Debug.bindings.h Line: 39)

KittyValor found no data at degree 2, returning first defined. 
(Filename: C:\buildslave\unity\build\Runtime/Export/Debug/Debug.bindings.h Line: 39)

Nimble found no data at degree 2, returning first defined. 
(Filename: C:\buildslave\unity\build\Runtime/Export/Debug/Debug.bindings.h Line: 39)

Occultist found no data at degree 2, returning first defined. 
(Filename: C:\buildslave\unity\build\Runtime/Export/Debug/Debug.bindings.h Line: 39)

PerfectMemory found no data at degree 2, returning first defined. 
(Filename: C:\buildslave\unity\build\Runtime/Export/Debug/Debug.bindings.h Line: 39)

QuickSleeper found no data at degree 2, returning first defined. 
(Filename: C:\buildslave\unity\build\Runtime/Export/Debug/Debug.bindings.h Line: 39)

SharpEye found no data at degree 2, returning first defined. 
(Filename: C:\buildslave\unity\build\Runtime/Export/Debug/Debug.bindings.h Line: 39)

SingleTailFox found no data at degree 2, returning first defined. 
(Filename: C:\buildslave\unity\build\Runtime/Export/Debug/Debug.bindings.h Line: 39)

Tough found no data at degree 2, returning first defined. 
(Filename: C:\buildslave\unity\build\Runtime/Export/Debug/Debug.bindings.h Line: 39)

ToxicResistance found no data at degree 2, returning first defined. 
(Filename: C:\buildslave\unity\build\Runtime/Export/Debug/Debug.bindings.h Line: 39)

YR_BeautifulVoice found no data at degree 2, returning first defined. 
(Filename: C:\buildslave\unity\build\Runtime/Export/Debug/Debug.bindings.h Line: 39)

BA_Athletic found no data at degree 1, returning first defined. 
(Filename: C:\buildslave\unity\build\Runtime/Export/Debug/Debug.bindings.h Line: 39)

BA_Bookworm found no data at degree 1, returning first defined. 
(Filename: C:\buildslave\unity\build\Runtime/Export/Debug/Debug.bindings.h Line: 39)

BA_Contradictory found no data at degree 1, returning first defined. 
(Filename: C:\buildslave\unity\build\Runtime/Export/Debug/Debug.bindings.h Line: 39)

BA_CultureEnthusiast found no data at degree 1, returning first defined. 
(Filename: C:\buildslave\unity\build\Runtime/Export/Debug/Debug.bindings.h Line: 39)

BA_GameManiac found no data at degree 1, returning first defined. 
(Filename: C:\buildslave\unity\build\Runtime/Export/Debug/Debug.bindings.h Line: 39)

BA_Generous found no data at degree 1, returning first defined. 
(Filename: C:\buildslave\unity\build\Runtime/Export/Debug/Debug.bindings.h Line: 39)

BA_Gourmet found no data at degree 1, returning first defined. 
(Filename: C:\buildslave\unity\build\Runtime/Export/Debug/Debug.bindings.h Line: 39)

BA_HealthConscious found no data at degree 1, returning first defined. 
(Filename: C:\buildslave\unity\build\Runtime/Export/Debug/Debug.bindings.h Line: 39)

BA_Mascot found no data at degree 1, returning first defined. 
(Filename: C:\buildslave\unity\build\Runtime/Export/Debug/Debug.bindings.h Line: 39)

BA_MathGenius found no data at degree 1, returning first defined. 
(Filename: C:\buildslave\unity\build\Runtime/Export/Debug/Debug.bindings.h Line: 39)

BA_Prodigy found no data at degree 1, returning first defined. 
(Filename: C:\buildslave\unity\build\Runtime/Export/Debug/Debug.bindings.h Line: 39)

BA_Scholar found no data at degree 1, returning first defined. 
(Filename: C:\buildslave\unity\build\Runtime/Export/Debug/Debug.bindings.h Line: 39)

BA_Serious found no data at degree 1, returning first defined. 
(Filename: C:\buildslave\unity\build\Runtime/Export/Debug/Debug.bindings.h Line: 39)

BA_TeamPlayer found no data at degree 1, returning first defined. 
(Filename: C:\buildslave\unity\build\Runtime/Export/Debug/Debug.bindings.h Line: 39)

BodyMastery found no data at degree 2, returning first defined. 
(Filename: C:\buildslave\unity\build\Runtime/Export/Debug/Debug.bindings.h Line: 39)

FastLearner found no data at degree 2, returning first defined. 
(Filename: C:\buildslave\unity\build\Runtime/Export/Debug/Debug.bindings.h Line: 39)

GreatMemory found no data at degree 2, returning first defined. 
(Filename: C:\buildslave\unity\build\Runtime/Export/Debug/Debug.bindings.h Line: 39)

Immunity found no data at degree 2, returning first defined. 
(Filename: C:\buildslave\unity\build\Runtime/Export/Debug/Debug.bindings.h Line: 39)

Joyous found no data at degree 2, returning first defined. 
(Filename: C:\buildslave\unity\build\Runtime/Export/Debug/Debug.bindings.h Line: 39)

KittyValor found no data at degree 2, returning first defined. 
(Filename: C:\buildslave\unity\build\Runtime/Export/Debug/Debug.bindings.h Line: 39)

Nimble found no data at degree 2, returning first defined. 
(Filename: C:\buildslave\unity\build\Runtime/Export/Debug/Debug.bindings.h Line: 39)

Occultist found no data at degree 2, returning first defined. 
(Filename: C:\buildslave\unity\build\Runtime/Export/Debug/Debug.bindings.h Line: 39)

PerfectMemory found no data at degree 2, returning first defined. 
(Filename: C:\buildslave\unity\build\Runtime/Export/Debug/Debug.bindings.h Line: 39)

QuickSleeper found no data at degree 2, returning first defined. 
(Filename: C:\buildslave\unity\build\Runtime/Export/Debug/Debug.bindings.h Line: 39)

SharpEye found no data at degree 2, returning first defined. 
(Filename: C:\buildslave\unity\build\Runtime/Export/Debug/Debug.bindings.h Line: 39)

SingleTailFox found no data at degree 2, returning first defined. 
(Filename: C:\buildslave\unity\build\Runtime/Export/Debug/Debug.bindings.h Line: 39)

Tough found no data at degree 2, returning first defined. 
(Filename: C:\buildslave\unity\build\Runtime/Export/Debug/Debug.bindings.h Line: 39)

ToxicResistance found no data at degree 2, returning first defined. 
(Filename: C:\buildslave\unity\build\Runtime/Export/Debug/Debug.bindings.h Line: 39)

YR_BeautifulVoice found no data at degree 2, returning first defined. 
(Filename: C:\buildslave\unity\build\Runtime/Export/Debug/Debug.bindings.h Line: 39)

BA_Athletic found no data at degree 1, returning first defined. 
(Filename: C:\buildslave\unity\build\Runtime/Export/Debug/Debug.bindings.h Line: 39)

BA_Bookworm found no data at degree 1, returning first defined. 
(Filename: C:\buildslave\unity\build\Runtime/Export/Debug/Debug.bindings.h Line: 39)

BA_Contradictory found no data at degree 1, returning first defined. 
(Filename: C:\buildslave\unity\build\Runtime/Export/Debug/Debug.bindings.h Line: 39)

BA_CultureEnthusiast found no data at degree 1, returning first defined. 
(Filename: C:\buildslave\unity\build\Runtime/Export/Debug/Debug.bindings.h Line: 39)

BA_GameManiac found no data at degree 1, returning first defined. 
(Filename: C:\buildslave\unity\build\Runtime/Export/Debug/Debug.bindings.h Line: 39)

BA_Generous found no data at degree 1, returning first defined. 
(Filename: C:\buildslave\unity\build\Runtime/Export/Debug/Debug.bindings.h Line: 39)

BA_Gourmet found no data at degree 1, returning first defined. 
(Filename: C:\buildslave\unity\build\Runtime/Export/Debug/Debug.bindings.h Line: 39)

BA_HealthConscious found no data at degree 1, returning first defined. 
(Filename: C:\buildslave\unity\build\Runtime/Export/Debug/Debug.bindings.h Line: 39)

BA_Mascot found no data at degree 1, returning first defined. 
(Filename: C:\buildslave\unity\build\Runtime/Export/Debug/Debug.bindings.h Line: 39)

BA_MathGenius found no data at degree 1, returning first defined. 
(Filename: C:\buildslave\unity\build\Runtime/Export/Debug/Debug.bindings.h Line: 39)

BA_Prodigy found no data at degree 1, returning first defined. 
(Filename: C:\buildslave\unity\build\Runtime/Export/Debug/Debug.bindings.h Line: 39)

BA_Scholar found no data at degree 1, returning first defined. 
(Filename: C:\buildslave\unity\build\Runtime/Export/Debug/Debug.bindings.h Line: 39)

BA_Serious found no data at degree 1, returning first defined. 
(Filename: C:\buildslave\unity\build\Runtime/Export/Debug/Debug.bindings.h Line: 39)

BA_TeamPlayer found no data at degree 1, returning first defined. 
(Filename: C:\buildslave\unity\build\Runtime/Export/Debug/Debug.bindings.h Line: 39)

BodyMastery found no data at degree 2, returning first defined. 
(Filename: C:\buildslave\unity\build\Runtime/Export/Debug/Debug.bindings.h Line: 39)

FastLearner found no data at degree 2, returning first defined. 
(Filename: C:\buildslave\unity\build\Runtime/Export/Debug/Debug.bindings.h Line: 39)

GreatMemory found no data at degree 2, returning first defined. 
(Filename: C:\buildslave\unity\build\Runtime/Export/Debug/Debug.bindings.h Line: 39)

Immunity found no data at degree 2, returning first defined. 
(Filename: C:\buildslave\unity\build\Runtime/Export/Debug/Debug.bindings.h Line: 39)

Joyous found no data at degree 2, returning first defined. 
(Filename: C:\buildslave\unity\build\Runtime/Export/Debug/Debug.bindings.h Line: 39)

KittyValor found no data at degree 2, returning first defined. 
(Filename: C:\buildslave\unity\build\Runtime/Export/Debug/Debug.bindings.h Line: 39)

Nimble found no data at degree 2, returning first defined. 
(Filename: C:\buildslave\unity\build\Runtime/Export/Debug/Debug.bindings.h Line: 39)

Occultist found no data at degree 2, returning first defined. 
(Filename: C:\buildslave\unity\build\Runtime/Export/Debug/Debug.bindings.h Line: 39)

PerfectMemory found no data at degree 2, returning first defined. 
(Filename: C:\buildslave\unity\build\Runtime/Export/Debug/Debug.bindings.h Line: 39)

QuickSleeper found no data at degree 2, returning first defined. 
(Filename: C:\buildslave\unity\build\Runtime/Export/Debug/Debug.bindings.h Line: 39)

SharpEye found no data at degree 2, returning first defined. 
(Filename: C:\buildslave\unity\build\Runtime/Export/Debug/Debug.bindings.h Line: 39)

SingleTailFox found no data at degree 2, returning first defined. 
(Filename: C:\buildslave\unity\build\Runtime/Export/Debug/Debug.bindings.h Line: 39)

Tough found no data at degree 2, returning first defined. 
(Filename: C:\buildslave\unity\build\Runtime/Export/Debug/Debug.bindings.h Line: 39)

ToxicResistance found no data at degree 2, returning first defined. 
(Filename: C:\buildslave\unity\build\Runtime/Export/Debug/Debug.bindings.h Line: 39)

YR_BeautifulVoice found no data at degree 2, returning first defined. 
(Filename: C:\buildslave\unity\build\Runtime/Export/Debug/Debug.bindings.h Line: 39)

BA_Athletic found no data at degree 1, returning first defined. 
(Filename: C:\buildslave\unity\build\Runtime/Export/Debug/Debug.bindings.h Line: 39)

BA_Bookworm found no data at degree 1, returning first defined. 
(Filename: C:\buildslave\unity\build\Runtime/Export/Debug/Debug.bindings.h Line: 39)

BA_Contradictory found no data at degree 1, returning first defined. 
(Filename: C:\buildslave\unity\build\Runtime/Export/Debug/Debug.bindings.h Line: 39)

BA_CultureEnthusiast found no data at degree 1, returning first defined. 
(Filename: C:\buildslave\unity\build\Runtime/Export/Debug/Debug.bindings.h Line: 39)

BA_GameManiac found no data at degree 1, returning first defined. 
(Filename: C:\buildslave\unity\build\Runtime/Export/Debug/Debug.bindings.h Line: 39)

BA_Generous found no data at degree 1, returning first defined. 
(Filename: C:\buildslave\unity\build\Runtime/Export/Debug/Debug.bindings.h Line: 39)

BA_Gourmet found no data at degree 1, returning first defined. 
(Filename: C:\buildslave\unity\build\Runtime/Export/Debug/Debug.bindings.h Line: 39)

BA_HealthConscious found no data at degree 1, returning first defined. 
(Filename: C:\buildslave\unity\build\Runtime/Export/Debug/Debug.bindings.h Line: 39)

BA_Mascot found no data at degree 1, returning first defined. 
(Filename: C:\buildslave\unity\build\Runtime/Export/Debug/Debug.bindings.h Line: 39)

BA_MathGenius found no data at degree 1, returning first defined. 
(Filename: C:\buildslave\unity\build\Runtime/Export/Debug/Debug.bindings.h Line: 39)

BA_Prodigy found no data at degree 1, returning first defined. 
(Filename: C:\buildslave\unity\build\Runtime/Export/Debug/Debug.bindings.h Line: 39)

BA_Scholar found no data at degree 1, returning first defined. 
(Filename: C:\buildslave\unity\build\Runtime/Export/Debug/Debug.bindings.h Line: 39)

BA_Serious found no data at degree 1, returning first defined. 
(Filename: C:\buildslave\unity\build\Runtime/Export/Debug/Debug.bindings.h Line: 39)

BA_TeamPlayer found no data at degree 1, returning first defined. 
(Filename: C:\buildslave\unity\build\Runtime/Export/Debug/Debug.bindings.h Line: 39)

BodyMastery found no data at degree 2, returning first defined. 
(Filename: C:\buildslave\unity\build\Runtime/Export/Debug/Debug.bindings.h Line: 39)

FastLearner found no data at degree 2, returning first defined. 
(Filename: C:\buildslave\unity\build\Runtime/Export/Debug/Debug.bindings.h Line: 39)

GreatMemory found no data at degree 2, returning first defined. 
(Filename: C:\buildslave\unity\build\Runtime/Export/Debug/Debug.bindings.h Line: 39)

Immunity found no data at degree 2, returning first defined. 
(Filename: C:\buildslave\unity\build\Runtime/Export/Debug/Debug.bindings.h Line: 39)

Joyous found no data at degree 2, returning first defined. 
(Filename: C:\buildslave\unity\build\Runtime/Export/Debug/Debug.bindings.h Line: 39)

KittyValor found no data at degree 2, returning first defined. 
(Filename: C:\buildslave\unity\build\Runtime/Export/Debug/Debug.bindings.h Line: 39)

Nimble found no data at degree 2, returning first defined. 
(Filename: C:\buildslave\unity\build\Runtime/Export/Debug/Debug.bindings.h Line: 39)

Occultist found no data at degree 2, returning first defined. 
(Filename: C:\buildslave\unity\build\Runtime/Export/Debug/Debug.bindings.h Line: 39)

PerfectMemory found no data at degree 2, returning first defined. 
(Filename: C:\buildslave\unity\build\Runtime/Export/Debug/Debug.bindings.h Line: 39)

QuickSleeper found no data at degree 2, returning first defined. 
(Filename: C:\buildslave\unity\build\Runtime/Export/Debug/Debug.bindings.h Line: 39)

SharpEye found no data at degree 2, returning first defined. 
(Filename: C:\buildslave\unity\build\Runtime/Export/Debug/Debug.bindings.h Line: 39)

SingleTailFox found no data at degree 2, returning first defined. 
(Filename: C:\buildslave\unity\build\Runtime/Export/Debug/Debug.bindings.h Line: 39)

Tough found no data at degree 2, returning first defined. 
(Filename: C:\buildslave\unity\build\Runtime/Export/Debug/Debug.bindings.h Line: 39)

ToxicResistance found no data at degree 2, returning first defined. 
(Filename: C:\buildslave\unity\build\Runtime/Export/Debug/Debug.bindings.h Line: 39)

YR_BeautifulVoice found no data at degree 2, returning first defined. 
(Filename: C:\buildslave\unity\build\Runtime/Export/Debug/Debug.bindings.h Line: 39)

BA_Athletic found no data at degree 1, returning first defined. 
(Filename: C:\buildslave\unity\build\Runtime/Export/Debug/Debug.bindings.h Line: 39)

BA_Bookworm found no data at degree 1, returning first defined. 
(Filename: C:\buildslave\unity\build\Runtime/Export/Debug/Debug.bindings.h Line: 39)

BA_Contradictory found no data at degree 1, returning first defined. 
(Filename: C:\buildslave\unity\build\Runtime/Export/Debug/Debug.bindings.h Line: 39)

BA_CultureEnthusiast found no data at degree 1, returning first defined. 
(Filename: C:\buildslave\unity\build\Runtime/Export/Debug/Debug.bindings.h Line: 39)

BA_GameManiac found no data at degree 1, returning first defined. 
(Filename: C:\buildslave\unity\build\Runtime/Export/Debug/Debug.bindings.h Line: 39)

BA_Generous found no data at degree 1, returning first defined. 
(Filename: C:\buildslave\unity\build\Runtime/Export/Debug/Debug.bindings.h Line: 39)

BA_Gourmet found no data at degree 1, returning first defined. 
(Filename: C:\buildslave\unity\build\Runtime/Export/Debug/Debug.bindings.h Line: 39)

BA_HealthConscious found no data at degree 1, returning first defined. 
(Filename: C:\buildslave\unity\build\Runtime/Export/Debug/Debug.bindings.h Line: 39)

BA_Mascot found no data at degree 1, returning first defined. 
(Filename: C:\buildslave\unity\build\Runtime/Export/Debug/Debug.bindings.h Line: 39)

BA_MathGenius found no data at degree 1, returning first defined. 
(Filename: C:\buildslave\unity\build\Runtime/Export/Debug/Debug.bindings.h Line: 39)

BA_Prodigy found no data at degree 1, returning first defined. 
(Filename: C:\buildslave\unity\build\Runtime/Export/Debug/Debug.bindings.h Line: 39)

BA_Scholar found no data at degree 1, returning first defined. 
(Filename: C:\buildslave\unity\build\Runtime/Export/Debug/Debug.bindings.h Line: 39)

BA_Serious found no data at degree 1, returning first defined. 
(Filename: C:\buildslave\unity\build\Runtime/Export/Debug/Debug.bindings.h Line: 39)

BA_TeamPlayer found no data at degree 1, returning first defined. 
(Filename: C:\buildslave\unity\build\Runtime/Export/Debug/Debug.bindings.h Line: 39)

BodyMastery found no data at degree 2, returning first defined. 
(Filename: C:\buildslave\unity\build\Runtime/Export/Debug/Debug.bindings.h Line: 39)

FastLearner found no data at degree 2, returning first defined. 
(Filename: C:\buildslave\unity\build\Runtime/Export/Debug/Debug.bindings.h Line: 39)

GreatMemory found no data at degree 2, returning first defined. 
(Filename: C:\buildslave\unity\build\Runtime/Export/Debug/Debug.bindings.h Line: 39)

Immunity found no data at degree 2, returning first defined. 
(Filename: C:\buildslave\unity\build\Runtime/Export/Debug/Debug.bindings.h Line: 39)

Joyous found no data at degree 2, returning first defined. 
(Filename: C:\buildslave\unity\build\Runtime/Export/Debug/Debug.bindings.h Line: 39)

KittyValor found no data at degree 2, returning first defined. 
(Filename: C:\buildslave\unity\build\Runtime/Export/Debug/Debug.bindings.h Line: 39)

Nimble found no data at degree 2, returning first defined. 
(Filename: C:\buildslave\unity\build\Runtime/Export/Debug/Debug.bindings.h Line: 39)

Occultist found no data at degree 2, returning first defined. 
(Filename: C:\buildslave\unity\build\Runtime/Export/Debug/Debug.bindings.h Line: 39)

PerfectMemory found no data at degree 2, returning first defined. 
(Filename: C:\buildslave\unity\build\Runtime/Export/Debug/Debug.bindings.h Line: 39)

QuickSleeper found no data at degree 2, returning first defined. 
(Filename: C:\buildslave\unity\build\Runtime/Export/Debug/Debug.bindings.h Line: 39)

SharpEye found no data at degree 2, returning first defined. 
(Filename: C:\buildslave\unity\build\Runtime/Export/Debug/Debug.bindings.h Line: 39)

SingleTailFox found no data at degree 2, returning first defined. 
(Filename: C:\buildslave\unity\build\Runtime/Export/Debug/Debug.bindings.h Line: 39)

Tough found no data at degree 2, returning first defined. 
(Filename: C:\buildslave\unity\build\Runtime/Export/Debug/Debug.bindings.h Line: 39)

ToxicResistance found no data at degree 2, returning first defined. 
(Filename: C:\buildslave\unity\build\Runtime/Export/Debug/Debug.bindings.h Line: 39)

YR_BeautifulVoice found no data at degree 2, returning first defined. 
(Filename: C:\buildslave\unity\build\Runtime/Export/Debug/Debug.bindings.h Line: 39)

BA_Athletic found no data at degree 1, returning first defined. 
(Filename: C:\buildslave\unity\build\Runtime/Export/Debug/Debug.bindings.h Line: 39)

BA_Bookworm found no data at degree 1, returning first defined. 
(Filename: C:\buildslave\unity\build\Runtime/Export/Debug/Debug.bindings.h Line: 39)

BA_Contradictory found no data at degree 1, returning first defined. 
(Filename: C:\buildslave\unity\build\Runtime/Export/Debug/Debug.bindings.h Line: 39)

BA_CultureEnthusiast found no data at degree 1, returning first defined. 
(Filename: C:\buildslave\unity\build\Runtime/Export/Debug/Debug.bindings.h Line: 39)

BA_GameManiac found no data at degree 1, returning first defined. 
(Filename: C:\buildslave\unity\build\Runtime/Export/Debug/Debug.bindings.h Line: 39)

BA_Generous found no data at degree 1, returning first defined. 
(Filename: C:\buildslave\unity\build\Runtime/Export/Debug/Debug.bindings.h Line: 39)

BA_Gourmet found no data at degree 1, returning first defined. 
(Filename: C:\buildslave\unity\build\Runtime/Export/Debug/Debug.bindings.h Line: 39)

BA_HealthConscious found no data at degree 1, returning first defined. 
(Filename: C:\buildslave\unity\build\Runtime/Export/Debug/Debug.bindings.h Line: 39)

BA_Mascot found no data at degree 1, returning first defined. 
(Filename: C:\buildslave\unity\build\Runtime/Export/Debug/Debug.bindings.h Line: 39)

BA_MathGenius found no data at degree 1, returning first defined. 
(Filename: C:\buildslave\unity\build\Runtime/Export/Debug/Debug.bindings.h Line: 39)

BA_Prodigy found no data at degree 1, returning first defined. 
(Filename: C:\buildslave\unity\build\Runtime/Export/Debug/Debug.bindings.h Line: 39)

BA_Scholar found no data at degree 1, returning first defined. 
(Filename: C:\buildslave\unity\build\Runtime/Export/Debug/Debug.bindings.h Line: 39)

BA_Serious found no data at degree 1, returning first defined. 
(Filename: C:\buildslave\unity\build\Runtime/Export/Debug/Debug.bindings.h Line: 39)

BA_TeamPlayer found no data at degree 1, returning first defined. 
(Filename: C:\buildslave\unity\build\Runtime/Export/Debug/Debug.bindings.h Line: 39)

BodyMastery found no data at degree 2, returning first defined. 
(Filename: C:\buildslave\unity\build\Runtime/Export/Debug/Debug.bindings.h Line: 39)

FastLearner found no data at degree 2, returning first defined. 
(Filename: C:\buildslave\unity\build\Runtime/Export/Debug/Debug.bindings.h Line: 39)

GreatMemory found no data at degree 2, returning first defined. 
(Filename: C:\buildslave\unity\build\Runtime/Export/Debug/Debug.bindings.h Line: 39)

Immunity found no data at degree 2, returning first defined. 
(Filename: C:\buildslave\unity\build\Runtime/Export/Debug/Debug.bindings.h Line: 39)

Joyous found no data at degree 2, returning first defined. 
(Filename: C:\buildslave\unity\build\Runtime/Export/Debug/Debug.bindings.h Line: 39)

KittyValor found no data at degree 2, returning first defined. 
(Filename: C:\buildslave\unity\build\Runtime/Export/Debug/Debug.bindings.h Line: 39)

Nimble found no data at degree 2, returning first defined. 
(Filename: C:\buildslave\unity\build\Runtime/Export/Debug/Debug.bindings.h Line: 39)

Occultist found no data at degree 2, returning first defined. 
(Filename: C:\buildslave\unity\build\Runtime/Export/Debug/Debug.bindings.h Line: 39)

PerfectMemory found no data at degree 2, returning first defined. 
(Filename: C:\buildslave\unity\build\Runtime/Export/Debug/Debug.bindings.h Line: 39)

QuickSleeper found no data at degree 2, returning first defined. 
(Filename: C:\buildslave\unity\build\Runtime/Export/Debug/Debug.bindings.h Line: 39)

SharpEye found no data at degree 2, returning first defined. 
(Filename: C:\buildslave\unity\build\Runtime/Export/Debug/Debug.bindings.h Line: 39)

SingleTailFox found no data at degree 2, returning first defined. 
(Filename: C:\buildslave\unity\build\Runtime/Export/Debug/Debug.bindings.h Line: 39)

Tough found no data at degree 2, returning first defined. 
(Filename: C:\buildslave\unity\build\Runtime/Export/Debug/Debug.bindings.h Line: 39)

ToxicResistance found no data at degree 2, returning first defined. 
(Filename: C:\buildslave\unity\build\Runtime/Export/Debug/Debug.bindings.h Line: 39)

YR_BeautifulVoice found no data at degree 2, returning first defined. 
(Filename: C:\buildslave\unity\build\Runtime/Export/Debug/Debug.bindings.h Line: 39)

BA_Athletic found no data at degree 1, returning first defined. 
(Filename: C:\buildslave\unity\build\Runtime/Export/Debug/Debug.bindings.h Line: 39)

BA_Bookworm found no data at degree 1, returning first defined. 
(Filename: C:\buildslave\unity\build\Runtime/Export/Debug/Debug.bindings.h Line: 39)

BA_Contradictory found no data at degree 1, returning first defined. 
(Filename: C:\buildslave\unity\build\Runtime/Export/Debug/Debug.bindings.h Line: 39)

BA_CultureEnthusiast found no data at degree 1, returning first defined. 
(Filename: C:\buildslave\unity\build\Runtime/Export/Debug/Debug.bindings.h Line: 39)

BA_GameManiac found no data at degree 1, returning first defined. 
(Filename: C:\buildslave\unity\build\Runtime/Export/Debug/Debug.bindings.h Line: 39)

BA_Generous found no data at degree 1, returning first defined. 
(Filename: C:\buildslave\unity\build\Runtime/Export/Debug/Debug.bindings.h Line: 39)

BA_Gourmet found no data at degree 1, returning first defined. 
(Filename: C:\buildslave\unity\build\Runtime/Export/Debug/Debug.bindings.h Line: 39)

BA_HealthConscious found no data at degree 1, returning first defined. 
(Filename: C:\buildslave\unity\build\Runtime/Export/Debug/Debug.bindings.h Line: 39)

BA_Mascot found no data at degree 1, returning first defined. 
(Filename: C:\buildslave\unity\build\Runtime/Export/Debug/Debug.bindings.h Line: 39)

BA_MathGenius found no data at degree 1, returning first defined. 
(Filename: C:\buildslave\unity\build\Runtime/Export/Debug/Debug.bindings.h Line: 39)

BA_Prodigy found no data at degree 1, returning first defined. 
(Filename: C:\buildslave\unity\build\Runtime/Export/Debug/Debug.bindings.h Line: 39)

BA_Scholar found no data at degree 1, returning first defined. 
(Filename: C:\buildslave\unity\build\Runtime/Export/Debug/Debug.bindings.h Line: 39)

BA_Serious found no data at degree 1, returning first defined. 
(Filename: C:\buildslave\unity\build\Runtime/Export/Debug/Debug.bindings.h Line: 39)

BA_TeamPlayer found no data at degree 1, returning first defined. 
(Filename: C:\buildslave\unity\build\Runtime/Export/Debug/Debug.bindings.h Line: 39)

BodyMastery found no data at degree 2, returning first defined. 
(Filename: C:\buildslave\unity\build\Runtime/Export/Debug/Debug.bindings.h Line: 39)

FastLearner found no data at degree 2, returning first defined. 
(Filename: C:\buildslave\unity\build\Runtime/Export/Debug/Debug.bindings.h Line: 39)

GreatMemory found no data at degree 2, returning first defined. 
(Filename: C:\buildslave\unity\build\Runtime/Export/Debug/Debug.bindings.h Line: 39)

Immunity found no data at degree 2, returning first defined. 
(Filename: C:\buildslave\unity\build\Runtime/Export/Debug/Debug.bindings.h Line: 39)

Joyous found no data at degree 2, returning first defined. 
(Filename: C:\buildslave\unity\build\Runtime/Export/Debug/Debug.bindings.h Line: 39)

KittyValor found no data at degree 2, returning first defined. 
(Filename: C:\buildslave\unity\build\Runtime/Export/Debug/Debug.bindings.h Line: 39)

Nimble found no data at degree 2, returning first defined. 
(Filename: C:\buildslave\unity\build\Runtime/Export/Debug/Debug.bindings.h Line: 39)

Occultist found no data at degree 2, returning first defined. 
(Filename: C:\buildslave\unity\build\Runtime/Export/Debug/Debug.bindings.h Line: 39)

PerfectMemory found no data at degree 2, returning first defined. 
(Filename: C:\buildslave\unity\build\Runtime/Export/Debug/Debug.bindings.h Line: 39)

QuickSleeper found no data at degree 2, returning first defined. 
(Filename: C:\buildslave\unity\build\Runtime/Export/Debug/Debug.bindings.h Line: 39)

SharpEye found no data at degree 2, returning first defined. 
(Filename: C:\buildslave\unity\build\Runtime/Export/Debug/Debug.bindings.h Line: 39)

SingleTailFox found no data at degree 2, returning first defined. 
(Filename: C:\buildslave\unity\build\Runtime/Export/Debug/Debug.bindings.h Line: 39)

Tough found no data at degree 2, returning first defined. 
(Filename: C:\buildslave\unity\build\Runtime/Export/Debug/Debug.bindings.h Line: 39)

ToxicResistance found no data at degree 2, returning first defined. 
(Filename: C:\buildslave\unity\build\Runtime/Export/Debug/Debug.bindings.h Line: 39)

YR_BeautifulVoice found no data at degree 2, returning first defined. 
(Filename: C:\buildslave\unity\build\Runtime/Export/Debug/Debug.bindings.h Line: 39)

BA_Athletic found no data at degree 1, returning first defined. 
(Filename: C:\buildslave\unity\build\Runtime/Export/Debug/Debug.bindings.h Line: 39)

BA_Bookworm found no data at degree 1, returning first defined. 
(Filename: C:\buildslave\unity\build\Runtime/Export/Debug/Debug.bindings.h Line: 39)

BA_Contradictory found no data at degree 1, returning first defined. 
(Filename: C:\buildslave\unity\build\Runtime/Export/Debug/Debug.bindings.h Line: 39)

BA_CultureEnthusiast found no data at degree 1, returning first defined. 
(Filename: C:\buildslave\unity\build\Runtime/Export/Debug/Debug.bindings.h Line: 39)

BA_GameManiac found no data at degree 1, returning first defined. 
(Filename: C:\buildslave\unity\build\Runtime/Export/Debug/Debug.bindings.h Line: 39)

BA_Generous found no data at degree 1, returning first defined. 
(Filename: C:\buildslave\unity\build\Runtime/Export/Debug/Debug.bindings.h Line: 39)

BA_Gourmet found no data at degree 1, returning first defined. 
(Filename: C:\buildslave\unity\build\Runtime/Export/Debug/Debug.bindings.h Line: 39)

BA_HealthConscious found no data at degree 1, returning first defined. 
(Filename: C:\buildslave\unity\build\Runtime/Export/Debug/Debug.bindings.h Line: 39)

BA_Mascot found no data at degree 1, returning first defined. 
(Filename: C:\buildslave\unity\build\Runtime/Export/Debug/Debug.bindings.h Line: 39)

BA_MathGenius found no data at degree 1, returning first defined. 
(Filename: C:\buildslave\unity\build\Runtime/Export/Debug/Debug.bindings.h Line: 39)

BA_Prodigy found no data at degree 1, returning first defined. 
(Filename: C:\buildslave\unity\build\Runtime/Export/Debug/Debug.bindings.h Line: 39)

BA_Scholar found no data at degree 1, returning first defined. 
(Filename: C:\buildslave\unity\build\Runtime/Export/Debug/Debug.bindings.h Line: 39)

BA_Serious found no data at degree 1, returning first defined. 
(Filename: C:\buildslave\unity\build\Runtime/Export/Debug/Debug.bindings.h Line: 39)

BA_TeamPlayer found no data at degree 1, returning first defined. 
(Filename: C:\buildslave\unity\build\Runtime/Export/Debug/Debug.bindings.h Line: 39)

BodyMastery found no data at degree 2, returning first defined. 
(Filename: C:\buildslave\unity\build\Runtime/Export/Debug/Debug.bindings.h Line: 39)

FastLearner found no data at degree 2, returning first defined. 
(Filename: C:\buildslave\unity\build\Runtime/Export/Debug/Debug.bindings.h Line: 39)

GreatMemory found no data at degree 2, returning first defined. 
(Filename: C:\buildslave\unity\build\Runtime/Export/Debug/Debug.bindings.h Line: 39)

Immunity found no data at degree 2, returning first defined. 
(Filename: C:\buildslave\unity\build\Runtime/Export/Debug/Debug.bindings.h Line: 39)

Joyous found no data at degree 2, returning first defined. 
(Filename: C:\buildslave\unity\build\Runtime/Export/Debug/Debug.bindings.h Line: 39)

KittyValor found no data at degree 2, returning first defined. 
(Filename: C:\buildslave\unity\build\Runtime/Export/Debug/Debug.bindings.h Line: 39)

Nimble found no data at degree 2, returning first defined. 
(Filename: C:\buildslave\unity\build\Runtime/Export/Debug/Debug.bindings.h Line: 39)

Occultist found no data at degree 2, returning first defined. 
(Filename: C:\buildslave\unity\build\Runtime/Export/Debug/Debug.bindings.h Line: 39)

PerfectMemory found no data at degree 2, returning first defined. 
(Filename: C:\buildslave\unity\build\Runtime/Export/Debug/Debug.bindings.h Line: 39)

QuickSleeper found no data at degree 2, returning first defined. 
(Filename: C:\buildslave\unity\build\Runtime/Export/Debug/Debug.bindings.h Line: 39)

SharpEye found no data at degree 2, returning first defined. 
(Filename: C:\buildslave\unity\build\Runtime/Export/Debug/Debug.bindings.h Line: 39)

SingleTailFox found no data at degree 2, returning first defined. 
(Filename: C:\buildslave\unity\build\Runtime/Export/Debug/Debug.bindings.h Line: 39)

Tough found no data at degree 2, returning first defined. 
(Filename: C:\buildslave\unity\build\Runtime/Export/Debug/Debug.bindings.h Line: 39)

ToxicResistance found no data at degree 2, returning first defined. 
(Filename: C:\buildslave\unity\build\Runtime/Export/Debug/Debug.bindings.h Line: 39)

YR_BeautifulVoice found no data at degree 2, returning first defined. 
(Filename: C:\buildslave\unity\build\Runtime/Export/Debug/Debug.bindings.h Line: 39)

BA_Athletic found no data at degree 1, returning first defined. 
(Filename: C:\buildslave\unity\build\Runtime/Export/Debug/Debug.bindings.h Line: 39)

BA_Bookworm found no data at degree 1, returning first defined. 
(Filename: C:\buildslave\unity\build\Runtime/Export/Debug/Debug.bindings.h Line: 39)

BA_Contradictory found no data at degree 1, returning first defined. 
(Filename: C:\buildslave\unity\build\Runtime/Export/Debug/Debug.bindings.h Line: 39)

BA_CultureEnthusiast found no data at degree 1, returning first defined. 
(Filename: C:\buildslave\unity\build\Runtime/Export/Debug/Debug.bindings.h Line: 39)

BA_GameManiac found no data at degree 1, returning first defined. 
(Filename: C:\buildslave\unity\build\Runtime/Export/Debug/Debug.bindings.h Line: 39)

BA_Generous found no data at degree 1, returning first defined. 
(Filename: C:\buildslave\unity\build\Runtime/Export/Debug/Debug.bindings.h Line: 39)

BA_Gourmet found no data at degree 1, returning first defined. 
(Filename: C:\buildslave\unity\build\Runtime/Export/Debug/Debug.bindings.h Line: 39)

BA_HealthConscious found no data at degree 1, returning first defined. 
(Filename: C:\buildslave\unity\build\Runtime/Export/Debug/Debug.bindings.h Line: 39)

BA_Mascot found no data at degree 1, returning first defined. 
(Filename: C:\buildslave\unity\build\Runtime/Export/Debug/Debug.bindings.h Line: 39)

BA_MathGenius found no data at degree 1, returning first defined. 
(Filename: C:\buildslave\unity\build\Runtime/Export/Debug/Debug.bindings.h Line: 39)

BA_Prodigy found no data at degree 1, returning first defined. 
(Filename: C:\buildslave\unity\build\Runtime/Export/Debug/Debug.bindings.h Line: 39)

BA_Scholar found no data at degree 1, returning first defined. 
(Filename: C:\buildslave\unity\build\Runtime/Export/Debug/Debug.bindings.h Line: 39)

BA_Serious found no data at degree 1, returning first defined. 
(Filename: C:\buildslave\unity\build\Runtime/Export/Debug/Debug.bindings.h Line: 39)

BA_TeamPlayer found no data at degree 1, returning first defined. 
(Filename: C:\buildslave\unity\build\Runtime/Export/Debug/Debug.bindings.h Line: 39)

BodyMastery found no data at degree 2, returning first defined. 
(Filename: C:\buildslave\unity\build\Runtime/Export/Debug/Debug.bindings.h Line: 39)

FastLearner found no data at degree 2, returning first defined. 
(Filename: C:\buildslave\unity\build\Runtime/Export/Debug/Debug.bindings.h Line: 39)

GreatMemory found no data at degree 2, returning first defined. 
(Filename: C:\buildslave\unity\build\Runtime/Export/Debug/Debug.bindings.h Line: 39)

Immunity found no data at degree 2, returning first defined. 
(Filename: C:\buildslave\unity\build\Runtime/Export/Debug/Debug.bindings.h Line: 39)

Joyous found no data at degree 2, returning first defined. 
(Filename: C:\buildslave\unity\build\Runtime/Export/Debug/Debug.bindings.h Line: 39)

KittyValor found no data at degree 2, returning first defined. 
(Filename: C:\buildslave\unity\build\Runtime/Export/Debug/Debug.bindings.h Line: 39)

Nimble found no data at degree 2, returning first defined. 
(Filename: C:\buildslave\unity\build\Runtime/Export/Debug/Debug.bindings.h Line: 39)

Occultist found no data at degree 2, returning first defined. 
(Filename: C:\buildslave\unity\build\Runtime/Export/Debug/Debug.bindings.h Line: 39)

PerfectMemory found no data at degree 2, returning first defined. 
(Filename: C:\buildslave\unity\build\Runtime/Export/Debug/Debug.bindings.h Line: 39)

QuickSleeper found no data at degree 2, returning first defined. 
(Filename: C:\buildslave\unity\build\Runtime/Export/Debug/Debug.bindings.h Line: 39)

SharpEye found no data at degree 2, returning first defined. 
(Filename: C:\buildslave\unity\build\Runtime/Export/Debug/Debug.bindings.h Line: 39)

SingleTailFox found no data at degree 2, returning first defined. 
(Filename: C:\buildslave\unity\build\Runtime/Export/Debug/Debug.bindings.h Line: 39)

Tough found no data at degree 2, returning first defined. 
(Filename: C:\buildslave\unity\build\Runtime/Export/Debug/Debug.bindings.h Line: 39)

ToxicResistance found no data at degree 2, returning first defined. 
(Filename: C:\buildslave\unity\build\Runtime/Export/Debug/Debug.bindings.h Line: 39)

YR_BeautifulVoice found no data at degree 2, returning first defined. 
(Filename: C:\buildslave\unity\build\Runtime/Export/Debug/Debug.bindings.h Line: 39)

BA_Athletic found no data at degree 1, returning first defined. 
(Filename: C:\buildslave\unity\build\Runtime/Export/Debug/Debug.bindings.h Line: 39)

BA_Bookworm found no data at degree 1, returning first defined. 
(Filename: C:\buildslave\unity\build\Runtime/Export/Debug/Debug.bindings.h Line: 39)

BA_Contradictory found no data at degree 1, returning first defined. 
(Filename: C:\buildslave\unity\build\Runtime/Export/Debug/Debug.bindings.h Line: 39)

BA_CultureEnthusiast found no data at degree 1, returning first defined. 
(Filename: C:\buildslave\unity\build\Runtime/Export/Debug/Debug.bindings.h Line: 39)

BA_GameManiac found no data at degree 1, returning first defined. 
(Filename: C:\buildslave\unity\build\Runtime/Export/Debug/Debug.bindings.h Line: 39)

BA_Generous found no data at degree 1, returning first defined. 
(Filename: C:\buildslave\unity\build\Runtime/Export/Debug/Debug.bindings.h Line: 39)

BA_Gourmet found no data at degree 1, returning first defined. 
(Filename: C:\buildslave\unity\build\Runtime/Export/Debug/Debug.bindings.h Line: 39)

BA_HealthConscious found no data at degree 1, returning first defined. 
(Filename: C:\buildslave\unity\build\Runtime/Export/Debug/Debug.bindings.h Line: 39)

BA_Mascot found no data at degree 1, returning first defined. 
(Filename: C:\buildslave\unity\build\Runtime/Export/Debug/Debug.bindings.h Line: 39)

BA_MathGenius found no data at degree 1, returning first defined. 
(Filename: C:\buildslave\unity\build\Runtime/Export/Debug/Debug.bindings.h Line: 39)

BA_Prodigy found no data at degree 1, returning first defined. 
(Filename: C:\buildslave\unity\build\Runtime/Export/Debug/Debug.bindings.h Line: 39)

BA_Scholar found no data at degree 1, returning first defined. 
(Filename: C:\buildslave\unity\build\Runtime/Export/Debug/Debug.bindings.h Line: 39)

BA_Serious found no data at degree 1, returning first defined. 
(Filename: C:\buildslave\unity\build\Runtime/Export/Debug/Debug.bindings.h Line: 39)

BA_TeamPlayer found no data at degree 1, returning first defined. 
(Filename: C:\buildslave\unity\build\Runtime/Export/Debug/Debug.bindings.h Line: 39)

BodyMastery found no data at degree 2, returning first defined. 
(Filename: C:\buildslave\unity\build\Runtime/Export/Debug/Debug.bindings.h Line: 39)

FastLearner found no data at degree 2, returning first defined. 
(Filename: C:\buildslave\unity\build\Runtime/Export/Debug/Debug.bindings.h Line: 39)

GreatMemory found no data at degree 2, returning first defined. 
(Filename: C:\buildslave\unity\build\Runtime/Export/Debug/Debug.bindings.h Line: 39)

Immunity found no data at degree 2, returning first defined. 
(Filename: C:\buildslave\unity\build\Runtime/Export/Debug/Debug.bindings.h Line: 39)

Joyous found no data at degree 2, returning first defined. 
(Filename: C:\buildslave\unity\build\Runtime/Export/Debug/Debug.bindings.h Line: 39)

KittyValor found no data at degree 2, returning first defined. 
(Filename: C:\buildslave\unity\build\Runtime/Export/Debug/Debug.bindings.h Line: 39)

Nimble found no data at degree 2, returning first defined. 
(Filename: C:\buildslave\unity\build\Runtime/Export/Debug/Debug.bindings.h Line: 39)

Occultist found no data at degree 2, returning first defined. 
(Filename: C:\buildslave\unity\build\Runtime/Export/Debug/Debug.bindings.h Line: 39)

PerfectMemory found no data at degree 2, returning first defined. 
(Filename: C:\buildslave\unity\build\Runtime/Export/Debug/Debug.bindings.h Line: 39)

QuickSleeper found no data at degree 2, returning first defined. 
(Filename: C:\buildslave\unity\build\Runtime/Export/Debug/Debug.bindings.h Line: 39)

SharpEye found no data at degree 2, returning first defined. 
(Filename: C:\buildslave\unity\build\Runtime/Export/Debug/Debug.bindings.h Line: 39)

SingleTailFox found no data at degree 2, returning first defined. 
(Filename: C:\buildslave\unity\build\Runtime/Export/Debug/Debug.bindings.h Line: 39)

Tough found no data at degree 2, returning first defined. 
(Filename: C:\buildslave\unity\build\Runtime/Export/Debug/Debug.bindings.h Line: 39)

ToxicResistance found no data at degree 2, returning first defined. 
(Filename: C:\buildslave\unity\build\Runtime/Export/Debug/Debug.bindings.h Line: 39)

YR_BeautifulVoice found no data at degree 2, returning first defined. 
(Filename: C:\buildslave\unity\build\Runtime/Export/Debug/Debug.bindings.h Line: 39)

BA_Athletic found no data at degree 1, returning first defined. 
(Filename: C:\buildslave\unity\build\Runtime/Export/Debug/Debug.bindings.h Line: 39)

BA_Bookworm found no data at degree 1, returning first defined. 
(Filename: C:\buildslave\unity\build\Runtime/Export/Debug/Debug.bindings.h Line: 39)

BA_Contradictory found no data at degree 1, returning first defined. 
(Filename: C:\buildslave\unity\build\Runtime/Export/Debug/Debug.bindings.h Line: 39)

BA_CultureEnthusiast found no data at degree 1, returning first defined. 
(Filename: C:\buildslave\unity\build\Runtime/Export/Debug/Debug.bindings.h Line: 39)

BA_GameManiac found no data at degree 1, returning first defined. 
(Filename: C:\buildslave\unity\build\Runtime/Export/Debug/Debug.bindings.h Line: 39)

BA_Generous found no data at degree 1, returning first defined. 
(Filename: C:\buildslave\unity\build\Runtime/Export/Debug/Debug.bindings.h Line: 39)

BA_Gourmet found no data at degree 1, returning first defined. 
(Filename: C:\buildslave\unity\build\Runtime/Export/Debug/Debug.bindings.h Line: 39)

BA_HealthConscious found no data at degree 1, returning first defined. 
(Filename: C:\buildslave\unity\build\Runtime/Export/Debug/Debug.bindings.h Line: 39)

BA_Mascot found no data at degree 1, returning first defined. 
(Filename: C:\buildslave\unity\build\Runtime/Export/Debug/Debug.bindings.h Line: 39)

BA_MathGenius found no data at degree 1, returning first defined. 
(Filename: C:\buildslave\unity\build\Runtime/Export/Debug/Debug.bindings.h Line: 39)

BA_Prodigy found no data at degree 1, returning first defined. 
(Filename: C:\buildslave\unity\build\Runtime/Export/Debug/Debug.bindings.h Line: 39)

BA_Scholar found no data at degree 1, returning first defined. 
(Filename: C:\buildslave\unity\build\Runtime/Export/Debug/Debug.bindings.h Line: 39)

BA_Serious found no data at degree 1, returning first defined. 
(Filename: C:\buildslave\unity\build\Runtime/Export/Debug/Debug.bindings.h Line: 39)

BA_TeamPlayer found no data at degree 1, returning first defined. 
(Filename: C:\buildslave\unity\build\Runtime/Export/Debug/Debug.bindings.h Line: 39)

BodyMastery found no data at degree 2, returning first defined. 
(Filename: C:\buildslave\unity\build\Runtime/Export/Debug/Debug.bindings.h Line: 39)

FastLearner found no data at degree 2, returning first defined. 
(Filename: C:\buildslave\unity\build\Runtime/Export/Debug/Debug.bindings.h Line: 39)

GreatMemory found no data at degree 2, returning first defined. 
(Filename: C:\buildslave\unity\build\Runtime/Export/Debug/Debug.bindings.h Line: 39)

Immunity found no data at degree 2, returning first defined. 
(Filename: C:\buildslave\unity\build\Runtime/Export/Debug/Debug.bindings.h Line: 39)

Joyous found no data at degree 2, returning first defined. 
(Filename: C:\buildslave\unity\build\Runtime/Export/Debug/Debug.bindings.h Line: 39)

KittyValor found no data at degree 2, returning first defined. 
(Filename: C:\buildslave\unity\build\Runtime/Export/Debug/Debug.bindings.h Line: 39)

Nimble found no data at degree 2, returning first defined. 
(Filename: C:\buildslave\unity\build\Runtime/Export/Debug/Debug.bindings.h Line: 39)

Occultist found no data at degree 2, returning first defined. 
(Filename: C:\buildslave\unity\build\Runtime/Export/Debug/Debug.bindings.h Line: 39)

PerfectMemory found no data at degree 2, returning first defined. 
(Filename: C:\buildslave\unity\build\Runtime/Export/Debug/Debug.bindings.h Line: 39)

QuickSleeper found no data at degree 2, returning first defined. 
(Filename: C:\buildslave\unity\build\Runtime/Export/Debug/Debug.bindings.h Line: 39)

SharpEye found no data at degree 2, returning first defined. 
(Filename: C:\buildslave\unity\build\Runtime/Export/Debug/Debug.bindings.h Line: 39)

SingleTailFox found no data at degree 2, returning first defined. 
(Filename: C:\buildslave\unity\build\Runtime/Export/Debug/Debug.bindings.h Line: 39)

Tough found no data at degree 2, returning first defined. 
(Filename: C:\buildslave\unity\build\Runtime/Export/Debug/Debug.bindings.h Line: 39)

ToxicResistance found no data at degree 2, returning first defined. 
(Filename: C:\buildslave\unity\build\Runtime/Export/Debug/Debug.bindings.h Line: 39)

YR_BeautifulVoice found no data at degree 2, returning first defined. 
(Filename: C:\buildslave\unity\build\Runtime/Export/Debug/Debug.bindings.h Line: 39)

BA_Athletic found no data at degree 1, returning first defined. 
(Filename: C:\buildslave\unity\build\Runtime/Export/Debug/Debug.bindings.h Line: 39)

BA_Bookworm found no data at degree 1, returning first defined. 
(Filename: C:\buildslave\unity\build\Runtime/Export/Debug/Debug.bindings.h Line: 39)

BA_Contradictory found no data at degree 1, returning first defined. 
(Filename: C:\buildslave\unity\build\Runtime/Export/Debug/Debug.bindings.h Line: 39)

BA_CultureEnthusiast found no data at degree 1, returning first defined. 
(Filename: C:\buildslave\unity\build\Runtime/Export/Debug/Debug.bindings.h Line: 39)

BA_GameManiac found no data at degree 1, returning first defined. 
(Filename: C:\buildslave\unity\build\Runtime/Export/Debug/Debug.bindings.h Line: 39)

BA_Generous found no data at degree 1, returning first defined. 
(Filename: C:\buildslave\unity\build\Runtime/Export/Debug/Debug.bindings.h Line: 39)

BA_Gourmet found no data at degree 1, returning first defined. 
(Filename: C:\buildslave\unity\build\Runtime/Export/Debug/Debug.bindings.h Line: 39)

BA_HealthConscious found no data at degree 1, returning first defined. 
(Filename: C:\buildslave\unity\build\Runtime/Export/Debug/Debug.bindings.h Line: 39)

BA_Mascot found no data at degree 1, returning first defined. 
(Filename: C:\buildslave\unity\build\Runtime/Export/Debug/Debug.bindings.h Line: 39)

BA_MathGenius found no data at degree 1, returning first defined. 
(Filename: C:\buildslave\unity\build\Runtime/Export/Debug/Debug.bindings.h Line: 39)

BA_Prodigy found no data at degree 1, returning first defined. 
(Filename: C:\buildslave\unity\build\Runtime/Export/Debug/Debug.bindings.h Line: 39)

BA_Scholar found no data at degree 1, returning first defined. 
(Filename: C:\buildslave\unity\build\Runtime/Export/Debug/Debug.bindings.h Line: 39)

BA_Serious found no data at degree 1, returning first defined. 
(Filename: C:\buildslave\unity\build\Runtime/Export/Debug/Debug.bindings.h Line: 39)

BA_TeamPlayer found no data at degree 1, returning first defined. 
(Filename: C:\buildslave\unity\build\Runtime/Export/Debug/Debug.bindings.h Line: 39)

BodyMastery found no data at degree 2, returning first defined. 
(Filename: C:\buildslave\unity\build\Runtime/Export/Debug/Debug.bindings.h Line: 39)

FastLearner found no data at degree 2, returning first defined. 
(Filename: C:\buildslave\unity\build\Runtime/Export/Debug/Debug.bindings.h Line: 39)

GreatMemory found no data at degree 2, returning first defined. 
(Filename: C:\buildslave\unity\build\Runtime/Export/Debug/Debug.bindings.h Line: 39)

Immunity found no data at degree 2, returning first defined. 
(Filename: C:\buildslave\unity\build\Runtime/Export/Debug/Debug.bindings.h Line: 39)

Joyous found no data at degree 2, returning first defined. 
(Filename: C:\buildslave\unity\build\Runtime/Export/Debug/Debug.bindings.h Line: 39)

KittyValor found no data at degree 2, returning first defined. 
(Filename: C:\buildslave\unity\build\Runtime/Export/Debug/Debug.bindings.h Line: 39)

Nimble found no data at degree 2, returning first defined. 
(Filename: C:\buildslave\unity\build\Runtime/Export/Debug/Debug.bindings.h Line: 39)

Occultist found no data at degree 2, returning first defined. 
(Filename: C:\buildslave\unity\build\Runtime/Export/Debug/Debug.bindings.h Line: 39)

PerfectMemory found no data at degree 2, returning first defined. 
(Filename: C:\buildslave\unity\build\Runtime/Export/Debug/Debug.bindings.h Line: 39)

QuickSleeper found no data at degree 2, returning first defined. 
(Filename: C:\buildslave\unity\build\Runtime/Export/Debug/Debug.bindings.h Line: 39)

SharpEye found no data at degree 2, returning first defined. 
(Filename: C:\buildslave\unity\build\Runtime/Export/Debug/Debug.bindings.h Line: 39)

SingleTailFox found no data at degree 2, returning first defined. 
(Filename: C:\buildslave\unity\build\Runtime/Export/Debug/Debug.bindings.h Line: 39)

Tough found no data at degree 2, returning first defined. 
(Filename: C:\buildslave\unity\build\Runtime/Export/Debug/Debug.bindings.h Line: 39)

ToxicResistance found no data at degree 2, returning first defined. 
(Filename: C:\buildslave\unity\build\Runtime/Export/Debug/Debug.bindings.h Line: 39)

YR_BeautifulVoice found no data at degree 2, returning first defined. 
(Filename: C:\buildslave\unity\build\Runtime/Export/Debug/Debug.bindings.h Line: 39)

BA_Athletic found no data at degree 1, returning first defined. 
(Filename: C:\buildslave\unity\build\Runtime/Export/Debug/Debug.bindings.h Line: 39)

BA_Bookworm found no data at degree 1, returning first defined. 
(Filename: C:\buildslave\unity\build\Runtime/Export/Debug/Debug.bindings.h Line: 39)

BA_Contradictory found no data at degree 1, returning first defined. 
(Filename: C:\buildslave\unity\build\Runtime/Export/Debug/Debug.bindings.h Line: 39)

BA_CultureEnthusiast found no data at degree 1, returning first defined. 
(Filename: C:\buildslave\unity\build\Runtime/Export/Debug/Debug.bindings.h Line: 39)

BA_GameManiac found no data at degree 1, returning first defined. 
(Filename: C:\buildslave\unity\build\Runtime/Export/Debug/Debug.bindings.h Line: 39)

BA_Generous found no data at degree 1, returning first defined. 
(Filename: C:\buildslave\unity\build\Runtime/Export/Debug/Debug.bindings.h Line: 39)

BA_Gourmet found no data at degree 1, returning first defined. 
(Filename: C:\buildslave\unity\build\Runtime/Export/Debug/Debug.bindings.h Line: 39)

BA_HealthConscious found no data at degree 1, returning first defined. 
(Filename: C:\buildslave\unity\build\Runtime/Export/Debug/Debug.bindings.h Line: 39)

BA_Mascot found no data at degree 1, returning first defined. 
(Filename: C:\buildslave\unity\build\Runtime/Export/Debug/Debug.bindings.h Line: 39)

BA_MathGenius found no data at degree 1, returning first defined. 
(Filename: C:\buildslave\unity\build\Runtime/Export/Debug/Debug.bindings.h Line: 39)

BA_Prodigy found no data at degree 1, returning first defined. 
(Filename: C:\buildslave\unity\build\Runtime/Export/Debug/Debug.bindings.h Line: 39)

BA_Scholar found no data at degree 1, returning first defined. 
(Filename: C:\buildslave\unity\build\Runtime/Export/Debug/Debug.bindings.h Line: 39)

BA_Serious found no data at degree 1, returning first defined. 
(Filename: C:\buildslave\unity\build\Runtime/Export/Debug/Debug.bindings.h Line: 39)

BA_TeamPlayer found no data at degree 1, returning first defined. 
(Filename: C:\buildslave\unity\build\Runtime/Export/Debug/Debug.bindings.h Line: 39)

BodyMastery found no data at degree 2, returning first defined. 
(Filename: C:\buildslave\unity\build\Runtime/Export/Debug/Debug.bindings.h Line: 39)

FastLearner found no data at degree 2, returning first defined. 
(Filename: C:\buildslave\unity\build\Runtime/Export/Debug/Debug.bindings.h Line: 39)

GreatMemory found no data at degree 2, returning first defined. 
(Filename: C:\buildslave\unity\build\Runtime/Export/Debug/Debug.bindings.h Line: 39)

Immunity found no data at degree 2, returning first defined. 
(Filename: C:\buildslave\unity\build\Runtime/Export/Debug/Debug.bindings.h Line: 39)

Joyous found no data at degree 2, returning first defined. 
(Filename: C:\buildslave\unity\build\Runtime/Export/Debug/Debug.bindings.h Line: 39)

KittyValor found no data at degree 2, returning first defined. 
(Filename: C:\buildslave\unity\build\Runtime/Export/Debug/Debug.bindings.h Line: 39)

Nimble found no data at degree 2, returning first defined. 
(Filename: C:\buildslave\unity\build\Runtime/Export/Debug/Debug.bindings.h Line: 39)

Occultist found no data at degree 2, returning first defined. 
(Filename: C:\buildslave\unity\build\Runtime/Export/Debug/Debug.bindings.h Line: 39)

PerfectMemory found no data at degree 2, returning first defined. 
(Filename: C:\buildslave\unity\build\Runtime/Export/Debug/Debug.bindings.h Line: 39)

QuickSleeper found no data at degree 2, returning first defined. 
(Filename: C:\buildslave\unity\build\Runtime/Export/Debug/Debug.bindings.h Line: 39)

SharpEye found no data at degree 2, returning first defined. 
(Filename: C:\buildslave\unity\build\Runtime/Export/Debug/Debug.bindings.h Line: 39)

SingleTailFox found no data at degree 2, returning first defined. 
(Filename: C:\buildslave\unity\build\Runtime/Export/Debug/Debug.bindings.h Line: 39)

Tough found no data at degree 2, returning first defined. 
(Filename: C:\buildslave\unity\build\Runtime/Export/Debug/Debug.bindings.h Line: 39)

ToxicResistance found no data at degree 2, returning first defined. 
(Filename: C:\buildslave\unity\build\Runtime/Export/Debug/Debug.bindings.h Line: 39)

YR_BeautifulVoice found no data at degree 2, returning first defined. 
(Filename: C:\buildslave\unity\build\Runtime/Export/Debug/Debug.bindings.h Line: 39)

BA_Athletic found no data at degree 1, returning first defined. 
(Filename: C:\buildslave\unity\build\Runtime/Export/Debug/Debug.bindings.h Line: 39)

BA_Bookworm found no data at degree 1, returning first defined. 
(Filename: C:\buildslave\unity\build\Runtime/Export/Debug/Debug.bindings.h Line: 39)

BA_Contradictory found no data at degree 1, returning first defined. 
(Filename: C:\buildslave\unity\build\Runtime/Export/Debug/Debug.bindings.h Line: 39)

BA_CultureEnthusiast found no data at degree 1, returning first defined. 
(Filename: C:\buildslave\unity\build\Runtime/Export/Debug/Debug.bindings.h Line: 39)

BA_GameManiac found no data at degree 1, returning first defined. 
(Filename: C:\buildslave\unity\build\Runtime/Export/Debug/Debug.bindings.h Line: 39)

BA_Generous found no data at degree 1, returning first defined. 
(Filename: C:\buildslave\unity\build\Runtime/Export/Debug/Debug.bindings.h Line: 39)

BA_Gourmet found no data at degree 1, returning first defined. 
(Filename: C:\buildslave\unity\build\Runtime/Export/Debug/Debug.bindings.h Line: 39)

BA_HealthConscious found no data at degree 1, returning first defined. 
(Filename: C:\buildslave\unity\build\Runtime/Export/Debug/Debug.bindings.h Line: 39)

BA_Mascot found no data at degree 1, returning first defined. 
(Filename: C:\buildslave\unity\build\Runtime/Export/Debug/Debug.bindings.h Line: 39)

BA_MathGenius found no data at degree 1, returning first defined. 
(Filename: C:\buildslave\unity\build\Runtime/Export/Debug/Debug.bindings.h Line: 39)

BA_Prodigy found no data at degree 1, returning first defined. 
(Filename: C:\buildslave\unity\build\Runtime/Export/Debug/Debug.bindings.h Line: 39)

BA_Scholar found no data at degree 1, returning first defined. 
(Filename: C:\buildslave\unity\build\Runtime/Export/Debug/Debug.bindings.h Line: 39)

BA_Serious found no data at degree 1, returning first defined. 
(Filename: C:\buildslave\unity\build\Runtime/Export/Debug/Debug.bindings.h Line: 39)

BA_TeamPlayer found no data at degree 1, returning first defined. 
(Filename: C:\buildslave\unity\build\Runtime/Export/Debug/Debug.bindings.h Line: 39)

BodyMastery found no data at degree 2, returning first defined. 
(Filename: C:\buildslave\unity\build\Runtime/Export/Debug/Debug.bindings.h Line: 39)

FastLearner found no data at degree 2, returning first defined. 
(Filename: C:\buildslave\unity\build\Runtime/Export/Debug/Debug.bindings.h Line: 39)

GreatMemory found no data at degree 2, returning first defined. 
(Filename: C:\buildslave\unity\build\Runtime/Export/Debug/Debug.bindings.h Line: 39)

Immunity found no data at degree 2, returning first defined. 
(Filename: C:\buildslave\unity\build\Runtime/Export/Debug/Debug.bindings.h Line: 39)

Joyous found no data at degree 2, returning first defined. 
(Filename: C:\buildslave\unity\build\Runtime/Export/Debug/Debug.bindings.h Line: 39)

KittyValor found no data at degree 2, returning first defined. 
(Filename: C:\buildslave\unity\build\Runtime/Export/Debug/Debug.bindings.h Line: 39)

Nimble found no data at degree 2, returning first defined. 
(Filename: C:\buildslave\unity\build\Runtime/Export/Debug/Debug.bindings.h Line: 39)

Occultist found no data at degree 2, returning first defined. 
(Filename: C:\buildslave\unity\build\Runtime/Export/Debug/Debug.bindings.h Line: 39)

PerfectMemory found no data at degree 2, returning first defined. 
(Filename: C:\buildslave\unity\build\Runtime/Export/Debug/Debug.bindings.h Line: 39)

QuickSleeper found no data at degree 2, returning first defined. 
(Filename: C:\buildslave\unity\build\Runtime/Export/Debug/Debug.bindings.h Line: 39)

SharpEye found no data at degree 2, returning first defined. 
(Filename: C:\buildslave\unity\build\Runtime/Export/Debug/Debug.bindings.h Line: 39)

SingleTailFox found no data at degree 2, returning first defined. 
(Filename: C:\buildslave\unity\build\Runtime/Export/Debug/Debug.bindings.h Line: 39)

Tough found no data at degree 2, returning first defined. 
(Filename: C:\buildslave\unity\build\Runtime/Export/Debug/Debug.bindings.h Line: 39)

ToxicResistance found no data at degree 2, returning first defined. 
(Filename: C:\buildslave\unity\build\Runtime/Export/Debug/Debug.bindings.h Line: 39)

YR_BeautifulVoice found no data at degree 2, returning first defined. 
(Filename: C:\buildslave\unity\build\Runtime/Export/Debug/Debug.bindings.h Line: 39)

BA_Athletic found no data at degree 1, returning first defined. 
(Filename: C:\buildslave\unity\build\Runtime/Export/Debug/Debug.bindings.h Line: 39)

BA_Bookworm found no data at degree 1, returning first defined. 
(Filename: C:\buildslave\unity\build\Runtime/Export/Debug/Debug.bindings.h Line: 39)

BA_Contradictory found no data at degree 1, returning first defined. 
(Filename: C:\buildslave\unity\build\Runtime/Export/Debug/Debug.bindings.h Line: 39)

BA_CultureEnthusiast found no data at degree 1, returning first defined. 
(Filename: C:\buildslave\unity\build\Runtime/Export/Debug/Debug.bindings.h Line: 39)

BA_GameManiac found no data at degree 1, returning first defined. 
(Filename: C:\buildslave\unity\build\Runtime/Export/Debug/Debug.bindings.h Line: 39)

BA_Generous found no data at degree 1, returning first defined. 
(Filename: C:\buildslave\unity\build\Runtime/Export/Debug/Debug.bindings.h Line: 39)

BA_Gourmet found no data at degree 1, returning first defined. 
(Filename: C:\buildslave\unity\build\Runtime/Export/Debug/Debug.bindings.h Line: 39)

BA_HealthConscious found no data at degree 1, returning first defined. 
(Filename: C:\buildslave\unity\build\Runtime/Export/Debug/Debug.bindings.h Line: 39)

BA_Mascot found no data at degree 1, returning first defined. 
(Filename: C:\buildslave\unity\build\Runtime/Export/Debug/Debug.bindings.h Line: 39)

BA_MathGenius found no data at degree 1, returning first defined. 
(Filename: C:\buildslave\unity\build\Runtime/Export/Debug/Debug.bindings.h Line: 39)

BA_Prodigy found no data at degree 1, returning first defined. 
(Filename: C:\buildslave\unity\build\Runtime/Export/Debug/Debug.bindings.h Line: 39)

BA_Scholar found no data at degree 1, returning first defined. 
(Filename: C:\buildslave\unity\build\Runtime/Export/Debug/Debug.bindings.h Line: 39)

BA_Serious found no data at degree 1, returning first defined. 
(Filename: C:\buildslave\unity\build\Runtime/Export/Debug/Debug.bindings.h Line: 39)

BA_TeamPlayer found no data at degree 1, returning first defined. 
(Filename: C:\buildslave\unity\build\Runtime/Export/Debug/Debug.bindings.h Line: 39)

BodyMastery found no data at degree 2, returning first defined. 
(Filename: C:\buildslave\unity\build\Runtime/Export/Debug/Debug.bindings.h Line: 39)

FastLearner found no data at degree 2, returning first defined. 
(Filename: C:\buildslave\unity\build\Runtime/Export/Debug/Debug.bindings.h Line: 39)

GreatMemory found no data at degree 2, returning first defined. 
(Filename: C:\buildslave\unity\build\Runtime/Export/Debug/Debug.bindings.h Line: 39)

Immunity found no data at degree 2, returning first defined. 
(Filename: C:\buildslave\unity\build\Runtime/Export/Debug/Debug.bindings.h Line: 39)

Joyous found no data at degree 2, returning first defined. 
(Filename: C:\buildslave\unity\build\Runtime/Export/Debug/Debug.bindings.h Line: 39)

KittyValor found no data at degree 2, returning first defined. 
(Filename: C:\buildslave\unity\build\Runtime/Export/Debug/Debug.bindings.h Line: 39)

Nimble found no data at degree 2, returning first defined. 
(Filename: C:\buildslave\unity\build\Runtime/Export/Debug/Debug.bindings.h Line: 39)

Occultist found no data at degree 2, returning first defined. 
(Filename: C:\buildslave\unity\build\Runtime/Export/Debug/Debug.bindings.h Line: 39)

PerfectMemory found no data at degree 2, returning first defined. 
(Filename: C:\buildslave\unity\build\Runtime/Export/Debug/Debug.bindings.h Line: 39)

QuickSleeper found no data at degree 2, returning first defined. 
(Filename: C:\buildslave\unity\build\Runtime/Export/Debug/Debug.bindings.h Line: 39)

SharpEye found no data at degree 2, returning first defined. 
(Filename: C:\buildslave\unity\build\Runtime/Export/Debug/Debug.bindings.h Line: 39)

SingleTailFox found no data at degree 2, returning first defined. 
(Filename: C:\buildslave\unity\build\Runtime/Export/Debug/Debug.bindings.h Line: 39)

Tough found no data at degree 2, returning first defined. 
(Filename: C:\buildslave\unity\build\Runtime/Export/Debug/Debug.bindings.h Line: 39)

ToxicResistance found no data at degree 2, returning first defined. 
(Filename: C:\buildslave\unity\build\Runtime/Export/Debug/Debug.bindings.h Line: 39)

YR_BeautifulVoice found no data at degree 2, returning first defined. 
(Filename: C:\buildslave\unity\build\Runtime/Export/Debug/Debug.bindings.h Line: 39)

BA_Athletic found no data at degree 1, returning first defined. 
(Filename: C:\buildslave\unity\build\Runtime/Export/Debug/Debug.bindings.h Line: 39)

BA_Bookworm found no data at degree 1, returning first defined. 
(Filename: C:\buildslave\unity\build\Runtime/Export/Debug/Debug.bindings.h Line: 39)

BA_Contradictory found no data at degree 1, returning first defined. 
(Filename: C:\buildslave\unity\build\Runtime/Export/Debug/Debug.bindings.h Line: 39)

BA_CultureEnthusiast found no data at degree 1, returning first defined. 
(Filename: C:\buildslave\unity\build\Runtime/Export/Debug/Debug.bindings.h Line: 39)

BA_GameManiac found no data at degree 1, returning first defined. 
(Filename: C:\buildslave\unity\build\Runtime/Export/Debug/Debug.bindings.h Line: 39)

BA_Generous found no data at degree 1, returning first defined. 
(Filename: C:\buildslave\unity\build\Runtime/Export/Debug/Debug.bindings.h Line: 39)

BA_Gourmet found no data at degree 1, returning first defined. 
(Filename: C:\buildslave\unity\build\Runtime/Export/Debug/Debug.bindings.h Line: 39)

BA_HealthConscious found no data at degree 1, returning first defined. 
(Filename: C:\buildslave\unity\build\Runtime/Export/Debug/Debug.bindings.h Line: 39)

BA_Mascot found no data at degree 1, returning first defined. 
(Filename: C:\buildslave\unity\build\Runtime/Export/Debug/Debug.bindings.h Line: 39)

BA_MathGenius found no data at degree 1, returning first defined. 
(Filename: C:\buildslave\unity\build\Runtime/Export/Debug/Debug.bindings.h Line: 39)

BA_Prodigy found no data at degree 1, returning first defined. 
(Filename: C:\buildslave\unity\build\Runtime/Export/Debug/Debug.bindings.h Line: 39)

BA_Scholar found no data at degree 1, returning first defined. 
(Filename: C:\buildslave\unity\build\Runtime/Export/Debug/Debug.bindings.h Line: 39)

BA_Serious found no data at degree 1, returning first defined. 
(Filename: C:\buildslave\unity\build\Runtime/Export/Debug/Debug.bindings.h Line: 39)

BA_TeamPlayer found no data at degree 1, returning first defined. 
(Filename: C:\buildslave\unity\build\Runtime/Export/Debug/Debug.bindings.h Line: 39)

BodyMastery found no data at degree 2, returning first defined. 
(Filename: C:\buildslave\unity\build\Runtime/Export/Debug/Debug.bindings.h Line: 39)

FastLearner found no data at degree 2, returning first defined. 
(Filename: C:\buildslave\unity\build\Runtime/Export/Debug/Debug.bindings.h Line: 39)

GreatMemory found no data at degree 2, returning first defined. 
(Filename: C:\buildslave\unity\build\Runtime/Export/Debug/Debug.bindings.h Line: 39)

Immunity found no data at degree 2, returning first defined. 
(Filename: C:\buildslave\unity\build\Runtime/Export/Debug/Debug.bindings.h Line: 39)

Joyous found no data at degree 2, returning first defined. 
(Filename: C:\buildslave\unity\build\Runtime/Export/Debug/Debug.bindings.h Line: 39)

KittyValor found no data at degree 2, returning first defined. 
(Filename: C:\buildslave\unity\build\Runtime/Export/Debug/Debug.bindings.h Line: 39)

Nimble found no data at degree 2, returning first defined. 
(Filename: C:\buildslave\unity\build\Runtime/Export/Debug/Debug.bindings.h Line: 39)

Occultist found no data at degree 2, returning first defined. 
(Filename: C:\buildslave\unity\build\Runtime/Export/Debug/Debug.bindings.h Line: 39)

PerfectMemory found no data at degree 2, returning first defined. 
(Filename: C:\buildslave\unity\build\Runtime/Export/Debug/Debug.bindings.h Line: 39)

QuickSleeper found no data at degree 2, returning first defined. 
(Filename: C:\buildslave\unity\build\Runtime/Export/Debug/Debug.bindings.h Line: 39)

SharpEye found no data at degree 2, returning first defined. 
(Filename: C:\buildslave\unity\build\Runtime/Export/Debug/Debug.bindings.h Line: 39)

SingleTailFox found no data at degree 2, returning first defined. 
(Filename: C:\buildslave\unity\build\Runtime/Export/Debug/Debug.bindings.h Line: 39)

Tough found no data at degree 2, returning first defined. 
(Filename: C:\buildslave\unity\build\Runtime/Export/Debug/Debug.bindings.h Line: 39)

ToxicResistance found no data at degree 2, returning first defined. 
(Filename: C:\buildslave\unity\build\Runtime/Export/Debug/Debug.bindings.h Line: 39)

YR_BeautifulVoice found no data at degree 2, returning first defined. 
(Filename: C:\buildslave\unity\build\Runtime/Export/Debug/Debug.bindings.h Line: 39)

BA_Athletic found no data at degree 1, returning first defined. 
(Filename: C:\buildslave\unity\build\Runtime/Export/Debug/Debug.bindings.h Line: 39)

BA_Bookworm found no data at degree 1, returning first defined. 
(Filename: C:\buildslave\unity\build\Runtime/Export/Debug/Debug.bindings.h Line: 39)

BA_Contradictory found no data at degree 1, returning first defined. 
(Filename: C:\buildslave\unity\build\Runtime/Export/Debug/Debug.bindings.h Line: 39)

BA_CultureEnthusiast found no data at degree 1, returning first defined. 
(Filename: C:\buildslave\unity\build\Runtime/Export/Debug/Debug.bindings.h Line: 39)

BA_GameManiac found no data at degree 1, returning first defined. 
(Filename: C:\buildslave\unity\build\Runtime/Export/Debug/Debug.bindings.h Line: 39)

BA_Generous found no data at degree 1, returning first defined. 
(Filename: C:\buildslave\unity\build\Runtime/Export/Debug/Debug.bindings.h Line: 39)

BA_Gourmet found no data at degree 1, returning first defined. 
(Filename: C:\buildslave\unity\build\Runtime/Export/Debug/Debug.bindings.h Line: 39)

BA_HealthConscious found no data at degree 1, returning first defined. 
(Filename: C:\buildslave\unity\build\Runtime/Export/Debug/Debug.bindings.h Line: 39)

BA_Mascot found no data at degree 1, returning first defined. 
(Filename: C:\buildslave\unity\build\Runtime/Export/Debug/Debug.bindings.h Line: 39)

BA_MathGenius found no data at degree 1, returning first defined. 
(Filename: C:\buildslave\unity\build\Runtime/Export/Debug/Debug.bindings.h Line: 39)

BA_Prodigy found no data at degree 1, returning first defined. 
(Filename: C:\buildslave\unity\build\Runtime/Export/Debug/Debug.bindings.h Line: 39)

BA_Scholar found no data at degree 1, returning first defined. 
(Filename: C:\buildslave\unity\build\Runtime/Export/Debug/Debug.bindings.h Line: 39)

BA_Serious found no data at degree 1, returning first defined. 
(Filename: C:\buildslave\unity\build\Runtime/Export/Debug/Debug.bindings.h Line: 39)

BA_TeamPlayer found no data at degree 1, returning first defined. 
(Filename: C:\buildslave\unity\build\Runtime/Export/Debug/Debug.bindings.h Line: 39)

BodyMastery found no data at degree 2, returning first defined. 
(Filename: C:\buildslave\unity\build\Runtime/Export/Debug/Debug.bindings.h Line: 39)

FastLearner found no data at degree 2, returning first defined. 
(Filename: C:\buildslave\unity\build\Runtime/Export/Debug/Debug.bindings.h Line: 39)

GreatMemory found no data at degree 2, returning first defined. 
(Filename: C:\buildslave\unity\build\Runtime/Export/Debug/Debug.bindings.h Line: 39)

Immunity found no data at degree 2, returning first defined. 
(Filename: C:\buildslave\unity\build\Runtime/Export/Debug/Debug.bindings.h Line: 39)

Joyous found no data at degree 2, returning first defined. 
(Filename: C:\buildslave\unity\build\Runtime/Export/Debug/Debug.bindings.h Line: 39)

KittyValor found no data at degree 2, returning first defined. 
(Filename: C:\buildslave\unity\build\Runtime/Export/Debug/Debug.bindings.h Line: 39)

Nimble found no data at degree 2, returning first defined. 
(Filename: C:\buildslave\unity\build\Runtime/Export/Debug/Debug.bindings.h Line: 39)

Occultist found no data at degree 2, returning first defined. 
(Filename: C:\buildslave\unity\build\Runtime/Export/Debug/Debug.bindings.h Line: 39)

PerfectMemory found no data at degree 2, returning first defined. 
(Filename: C:\buildslave\unity\build\Runtime/Export/Debug/Debug.bindings.h Line: 39)

QuickSleeper found no data at degree 2, returning first defined. 
(Filename: C:\buildslave\unity\build\Runtime/Export/Debug/Debug.bindings.h Line: 39)

SharpEye found no data at degree 2, returning first defined. 
(Filename: C:\buildslave\unity\build\Runtime/Export/Debug/Debug.bindings.h Line: 39)

SingleTailFox found no data at degree 2, returning first defined. 
(Filename: C:\buildslave\unity\build\Runtime/Export/Debug/Debug.bindings.h Line: 39)

Tough found no data at degree 2, returning first defined. 
(Filename: C:\buildslave\unity\build\Runtime/Export/Debug/Debug.bindings.h Line: 39)

ToxicResistance found no data at degree 2, returning first defined. 
(Filename: C:\buildslave\unity\build\Runtime/Export/Debug/Debug.bindings.h Line: 39)

YR_BeautifulVoice found no data at degree 2, returning first defined. 
(Filename: C:\buildslave\unity\build\Runtime/Export/Debug/Debug.bindings.h Line: 39)

BA_Athletic found no data at degree 1, returning first defined. 
(Filename: C:\buildslave\unity\build\Runtime/Export/Debug/Debug.bindings.h Line: 39)

BA_Bookworm found no data at degree 1, returning first defined. 
(Filename: C:\buildslave\unity\build\Runtime/Export/Debug/Debug.bindings.h Line: 39)

BA_Contradictory found no data at degree 1, returning first defined. 
(Filename: C:\buildslave\unity\build\Runtime/Export/Debug/Debug.bindings.h Line: 39)

BA_CultureEnthusiast found no data at degree 1, returning first defined. 
(Filename: C:\buildslave\unity\build\Runtime/Export/Debug/Debug.bindings.h Line: 39)

BA_GameManiac found no data at degree 1, returning first defined. 
(Filename: C:\buildslave\unity\build\Runtime/Export/Debug/Debug.bindings.h Line: 39)

BA_Generous found no data at degree 1, returning first defined. 
(Filename: C:\buildslave\unity\build\Runtime/Export/Debug/Debug.bindings.h Line: 39)

BA_Gourmet found no data at degree 1, returning first defined. 
(Filename: C:\buildslave\unity\build\Runtime/Export/Debug/Debug.bindings.h Line: 39)

BA_HealthConscious found no data at degree 1, returning first defined. 
(Filename: C:\buildslave\unity\build\Runtime/Export/Debug/Debug.bindings.h Line: 39)

BA_Mascot found no data at degree 1, returning first defined. 
(Filename: C:\buildslave\unity\build\Runtime/Export/Debug/Debug.bindings.h Line: 39)

BA_MathGenius found no data at degree 1, returning first defined. 
(Filename: C:\buildslave\unity\build\Runtime/Export/Debug/Debug.bindings.h Line: 39)

BA_Prodigy found no data at degree 1, returning first defined. 
(Filename: C:\buildslave\unity\build\Runtime/Export/Debug/Debug.bindings.h Line: 39)

BA_Scholar found no data at degree 1, returning first defined. 
(Filename: C:\buildslave\unity\build\Runtime/Export/Debug/Debug.bindings.h Line: 39)

BA_Serious found no data at degree 1, returning first defined. 
(Filename: C:\buildslave\unity\build\Runtime/Export/Debug/Debug.bindings.h Line: 39)

BA_TeamPlayer found no data at degree 1, returning first defined. 
(Filename: C:\buildslave\unity\build\Runtime/Export/Debug/Debug.bindings.h Line: 39)

BodyMastery found no data at degree 2, returning first defined. 
(Filename: C:\buildslave\unity\build\Runtime/Export/Debug/Debug.bindings.h Line: 39)

FastLearner found no data at degree 2, returning first defined. 
(Filename: C:\buildslave\unity\build\Runtime/Export/Debug/Debug.bindings.h Line: 39)

GreatMemory found no data at degree 2, returning first defined. 
(Filename: C:\buildslave\unity\build\Runtime/Export/Debug/Debug.bindings.h Line: 39)

Immunity found no data at degree 2, returning first defined. 
(Filename: C:\buildslave\unity\build\Runtime/Export/Debug/Debug.bindings.h Line: 39)

Joyous found no data at degree 2, returning first defined. 
(Filename: C:\buildslave\unity\build\Runtime/Export/Debug/Debug.bindings.h Line: 39)

KittyValor found no data at degree 2, returning first defined. 
(Filename: C:\buildslave\unity\build\Runtime/Export/Debug/Debug.bindings.h Line: 39)

Nimble found no data at degree 2, returning first defined. 
(Filename: C:\buildslave\unity\build\Runtime/Export/Debug/Debug.bindings.h Line: 39)

Occultist found no data at degree 2, returning first defined. 
(Filename: C:\buildslave\unity\build\Runtime/Export/Debug/Debug.bindings.h Line: 39)

PerfectMemory found no data at degree 2, returning first defined. 
(Filename: C:\buildslave\unity\build\Runtime/Export/Debug/Debug.bindings.h Line: 39)

QuickSleeper found no data at degree 2, returning first defined. 
(Filename: C:\buildslave\unity\build\Runtime/Export/Debug/Debug.bindings.h Line: 39)

SharpEye found no data at degree 2, returning first defined. 
(Filename: C:\buildslave\unity\build\Runtime/Export/Debug/Debug.bindings.h Line: 39)

SingleTailFox found no data at degree 2, returning first defined. 
(Filename: C:\buildslave\unity\build\Runtime/Export/Debug/Debug.bindings.h Line: 39)

Tough found no data at degree 2, returning first defined. 
(Filename: C:\buildslave\unity\build\Runtime/Export/Debug/Debug.bindings.h Line: 39)

ToxicResistance found no data at degree 2, returning first defined. 
(Filename: C:\buildslave\unity\build\Runtime/Export/Debug/Debug.bindings.h Line: 39)

YR_BeautifulVoice found no data at degree 2, returning first defined. 
(Filename: C:\buildslave\unity\build\Runtime/Export/Debug/Debug.bindings.h Line: 39)

BA_Athletic found no data at degree 1, returning first defined. 
(Filename: C:\buildslave\unity\build\Runtime/Export/Debug/Debug.bindings.h Line: 39)

BA_Bookworm found no data at degree 1, returning first defined. 
(Filename: C:\buildslave\unity\build\Runtime/Export/Debug/Debug.bindings.h Line: 39)

BA_Contradictory found no data at degree 1, returning first defined. 
(Filename: C:\buildslave\unity\build\Runtime/Export/Debug/Debug.bindings.h Line: 39)

BA_CultureEnthusiast found no data at degree 1, returning first defined. 
(Filename: C:\buildslave\unity\build\Runtime/Export/Debug/Debug.bindings.h Line: 39)

BA_GameManiac found no data at degree 1, returning first defined. 
(Filename: C:\buildslave\unity\build\Runtime/Export/Debug/Debug.bindings.h Line: 39)

BA_Generous found no data at degree 1, returning first defined. 
(Filename: C:\buildslave\unity\build\Runtime/Export/Debug/Debug.bindings.h Line: 39)

BA_Gourmet found no data at degree 1, returning first defined. 
(Filename: C:\buildslave\unity\build\Runtime/Export/Debug/Debug.bindings.h Line: 39)

BA_HealthConscious found no data at degree 1, returning first defined. 
(Filename: C:\buildslave\unity\build\Runtime/Export/Debug/Debug.bindings.h Line: 39)

BA_Mascot found no data at degree 1, returning first defined. 
(Filename: C:\buildslave\unity\build\Runtime/Export/Debug/Debug.bindings.h Line: 39)

BA_MathGenius found no data at degree 1, returning first defined. 
(Filename: C:\buildslave\unity\build\Runtime/Export/Debug/Debug.bindings.h Line: 39)

BA_Prodigy found no data at degree 1, returning first defined. 
(Filename: C:\buildslave\unity\build\Runtime/Export/Debug/Debug.bindings.h Line: 39)

BA_Scholar found no data at degree 1, returning first defined. 
(Filename: C:\buildslave\unity\build\Runtime/Export/Debug/Debug.bindings.h Line: 39)

BA_Serious found no data at degree 1, returning first defined. 
(Filename: C:\buildslave\unity\build\Runtime/Export/Debug/Debug.bindings.h Line: 39)

BA_TeamPlayer found no data at degree 1, returning first defined. 
(Filename: C:\buildslave\unity\build\Runtime/Export/Debug/Debug.bindings.h Line: 39)

BodyMastery found no data at degree 2, returning first defined. 
(Filename: C:\buildslave\unity\build\Runtime/Export/Debug/Debug.bindings.h Line: 39)

FastLearner found no data at degree 2, returning first defined. 
(Filename: C:\buildslave\unity\build\Runtime/Export/Debug/Debug.bindings.h Line: 39)

GreatMemory found no data at degree 2, returning first defined. 
(Filename: C:\buildslave\unity\build\Runtime/Export/Debug/Debug.bindings.h Line: 39)

Immunity found no data at degree 2, returning first defined. 
(Filename: C:\buildslave\unity\build\Runtime/Export/Debug/Debug.bindings.h Line: 39)

Joyous found no data at degree 2, returning first defined. 
(Filename: C:\buildslave\unity\build\Runtime/Export/Debug/Debug.bindings.h Line: 39)

KittyValor found no data at degree 2, returning first defined. 
(Filename: C:\buildslave\unity\build\Runtime/Export/Debug/Debug.bindings.h Line: 39)

Nimble found no data at degree 2, returning first defined. 
(Filename: C:\buildslave\unity\build\Runtime/Export/Debug/Debug.bindings.h Line: 39)

Occultist found no data at degree 2, returning first defined. 
(Filename: C:\buildslave\unity\build\Runtime/Export/Debug/Debug.bindings.h Line: 39)

PerfectMemory found no data at degree 2, returning first defined. 
(Filename: C:\buildslave\unity\build\Runtime/Export/Debug/Debug.bindings.h Line: 39)

QuickSleeper found no data at degree 2, returning first defined. 
(Filename: C:\buildslave\unity\build\Runtime/Export/Debug/Debug.bindings.h Line: 39)

SharpEye found no data at degree 2, returning first defined. 
(Filename: C:\buildslave\unity\build\Runtime/Export/Debug/Debug.bindings.h Line: 39)

SingleTailFox found no data at degree 2, returning first defined. 
(Filename: C:\buildslave\unity\build\Runtime/Export/Debug/Debug.bindings.h Line: 39)

Tough found no data at degree 2, returning first defined. 
(Filename: C:\buildslave\unity\build\Runtime/Export/Debug/Debug.bindings.h Line: 39)

ToxicResistance found no data at degree 2, returning first defined. 
(Filename: C:\buildslave\unity\build\Runtime/Export/Debug/Debug.bindings.h Line: 39)

YR_BeautifulVoice found no data at degree 2, returning first defined. 
(Filename: C:\buildslave\unity\build\Runtime/Export/Debug/Debug.bindings.h Line: 39)

BA_Athletic found no data at degree 1, returning first defined. 
(Filename: C:\buildslave\unity\build\Runtime/Export/Debug/Debug.bindings.h Line: 39)

BA_Bookworm found no data at degree 1, returning first defined. 
(Filename: C:\buildslave\unity\build\Runtime/Export/Debug/Debug.bindings.h Line: 39)

BA_Contradictory found no data at degree 1, returning first defined. 
(Filename: C:\buildslave\unity\build\Runtime/Export/Debug/Debug.bindings.h Line: 39)

BA_CultureEnthusiast found no data at degree 1, returning first defined. 
(Filename: C:\buildslave\unity\build\Runtime/Export/Debug/Debug.bindings.h Line: 39)

BA_GameManiac found no data at degree 1, returning first defined. 
(Filename: C:\buildslave\unity\build\Runtime/Export/Debug/Debug.bindings.h Line: 39)

BA_Generous found no data at degree 1, returning first defined. 
(Filename: C:\buildslave\unity\build\Runtime/Export/Debug/Debug.bindings.h Line: 39)

BA_Gourmet found no data at degree 1, returning first defined. 
(Filename: C:\buildslave\unity\build\Runtime/Export/Debug/Debug.bindings.h Line: 39)

BA_HealthConscious found no data at degree 1, returning first defined. 
(Filename: C:\buildslave\unity\build\Runtime/Export/Debug/Debug.bindings.h Line: 39)

BA_Mascot found no data at degree 1, returning first defined. 
(Filename: C:\buildslave\unity\build\Runtime/Export/Debug/Debug.bindings.h Line: 39)

BA_MathGenius found no data at degree 1, returning first defined. 
(Filename: C:\buildslave\unity\build\Runtime/Export/Debug/Debug.bindings.h Line: 39)

BA_Prodigy found no data at degree 1, returning first defined. 
(Filename: C:\buildslave\unity\build\Runtime/Export/Debug/Debug.bindings.h Line: 39)

BA_Scholar found no data at degree 1, returning first defined. 
(Filename: C:\buildslave\unity\build\Runtime/Export/Debug/Debug.bindings.h Line: 39)

BA_Serious found no data at degree 1, returning first defined. 
(Filename: C:\buildslave\unity\build\Runtime/Export/Debug/Debug.bindings.h Line: 39)

BA_TeamPlayer found no data at degree 1, returning first defined. 
(Filename: C:\buildslave\unity\build\Runtime/Export/Debug/Debug.bindings.h Line: 39)

BodyMastery found no data at degree 2, returning first defined. 
(Filename: C:\buildslave\unity\build\Runtime/Export/Debug/Debug.bindings.h Line: 39)

FastLearner found no data at degree 2, returning first defined. 
(Filename: C:\buildslave\unity\build\Runtime/Export/Debug/Debug.bindings.h Line: 39)

GreatMemory found no data at degree 2, returning first defined. 
(Filename: C:\buildslave\unity\build\Runtime/Export/Debug/Debug.bindings.h Line: 39)

Immunity found no data at degree 2, returning first defined. 
(Filename: C:\buildslave\unity\build\Runtime/Export/Debug/Debug.bindings.h Line: 39)

Joyous found no data at degree 2, returning first defined. 
(Filename: C:\buildslave\unity\build\Runtime/Export/Debug/Debug.bindings.h Line: 39)

KittyValor found no data at degree 2, returning first defined. 
(Filename: C:\buildslave\unity\build\Runtime/Export/Debug/Debug.bindings.h Line: 39)

Nimble found no data at degree 2, returning first defined. 
(Filename: C:\buildslave\unity\build\Runtime/Export/Debug/Debug.bindings.h Line: 39)

Occultist found no data at degree 2, returning first defined. 
(Filename: C:\buildslave\unity\build\Runtime/Export/Debug/Debug.bindings.h Line: 39)

PerfectMemory found no data at degree 2, returning first defined. 
(Filename: C:\buildslave\unity\build\Runtime/Export/Debug/Debug.bindings.h Line: 39)

QuickSleeper found no data at degree 2, returning first defined. 
(Filename: C:\buildslave\unity\build\Runtime/Export/Debug/Debug.bindings.h Line: 39)

SharpEye found no data at degree 2, returning first defined. 
(Filename: C:\buildslave\unity\build\Runtime/Export/Debug/Debug.bindings.h Line: 39)

SingleTailFox found no data at degree 2, returning first defined. 
(Filename: C:\buildslave\unity\build\Runtime/Export/Debug/Debug.bindings.h Line: 39)

Tough found no data at degree 2, returning first defined. 
(Filename: C:\buildslave\unity\build\Runtime/Export/Debug/Debug.bindings.h Line: 39)

ToxicResistance found no data at degree 2, returning first defined. 
(Filename: C:\buildslave\unity\build\Runtime/Export/Debug/Debug.bindings.h Line: 39)

YR_BeautifulVoice found no data at degree 2, returning first defined. 
(Filename: C:\buildslave\unity\build\Runtime/Export/Debug/Debug.bindings.h Line: 39)

BA_Athletic found no data at degree 1, returning first defined. 
(Filename: C:\buildslave\unity\build\Runtime/Export/Debug/Debug.bindings.h Line: 39)

BA_Bookworm found no data at degree 1, returning first defined. 
(Filename: C:\buildslave\unity\build\Runtime/Export/Debug/Debug.bindings.h Line: 39)

BA_Contradictory found no data at degree 1, returning first defined. 
(Filename: C:\buildslave\unity\build\Runtime/Export/Debug/Debug.bindings.h Line: 39)

BA_CultureEnthusiast found no data at degree 1, returning first defined. 
(Filename: C:\buildslave\unity\build\Runtime/Export/Debug/Debug.bindings.h Line: 39)

BA_GameManiac found no data at degree 1, returning first defined. 
(Filename: C:\buildslave\unity\build\Runtime/Export/Debug/Debug.bindings.h Line: 39)

BA_Generous found no data at degree 1, returning first defined. 
(Filename: C:\buildslave\unity\build\Runtime/Export/Debug/Debug.bindings.h Line: 39)

BA_Gourmet found no data at degree 1, returning first defined. 
(Filename: C:\buildslave\unity\build\Runtime/Export/Debug/Debug.bindings.h Line: 39)

BA_HealthConscious found no data at degree 1, returning first defined. 
(Filename: C:\buildslave\unity\build\Runtime/Export/Debug/Debug.bindings.h Line: 39)

BA_Mascot found no data at degree 1, returning first defined. 
(Filename: C:\buildslave\unity\build\Runtime/Export/Debug/Debug.bindings.h Line: 39)

BA_MathGenius found no data at degree 1, returning first defined. 
(Filename: C:\buildslave\unity\build\Runtime/Export/Debug/Debug.bindings.h Line: 39)

BA_Prodigy found no data at degree 1, returning first defined. 
(Filename: C:\buildslave\unity\build\Runtime/Export/Debug/Debug.bindings.h Line: 39)

BA_Scholar found no data at degree 1, returning first defined. 
(Filename: C:\buildslave\unity\build\Runtime/Export/Debug/Debug.bindings.h Line: 39)

BA_Serious found no data at degree 1, returning first defined. 
(Filename: C:\buildslave\unity\build\Runtime/Export/Debug/Debug.bindings.h Line: 39)

BA_TeamPlayer found no data at degree 1, returning first defined. 
(Filename: C:\buildslave\unity\build\Runtime/Export/Debug/Debug.bindings.h Line: 39)

BodyMastery found no data at degree 2, returning first defined. 
(Filename: C:\buildslave\unity\build\Runtime/Export/Debug/Debug.bindings.h Line: 39)

FastLearner found no data at degree 2, returning first defined. 
(Filename: C:\buildslave\unity\build\Runtime/Export/Debug/Debug.bindings.h Line: 39)

GreatMemory found no data at degree 2, returning first defined. 
(Filename: C:\buildslave\unity\build\Runtime/Export/Debug/Debug.bindings.h Line: 39)

Immunity found no data at degree 2, returning first defined. 
(Filename: C:\buildslave\unity\build\Runtime/Export/Debug/Debug.bindings.h Line: 39)

Joyous found no data at degree 2, returning first defined. 
(Filename: C:\buildslave\unity\build\Runtime/Export/Debug/Debug.bindings.h Line: 39)

KittyValor found no data at degree 2, returning first defined. 
(Filename: C:\buildslave\unity\build\Runtime/Export/Debug/Debug.bindings.h Line: 39)

Nimble found no data at degree 2, returning first defined. 
(Filename: C:\buildslave\unity\build\Runtime/Export/Debug/Debug.bindings.h Line: 39)

Occultist found no data at degree 2, returning first defined. 
(Filename: C:\buildslave\unity\build\Runtime/Export/Debug/Debug.bindings.h Line: 39)

PerfectMemory found no data at degree 2, returning first defined. 
(Filename: C:\buildslave\unity\build\Runtime/Export/Debug/Debug.bindings.h Line: 39)

QuickSleeper found no data at degree 2, returning first defined. 
(Filename: C:\buildslave\unity\build\Runtime/Export/Debug/Debug.bindings.h Line: 39)

SharpEye found no data at degree 2, returning first defined. 
(Filename: C:\buildslave\unity\build\Runtime/Export/Debug/Debug.bindings.h Line: 39)

SingleTailFox found no data at degree 2, returning first defined. 
(Filename: C:\buildslave\unity\build\Runtime/Export/Debug/Debug.bindings.h Line: 39)

Tough found no data at degree 2, returning first defined. 
(Filename: C:\buildslave\unity\build\Runtime/Export/Debug/Debug.bindings.h Line: 39)

ToxicResistance found no data at degree 2, returning first defined. 
(Filename: C:\buildslave\unity\build\Runtime/Export/Debug/Debug.bindings.h Line: 39)

YR_BeautifulVoice found no data at degree 2, returning first defined. 
(Filename: C:\buildslave\unity\build\Runtime/Export/Debug/Debug.bindings.h Line: 39)

BA_Athletic found no data at degree 1, returning first defined. 
(Filename: C:\buildslave\unity\build\Runtime/Export/Debug/Debug.bindings.h Line: 39)

BA_Bookworm found no data at degree 1, returning first defined. 
(Filename: C:\buildslave\unity\build\Runtime/Export/Debug/Debug.bindings.h Line: 39)

BA_Contradictory found no data at degree 1, returning first defined. 
(Filename: C:\buildslave\unity\build\Runtime/Export/Debug/Debug.bindings.h Line: 39)

BA_CultureEnthusiast found no data at degree 1, returning first defined. 
(Filename: C:\buildslave\unity\build\Runtime/Export/Debug/Debug.bindings.h Line: 39)

BA_GameManiac found no data at degree 1, returning first defined. 
(Filename: C:\buildslave\unity\build\Runtime/Export/Debug/Debug.bindings.h Line: 39)

BA_Generous found no data at degree 1, returning first defined. 
(Filename: C:\buildslave\unity\build\Runtime/Export/Debug/Debug.bindings.h Line: 39)

BA_Gourmet found no data at degree 1, returning first defined. 
(Filename: C:\buildslave\unity\build\Runtime/Export/Debug/Debug.bindings.h Line: 39)

BA_HealthConscious found no data at degree 1, returning first defined. 
(Filename: C:\buildslave\unity\build\Runtime/Export/Debug/Debug.bindings.h Line: 39)

BA_Mascot found no data at degree 1, returning first defined. 
(Filename: C:\buildslave\unity\build\Runtime/Export/Debug/Debug.bindings.h Line: 39)

BA_MathGenius found no data at degree 1, returning first defined. 
(Filename: C:\buildslave\unity\build\Runtime/Export/Debug/Debug.bindings.h Line: 39)

BA_Prodigy found no data at degree 1, returning first defined. 
(Filename: C:\buildslave\unity\build\Runtime/Export/Debug/Debug.bindings.h Line: 39)

BA_Scholar found no data at degree 1, returning first defined. 
(Filename: C:\buildslave\unity\build\Runtime/Export/Debug/Debug.bindings.h Line: 39)

BA_Serious found no data at degree 1, returning first defined. 
(Filename: C:\buildslave\unity\build\Runtime/Export/Debug/Debug.bindings.h Line: 39)

BA_TeamPlayer found no data at degree 1, returning first defined. 
(Filename: C:\buildslave\unity\build\Runtime/Export/Debug/Debug.bindings.h Line: 39)

BodyMastery found no data at degree 2, returning first defined. 
(Filename: C:\buildslave\unity\build\Runtime/Export/Debug/Debug.bindings.h Line: 39)

FastLearner found no data at degree 2, returning first defined. 
(Filename: C:\buildslave\unity\build\Runtime/Export/Debug/Debug.bindings.h Line: 39)

GreatMemory found no data at degree 2, returning first defined. 
(Filename: C:\buildslave\unity\build\Runtime/Export/Debug/Debug.bindings.h Line: 39)

Immunity found no data at degree 2, returning first defined. 
(Filename: C:\buildslave\unity\build\Runtime/Export/Debug/Debug.bindings.h Line: 39)

Joyous found no data at degree 2, returning first defined. 
(Filename: C:\buildslave\unity\build\Runtime/Export/Debug/Debug.bindings.h Line: 39)

KittyValor found no data at degree 2, returning first defined. 
(Filename: C:\buildslave\unity\build\Runtime/Export/Debug/Debug.bindings.h Line: 39)

Nimble found no data at degree 2, returning first defined. 
(Filename: C:\buildslave\unity\build\Runtime/Export/Debug/Debug.bindings.h Line: 39)

Occultist found no data at degree 2, returning first defined. 
(Filename: C:\buildslave\unity\build\Runtime/Export/Debug/Debug.bindings.h Line: 39)

PerfectMemory found no data at degree 2, returning first defined. 
(Filename: C:\buildslave\unity\build\Runtime/Export/Debug/Debug.bindings.h Line: 39)

QuickSleeper found no data at degree 2, returning first defined. 
(Filename: C:\buildslave\unity\build\Runtime/Export/Debug/Debug.bindings.h Line: 39)

SharpEye found no data at degree 2, returning first defined. 
(Filename: C:\buildslave\unity\build\Runtime/Export/Debug/Debug.bindings.h Line: 39)

SingleTailFox found no data at degree 2, returning first defined. 
(Filename: C:\buildslave\unity\build\Runtime/Export/Debug/Debug.bindings.h Line: 39)

Tough found no data at degree 2, returning first defined. 
(Filename: C:\buildslave\unity\build\Runtime/Export/Debug/Debug.bindings.h Line: 39)

ToxicResistance found no data at degree 2, returning first defined. 
(Filename: C:\buildslave\unity\build\Runtime/Export/Debug/Debug.bindings.h Line: 39)

YR_BeautifulVoice found no data at degree 2, returning first defined. 
(Filename: C:\buildslave\unity\build\Runtime/Export/Debug/Debug.bindings.h Line: 39)

BA_Athletic found no data at degree 1, returning first defined. 
(Filename: C:\buildslave\unity\build\Runtime/Export/Debug/Debug.bindings.h Line: 39)

BA_Bookworm found no data at degree 1, returning first defined. 
(Filename: C:\buildslave\unity\build\Runtime/Export/Debug/Debug.bindings.h Line: 39)

BA_Contradictory found no data at degree 1, returning first defined. 
(Filename: C:\buildslave\unity\build\Runtime/Export/Debug/Debug.bindings.h Line: 39)

BA_CultureEnthusiast found no data at degree 1, returning first defined. 
(Filename: C:\buildslave\unity\build\Runtime/Export/Debug/Debug.bindings.h Line: 39)

BA_GameManiac found no data at degree 1, returning first defined. 
(Filename: C:\buildslave\unity\build\Runtime/Export/Debug/Debug.bindings.h Line: 39)

BA_Generous found no data at degree 1, returning first defined. 
(Filename: C:\buildslave\unity\build\Runtime/Export/Debug/Debug.bindings.h Line: 39)

BA_Gourmet found no data at degree 1, returning first defined. 
(Filename: C:\buildslave\unity\build\Runtime/Export/Debug/Debug.bindings.h Line: 39)

BA_HealthConscious found no data at degree 1, returning first defined. 
(Filename: C:\buildslave\unity\build\Runtime/Export/Debug/Debug.bindings.h Line: 39)

BA_Mascot found no data at degree 1, returning first defined. 
(Filename: C:\buildslave\unity\build\Runtime/Export/Debug/Debug.bindings.h Line: 39)

BA_MathGenius found no data at degree 1, returning first defined. 
(Filename: C:\buildslave\unity\build\Runtime/Export/Debug/Debug.bindings.h Line: 39)

BA_Prodigy found no data at degree 1, returning first defined. 
(Filename: C:\buildslave\unity\build\Runtime/Export/Debug/Debug.bindings.h Line: 39)

BA_Scholar found no data at degree 1, returning first defined. 
(Filename: C:\buildslave\unity\build\Runtime/Export/Debug/Debug.bindings.h Line: 39)

BA_Serious found no data at degree 1, returning first defined. 
(Filename: C:\buildslave\unity\build\Runtime/Export/Debug/Debug.bindings.h Line: 39)

BA_TeamPlayer found no data at degree 1, returning first defined. 
(Filename: C:\buildslave\unity\build\Runtime/Export/Debug/Debug.bindings.h Line: 39)

BodyMastery found no data at degree 2, returning first defined. 
(Filename: C:\buildslave\unity\build\Runtime/Export/Debug/Debug.bindings.h Line: 39)

FastLearner found no data at degree 2, returning first defined. 
(Filename: C:\buildslave\unity\build\Runtime/Export/Debug/Debug.bindings.h Line: 39)

GreatMemory found no data at degree 2, returning first defined. 
(Filename: C:\buildslave\unity\build\Runtime/Export/Debug/Debug.bindings.h Line: 39)

Immunity found no data at degree 2, returning first defined. 
(Filename: C:\buildslave\unity\build\Runtime/Export/Debug/Debug.bindings.h Line: 39)

Joyous found no data at degree 2, returning first defined. 
(Filename: C:\buildslave\unity\build\Runtime/Export/Debug/Debug.bindings.h Line: 39)

KittyValor found no data at degree 2, returning first defined. 
(Filename: C:\buildslave\unity\build\Runtime/Export/Debug/Debug.bindings.h Line: 39)

Nimble found no data at degree 2, returning first defined. 
(Filename: C:\buildslave\unity\build\Runtime/Export/Debug/Debug.bindings.h Line: 39)

Occultist found no data at degree 2, returning first defined. 
(Filename: C:\buildslave\unity\build\Runtime/Export/Debug/Debug.bindings.h Line: 39)

PerfectMemory found no data at degree 2, returning first defined. 
(Filename: C:\buildslave\unity\build\Runtime/Export/Debug/Debug.bindings.h Line: 39)

QuickSleeper found no data at degree 2, returning first defined. 
(Filename: C:\buildslave\unity\build\Runtime/Export/Debug/Debug.bindings.h Line: 39)

SharpEye found no data at degree 2, returning first defined. 
(Filename: C:\buildslave\unity\build\Runtime/Export/Debug/Debug.bindings.h Line: 39)

SingleTailFox found no data at degree 2, returning first defined. 
(Filename: C:\buildslave\unity\build\Runtime/Export/Debug/Debug.bindings.h Line: 39)

Tough found no data at degree 2, returning first defined. 
(Filename: C:\buildslave\unity\build\Runtime/Export/Debug/Debug.bindings.h Line: 39)

ToxicResistance found no data at degree 2, returning first defined. 
(Filename: C:\buildslave\unity\build\Runtime/Export/Debug/Debug.bindings.h Line: 39)

YR_BeautifulVoice found no data at degree 2, returning first defined. 
(Filename: C:\buildslave\unity\build\Runtime/Export/Debug/Debug.bindings.h Line: 39)

BA_Athletic found no data at degree 1, returning first defined. 
(Filename: C:\buildslave\unity\build\Runtime/Export/Debug/Debug.bindings.h Line: 39)

BA_Bookworm found no data at degree 1, returning first defined. 
(Filename: C:\buildslave\unity\build\Runtime/Export/Debug/Debug.bindings.h Line: 39)

BA_Contradictory found no data at degree 1, returning first defined. 
(Filename: C:\buildslave\unity\build\Runtime/Export/Debug/Debug.bindings.h Line: 39)

BA_CultureEnthusiast found no data at degree 1, returning first defined. 
(Filename: C:\buildslave\unity\build\Runtime/Export/Debug/Debug.bindings.h Line: 39)

BA_GameManiac found no data at degree 1, returning first defined. 
(Filename: C:\buildslave\unity\build\Runtime/Export/Debug/Debug.bindings.h Line: 39)

BA_Generous found no data at degree 1, returning first defined. 
(Filename: C:\buildslave\unity\build\Runtime/Export/Debug/Debug.bindings.h Line: 39)

BA_Gourmet found no data at degree 1, returning first defined. 
(Filename: C:\buildslave\unity\build\Runtime/Export/Debug/Debug.bindings.h Line: 39)

BA_HealthConscious found no data at degree 1, returning first defined. 
(Filename: C:\buildslave\unity\build\Runtime/Export/Debug/Debug.bindings.h Line: 39)

BA_Mascot found no data at degree 1, returning first defined. 
(Filename: C:\buildslave\unity\build\Runtime/Export/Debug/Debug.bindings.h Line: 39)

BA_MathGenius found no data at degree 1, returning first defined. 
(Filename: C:\buildslave\unity\build\Runtime/Export/Debug/Debug.bindings.h Line: 39)

BA_Prodigy found no data at degree 1, returning first defined. 
(Filename: C:\buildslave\unity\build\Runtime/Export/Debug/Debug.bindings.h Line: 39)

BA_Scholar found no data at degree 1, returning first defined. 
(Filename: C:\buildslave\unity\build\Runtime/Export/Debug/Debug.bindings.h Line: 39)

BA_Serious found no data at degree 1, returning first defined. 
(Filename: C:\buildslave\unity\build\Runtime/Export/Debug/Debug.bindings.h Line: 39)

BA_TeamPlayer found no data at degree 1, returning first defined. 
(Filename: C:\buildslave\unity\build\Runtime/Export/Debug/Debug.bindings.h Line: 39)

BodyMastery found no data at degree 2, returning first defined. 
(Filename: C:\buildslave\unity\build\Runtime/Export/Debug/Debug.bindings.h Line: 39)

Reached max messages limit. Stopping logging to avoid spam. 
(Filename: C:\buildslave\unity\build\Runtime/Export/Debug/Debug.bindings.h Line: 39)

FastLearner found no data at degree 2, returning first defined. 
(Filename: C:\buildslave\unity\build\Runtime/Export/Debug/Debug.bindings.h Line: 39)

Unloading 5 Unused Serialized files (Serialized files now loaded: 5)

Unloading 1563 unused Assets to reduce memory usage. Loaded Objects now: 64507.
Total: 857.048800 ms (FindLiveObjects: 2.433000 ms CreateObjectMapping: 0.943500 ms MarkObjects: 852.327500 ms  DeleteObjects: 1.343800 ms)

GUI Error: You are pushing more GUIClips than you are popping. Make sure they are balanced. 
(Filename:  Line: 580)

GUI Error: You are pushing more GUIClips than you are popping. Make sure they are balanced. 
(Filename:  Line: 580)

GUI Error: You are pushing more GUIClips than you are popping. Make sure they are balanced. 
(Filename:  Line: 580)

GUI Error: You are pushing more GUIClips than you are popping. Make sure they are balanced. 
(Filename:  Line: 580)

GUI Error: You are pushing more GUIClips than you are popping. Make sure they are balanced. 
(Filename:  Line: 580)

GUI Error: You are pushing more GUIClips than you are popping. Make sure they are balanced. 
(Filename:  Line: 580)

GUI Error: You are pushing more GUIClips than you are popping. Make sure they are balanced. 
(Filename:  Line: 580)

GUI Error: You are pushing more GUIClips than you are popping. Make sure they are balanced. 
(Filename:  Line: 580)

GUI Error: You are pushing more GUIClips than you are popping. Make sure they are balanced. 
(Filename:  Line: 580)

GUI Error: You are pushing more GUIClips than you are popping. Make sure they are balanced. 
(Filename:  Line: 580)

GUI Error: You are pushing more GUIClips than you are popping. Make sure they are balanced. 
(Filename:  Line: 580)

GUI Error: You are pushing more GUIClips than you are popping. Make sure they are balanced. 
(Filename:  Line: 580)

GUI Error: You are pushing more GUIClips than you are popping. Make sure they are balanced. 
(Filename:  Line: 580)

GUI Error: You are pushing more GUIClips than you are popping. Make sure they are balanced. 
(Filename:  Line: 580)

GUI Error: You are pushing more GUIClips than you are popping. Make sure they are balanced. 
(Filename:  Line: 580)

GUI Error: You are pushing more GUIClips than you are popping. Make sure they are balanced. 
(Filename:  Line: 580)

GUI Error: You are pushing more GUIClips than you are popping. Make sure they are balanced. 
(Filename:  Line: 580)

GUI Error: You are pushing more GUIClips than you are popping. Make sure they are balanced. 
(Filename:  Line: 580)

GUI Error: You are pushing more GUIClips than you are popping. Make sure they are balanced. 
(Filename:  Line: 580)

GUI Error: You are pushing more GUIClips than you are popping. Make sure they are balanced. 
(Filename:  Line: 580)

GUI Error: You are pushing more GUIClips than you are popping. Make sure they are balanced. 
(Filename:  Line: 580)

GUI Error: You are pushing more GUIClips than you are popping. Make sure they are balanced. 
(Filename:  Line: 580)

GUI Error: You are pushing more GUIClips than you are popping. Make sure they are balanced. 
(Filename:  Line: 580)

GUI Error: You are pushing more GUIClips than you are popping. Make sure they are balanced. 
(Filename:  Line: 580)

GUI Error: You are pushing more GUIClips than you are popping. Make sure they are balanced. 
(Filename:  Line: 580)

GUI Error: You are pushing more GUIClips than you are popping. Make sure they are balanced. 
(Filename:  Line: 580)

GUI Error: You are pushing more GUIClips than you are popping. Make sure they are balanced. 
(Filename:  Line: 580)

GUI Error: You are pushing more GUIClips than you are popping. Make sure they are balanced. 
(Filename:  Line: 580)

GUI Error: You are pushing more GUIClips than you are popping. Make sure they are balanced. 
(Filename:  Line: 580)

GUI Error: You are pushing more GUIClips than you are popping. Make sure they are balanced. 
(Filename:  Line: 580)

GUI Error: You are pushing more GUIClips than you are popping. Make sure they are balanced. 
(Filename:  Line: 580)

GUI Error: You are pushing more GUIClips than you are popping. Make sure they are balanced. 
(Filename:  Line: 580)

GUI Error: You are pushing more GUIClips than you are popping. Make sure they are balanced. 
(Filename:  Line: 580)

GUI Error: You are pushing more GUIClips than you are popping. Make sure they are balanced. 
(Filename:  Line: 580)

GUI Error: You are pushing more GUIClips than you are popping. Make sure they are balanced. 
(Filename:  Line: 580)

GUI Error: You are pushing more GUIClips than you are popping. Make sure they are balanced. 
(Filename:  Line: 580)

GUI Error: You are pushing more GUIClips than you are popping. Make sure they are balanced. 
(Filename:  Line: 580)

GUI Error: You are pushing more GUIClips than you are popping. Make sure they are balanced. 
(Filename:  Line: 580)

GUI Error: You are pushing more GUIClips than you are popping. Make sure they are balanced. 
(Filename:  Line: 580)

GUI Error: You are pushing more GUIClips than you are popping. Make sure they are balanced. 
(Filename:  Line: 580)

GUI Error: You are pushing more GUIClips than you are popping. Make sure they are balanced. 
(Filename:  Line: 580)

GUI Error: You are pushing more GUIClips than you are popping. Make sure they are balanced. 
(Filename:  Line: 580)

GUI Error: You are pushing more GUIClips than you are popping. Make sure they are balanced. 
(Filename:  Line: 580)

GUI Error: You are pushing more GUIClips than you are popping. Make sure they are balanced. 
(Filename:  Line: 580)

GUI Error: You are pushing more GUIClips than you are popping. Make sure they are balanced. 
(Filename:  Line: 580)

GUI Error: You are pushing more GUIClips than you are popping. Make sure they are balanced. 
(Filename:  Line: 580)

GUI Error: You are pushing more GUIClips than you are popping. Make sure they are balanced. 
(Filename:  Line: 580)

GUI Error: You are pushing more GUIClips than you are popping. Make sure they are balanced. 
(Filename:  Line: 580)

GUI Error: You are pushing more GUIClips than you are popping. Make sure they are balanced. 
(Filename:  Line: 580)

GUI Error: You are pushing more GUIClips than you are popping. Make sure they are balanced. 
(Filename:  Line: 580)

GUI Error: You are pushing more GUIClips than you are popping. Make sure they are balanced. 
(Filename:  Line: 580)

GUI Error: You are pushing more GUIClips than you are popping. Make sure they are balanced. 
(Filename:  Line: 580)

GUI Error: You are pushing more GUIClips than you are popping. Make sure they are balanced. 
(Filename:  Line: 580)

GUI Error: You are pushing more GUIClips than you are popping. Make sure they are balanced. 
(Filename:  Line: 580)

GUI Error: You are pushing more GUIClips than you are popping. Make sure they are balanced. 
(Filename:  Line: 580)

GUI Error: You are pushing more GUIClips than you are popping. Make sure they are balanced. 
(Filename:  Line: 580)

GUI Error: You are pushing more GUIClips than you are popping. Make sure they are balanced. 
(Filename:  Line: 580)

GUI Error: You are pushing more GUIClips than you are popping. Make sure they are balanced. 
(Filename:  Line: 580)

GUI Error: You are pushing more GUIClips than you are popping. Make sure they are balanced. 
(Filename:  Line: 580)

GUI Error: You are pushing more GUIClips than you are popping. Make sure they are balanced. 
(Filename:  Line: 580)

GUI Error: You are pushing more GUIClips than you are popping. Make sure they are balanced. 
(Filename:  Line: 580)

GUI Error: You are pushing more GUIClips than you are popping. Make sure they are balanced. 
(Filename:  Line: 580)

GUI Error: You are pushing more GUIClips than you are popping. Make sure they are balanced. 
(Filename:  Line: 580)

GUI Error: You are pushing more GUIClips than you are popping. Make sure they are balanced. 
(Filename:  Line: 580)

GUI Error: You are pushing more GUIClips than you are popping. Make sure they are balanced. 
(Filename:  Line: 580)

GUI Error: You are pushing more GUIClips than you are popping. Make sure they are balanced. 
(Filename:  Line: 580)

GUI Error: You are pushing more GUIClips than you are popping. Make sure they are balanced. 
(Filename:  Line: 580)

GUI Error: You are pushing more GUIClips than you are popping. Make sure they are balanced. 
(Filename:  Line: 580)

GUI Error: You are pushing more GUIClips than you are popping. Make sure they are balanced. 
(Filename:  Line: 580)

GUI Error: You are pushing more GUIClips than you are popping. Make sure they are balanced. 
(Filename:  Line: 580)

GUI Error: You are pushing more GUIClips than you are popping. Make sure they are balanced. 
(Filename:  Line: 580)

GUI Error: You are pushing more GUIClips than you are popping. Make sure they are balanced. 
(Filename:  Line: 580)

GUI Error: You are pushing more GUIClips than you are popping. Make sure they are balanced. 
(Filename:  Line: 580)

GUI Error: You are pushing more GUIClips than you are popping. Make sure they are balanced. 
(Filename:  Line: 580)

GUI Error: You are pushing more GUIClips than you are popping. Make sure they are balanced. 
(Filename:  Line: 580)

GUI Error: You are pushing more GUIClips than you are popping. Make sure they are balanced. 
(Filename:  Line: 580)

GUI Error: You are pushing more GUIClips than you are popping. Make sure they are balanced. 
(Filename:  Line: 580)

GUI Error: You are pushing more GUIClips than you are popping. Make sure they are balanced. 
(Filename:  Line: 580)

GUI Error: You are pushing more GUIClips than you are popping. Make sure they are balanced. 
(Filename:  Line: 580)

GUI Error: You are pushing more GUIClips than you are popping. Make sure they are balanced. 
(Filename:  Line: 580)

GUI Error: You are pushing more GUIClips than you are popping. Make sure they are balanced. 
(Filename:  Line: 580)

GUI Error: You are pushing more GUIClips than you are popping. Make sure they are balanced. 
(Filename:  Line: 580)

GUI Error: You are pushing more GUIClips than you are popping. Make sure they are balanced. 
(Filename:  Line: 580)

GUI Error: You are pushing more GUIClips than you are popping. Make sure they are balanced. 
(Filename:  Line: 580)

GUI Error: You are pushing more GUIClips than you are popping. Make sure they are balanced. 
(Filename:  Line: 580)

GUI Error: You are pushing more GUIClips than you are popping. Make sure they are balanced. 
(Filename:  Line: 580)

GUI Error: You are pushing more GUIClips than you are popping. Make sure they are balanced. 
(Filename:  Line: 580)

GUI Error: You are pushing more GUIClips than you are popping. Make sure they are balanced. 
(Filename:  Line: 580)

GUI Error: You are pushing more GUIClips than you are popping. Make sure they are balanced. 
(Filename:  Line: 580)

GUI Error: You are pushing more GUIClips than you are popping. Make sure they are balanced. 
(Filename:  Line: 580)

GUI Error: You are pushing more GUIClips than you are popping. Make sure they are balanced. 
(Filename:  Line: 580)

GUI Error: You are pushing more GUIClips than you are popping. Make sure they are balanced. 
(Filename:  Line: 580)

GUI Error: You are pushing more GUIClips than you are popping. Make sure they are balanced. 
(Filename:  Line: 580)

GUI Error: You are pushing more GUIClips than you are popping. Make sure they are balanced. 
(Filename:  Line: 580)

GUI Error: You are pushing more GUIClips than you are popping. Make sure they are balanced. 
(Filename:  Line: 580)

GUI Error: You are pushing more GUIClips than you are popping. Make sure they are balanced. 
(Filename:  Line: 580)

GUI Error: You are pushing more GUIClips than you are popping. Make sure they are balanced. 
(Filename:  Line: 580)

GUI Error: You are pushing more GUIClips than you are popping. Make sure they are balanced. 
(Filename:  Line: 580)

GUI Error: You are pushing more GUIClips than you are popping. Make sure they are balanced. 
(Filename:  Line: 580)

GUI Error: You are pushing more GUIClips than you are popping. Make sure they are balanced. 
(Filename:  Line: 580)

GUI Error: You are pushing more GUIClips than you are popping. Make sure they are balanced. 
(Filename:  Line: 580)

GUI Error: You are pushing more GUIClips than you are popping. Make sure they are balanced. 
(Filename:  Line: 580)

GUI Error: You are pushing more GUIClips than you are popping. Make sure they are balanced. 
(Filename:  Line: 580)

GUI Error: You are pushing more GUIClips than you are popping. Make sure they are balanced. 
(Filename:  Line: 580)

GUI Error: You are pushing more GUIClips than you are popping. Make sure they are balanced. 
(Filename:  Line: 580)

GUI Error: You are pushing more GUIClips than you are popping. Make sure they are balanced. 
(Filename:  Line: 580)

GUI Error: You are pushing more GUIClips than you are popping. Make sure they are balanced. 
(Filename:  Line: 580)

GUI Error: You are pushing more GUIClips than you are popping. Make sure they are balanced. 
(Filename:  Line: 580)

GUI Error: You are pushing more GUIClips than you are popping. Make sure they are balanced. 
(Filename:  Line: 580)

GUI Error: You are pushing more GUIClips than you are popping. Make sure they are balanced. 
(Filename:  Line: 580)

GUI Error: You are pushing more GUIClips than you are popping. Make sure they are balanced. 
(Filename:  Line: 580)

GUI Error: You are pushing more GUIClips than you are popping. Make sure they are balanced. 
(Filename:  Line: 580)

GUI Error: You are pushing more GUIClips than you are popping. Make sure they are balanced. 
(Filename:  Line: 580)

GUI Error: You are pushing more GUIClips than you are popping. Make sure they are balanced. 
(Filename:  Line: 580)

GUI Error: You are pushing more GUIClips than you are popping. Make sure they are balanced. 
(Filename:  Line: 580)

GUI Error: You are pushing more GUIClips than you are popping. Make sure they are balanced. 
(Filename:  Line: 580)

GUI Error: You are pushing more GUIClips than you are popping. Make sure they are balanced. 
(Filename:  Line: 580)

GUI Error: You are pushing more GUIClips than you are popping. Make sure they are balanced. 
(Filename:  Line: 580)

GUI Error: You are pushing more GUIClips than you are popping. Make sure they are balanced. 
(Filename:  Line: 580)

GUI Error: You are pushing more GUIClips than you are popping. Make sure they are balanced. 
(Filename:  Line: 580)

GUI Error: You are pushing more GUIClips than you are popping. Make sure they are balanced. 
(Filename:  Line: 580)

GUI Error: You are pushing more GUIClips than you are popping. Make sure they are balanced. 
(Filename:  Line: 580)

GUI Error: You are pushing more GUIClips than you are popping. Make sure they are balanced. 
(Filename:  Line: 580)

GUI Error: You are pushing more GUIClips than you are popping. Make sure they are balanced. 
(Filename:  Line: 580)

GUI Error: You are pushing more GUIClips than you are popping. Make sure they are balanced. 
(Filename:  Line: 580)

GUI Error: You are pushing more GUIClips than you are popping. Make sure they are balanced. 
(Filename:  Line: 580)

GUI Error: You are pushing more GUIClips than you are popping. Make sure they are balanced. 
(Filename:  Line: 580)

GUI Error: You are pushing more GUIClips than you are popping. Make sure they are balanced. 
(Filename:  Line: 580)

GUI Error: You are pushing more GUIClips than you are popping. Make sure they are balanced. 
(Filename:  Line: 580)

GUI Error: You are pushing more GUIClips than you are popping. Make sure they are balanced. 
(Filename:  Line: 580)

GUI Error: You are pushing more GUIClips than you are popping. Make sure they are balanced. 
(Filename:  Line: 580)

GUI Error: You are pushing more GUIClips than you are popping. Make sure they are balanced. 
(Filename:  Line: 580)

GUI Error: You are pushing more GUIClips than you are popping. Make sure they are balanced. 
(Filename:  Line: 580)

GUI Error: You are pushing more GUIClips than you are popping. Make sure they are balanced. 
(Filename:  Line: 580)

GUI Error: You are pushing more GUIClips than you are popping. Make sure they are balanced. 
(Filename:  Line: 580)

GUI Error: You are pushing more GUIClips than you are popping. Make sure they are balanced. 
(Filename:  Line: 580)

GUI Error: You are pushing more GUIClips than you are popping. Make sure they are balanced. 
(Filename:  Line: 580)

GUI Error: You are pushing more GUIClips than you are popping. Make sure they are balanced. 
(Filename:  Line: 580)

GUI Error: You are pushing more GUIClips than you are popping. Make sure they are balanced. 
(Filename:  Line: 580)

GUI Error: You are pushing more GUIClips than you are popping. Make sure they are balanced. 
(Filename:  Line: 580)

GUI Error: You are pushing more GUIClips than you are popping. Make sure they are balanced. 
(Filename:  Line: 580)

GUI Error: You are pushing more GUIClips than you are popping. Make sure they are balanced. 
(Filename:  Line: 580)

GUI Error: You are pushing more GUIClips than you are popping. Make sure they are balanced. 
(Filename:  Line: 580)

GUI Error: You are pushing more GUIClips than you are popping. Make sure they are balanced. 
(Filename:  Line: 580)

GUI Error: You are pushing more GUIClips than you are popping. Make sure they are balanced. 
(Filename:  Line: 580)

GUI Error: You are pushing more GUIClips than you are popping. Make sure they are balanced. 
(Filename:  Line: 580)

GUI Error: You are pushing more GUIClips than you are popping. Make sure they are balanced. 
(Filename:  Line: 580)

GUI Error: You are pushing more GUIClips than you are popping. Make sure they are balanced. 
(Filename:  Line: 580)

GUI Error: You are pushing more GUIClips than you are popping. Make sure they are balanced. 
(Filename:  Line: 580)

GUI Error: You are pushing more GUIClips than you are popping. Make sure they are balanced. 
(Filename:  Line: 580)

GUI Error: You are pushing more GUIClips than you are popping. Make sure they are balanced. 
(Filename:  Line: 580)

GUI Error: You are pushing more GUIClips than you are popping. Make sure they are balanced. 
(Filename:  Line: 580)

GUI Error: You are pushing more GUIClips than you are popping. Make sure they are balanced. 
(Filename:  Line: 580)

GUI Error: You are pushing more GUIClips than you are popping. Make sure they are balanced. 
(Filename:  Line: 580)

GUI Error: You are pushing more GUIClips than you are popping. Make sure they are balanced. 
(Filename:  Line: 580)

GUI Error: You are pushing more GUIClips than you are popping. Make sure they are balanced. 
(Filename:  Line: 580)

GUI Error: You are pushing more GUIClips than you are popping. Make sure they are balanced. 
(Filename:  Line: 580)

GUI Error: You are pushing more GUIClips than you are popping. Make sure they are balanced. 
(Filename:  Line: 580)

GUI Error: You are pushing more GUIClips than you are popping. Make sure they are balanced. 
(Filename:  Line: 580)

GUI Error: You are pushing more GUIClips than you are popping. Make sure they are balanced. 
(Filename:  Line: 580)

GUI Error: You are pushing more GUIClips than you are popping. Make sure they are balanced. 
(Filename:  Line: 580)

GUI Error: You are pushing more GUIClips than you are popping. Make sure they are balanced. 
(Filename:  Line: 580)

GUI Error: You are pushing more GUIClips than you are popping. Make sure they are balanced. 
(Filename:  Line: 580)

GUI Error: You are pushing more GUIClips than you are popping. Make sure they are balanced. 
(Filename:  Line: 580)

GUI Error: You are pushing more GUIClips than you are popping. Make sure they are balanced. 
(Filename:  Line: 580)

GUI Error: You are pushing more GUIClips than you are popping. Make sure they are balanced. 
(Filename:  Line: 580)

GUI Error: You are pushing more GUIClips than you are popping. Make sure they are balanced. 
(Filename:  Line: 580)

GUI Error: You are pushing more GUIClips than you are popping. Make sure they are balanced. 
(Filename:  Line: 580)

GUI Error: You are pushing more GUIClips than you are popping. Make sure they are balanced. 
(Filename:  Line: 580)

GUI Error: You are pushing more GUIClips than you are popping. Make sure they are balanced. 
(Filename:  Line: 580)

GUI Error: You are pushing more GUIClips than you are popping. Make sure they are balanced. 
(Filename:  Line: 580)

GUI Error: You are pushing more GUIClips than you are popping. Make sure they are balanced. 
(Filename:  Line: 580)

GUI Error: You are pushing more GUIClips than you are popping. Make sure they are balanced. 
(Filename:  Line: 580)

GUI Error: You are pushing more GUIClips than you are popping. Make sure they are balanced. 
(Filename:  Line: 580)

GUI Error: You are pushing more GUIClips than you are popping. Make sure they are balanced. 
(Filename:  Line: 580)

GUI Error: You are pushing more GUIClips than you are popping. Make sure they are balanced. 
(Filename:  Line: 580)

GUI Error: You are pushing more GUIClips than you are popping. Make sure they are balanced. 
(Filename:  Line: 580)

GUI Error: You are pushing more GUIClips than you are popping. Make sure they are balanced. 
(Filename:  Line: 580)

GUI Error: You are pushing more GUIClips than you are popping. Make sure they are balanced. 
(Filename:  Line: 580)

GUI Error: You are pushing more GUIClips than you are popping. Make sure they are balanced. 
(Filename:  Line: 580)

GUI Error: You are pushing more GUIClips than you are popping. Make sure they are balanced. 
(Filename:  Line: 580)

GUI Error: You are pushing more GUIClips than you are popping. Make sure they are balanced. 
(Filename:  Line: 580)

GUI Error: You are pushing more GUIClips than you are popping. Make sure they are balanced. 
(Filename:  Line: 580)

GUI Error: You are pushing more GUIClips than you are popping. Make sure they are balanced. 
(Filename:  Line: 580)

GUI Error: You are pushing more GUIClips than you are popping. Make sure they are balanced. 
(Filename:  Line: 580)

GUI Error: You are pushing more GUIClips than you are popping. Make sure they are balanced. 
(Filename:  Line: 580)

GUI Error: You are pushing more GUIClips than you are popping. Make sure they are balanced. 
(Filename:  Line: 580)

GUI Error: You are pushing more GUIClips than you are popping. Make sure they are balanced. 
(Filename:  Line: 580)

GUI Error: You are pushing more GUIClips than you are popping. Make sure they are balanced. 
(Filename:  Line: 580)

GUI Error: You are pushing more GUIClips than you are popping. Make sure they are balanced. 
(Filename:  Line: 580)

GUI Error: You are pushing more GUIClips than you are popping. Make sure they are balanced. 
(Filename:  Line: 580)

GUI Error: You are pushing more GUIClips than you are popping. Make sure they are balanced. 
(Filename:  Line: 580)

GUI Error: You are pushing more GUIClips than you are popping. Make sure they are balanced. 
(Filename:  Line: 580)

GUI Error: You are pushing more GUIClips than you are popping. Make sure they are balanced. 
(Filename:  Line: 580)

GUI Error: You are pushing more GUIClips than you are popping. Make sure they are balanced. 
(Filename:  Line: 580)

GUI Error: You are pushing more GUIClips than you are popping. Make sure they are balanced. 
(Filename:  Line: 580)

GUI Error: You are pushing more GUIClips than you are popping. Make sure they are balanced. 
(Filename:  Line: 580)

GUI Error: You are pushing more GUIClips than you are popping. Make sure they are balanced. 
(Filename:  Line: 580)

GUI Error: You are pushing more GUIClips than you are popping. Make sure they are balanced. 
(Filename:  Line: 580)

GUI Error: You are pushing more GUIClips than you are popping. Make sure they are balanced. 
(Filename:  Line: 580)

GUI Error: You are pushing more GUIClips than you are popping. Make sure they are balanced. 
(Filename:  Line: 580)

GUI Error: You are pushing more GUIClips than you are popping. Make sure they are balanced. 
(Filename:  Line: 580)

GUI Error: You are pushing more GUIClips than you are popping. Make sure they are balanced. 
(Filename:  Line: 580)

GUI Error: You are pushing more GUIClips than you are popping. Make sure they are balanced. 
(Filename:  Line: 580)

GUI Error: You are pushing more GUIClips than you are popping. Make sure they are balanced. 
(Filename:  Line: 580)

GUI Error: You are pushing more GUIClips than you are popping. Make sure they are balanced. 
(Filename:  Line: 580)

GUI Error: You are pushing more GUIClips than you are popping. Make sure they are balanced. 
(Filename:  Line: 580)

GUI Error: You are pushing more GUIClips than you are popping. Make sure they are balanced. 
(Filename:  Line: 580)

GUI Error: You are pushing more GUIClips than you are popping. Make sure they are balanced. 
(Filename:  Line: 580)

GUI Error: You are pushing more GUIClips than you are popping. Make sure they are balanced. 
(Filename:  Line: 580)

GUI Error: You are pushing more GUIClips than you are popping. Make sure they are balanced. 
(Filename:  Line: 580)

GUI Error: You are pushing more GUIClips than you are popping. Make sure they are balanced. 
(Filename:  Line: 580)

GUI Error: You are pushing more GUIClips than you are popping. Make sure they are balanced. 
(Filename:  Line: 580)

GUI Error: You are pushing more GUIClips than you are popping. Make sure they are balanced. 
(Filename:  Line: 580)

Setting up 12 worker threads for Enlighten.
  Thread -> id: 19bc -> priority: 1 
  Thread -> id: 56fc -> priority: 1 
  Thread -> id: 43ec -> priority: 1 
  Thread -> id: 54bc -> priority: 1 
  Thread -> id: 1440 -> priority: 1 
  Thread -> id: 436c -> priority: 1 
  Thread -> id: 24ac -> priority: 1 
  Thread -> id: 5960 -> priority: 1 
  Thread -> id: 5610 -> priority: 1 
  Thread -> id: 511c -> priority: 1 
  Thread -> id: 17d8 -> priority: 1 
  Thread -> id: 2194 -> priority: 1 
